Building DAG of jobs...
Using shell: /bin/bash
Provided cores: 36
Rules claiming more threads will be scaled down.
Job counts:
	count	jobs
	2	STAR_align
	1	all
	2	count_reads
	2	fastqdump
	2	srafetch
	2	tx_sort
	2	zero_intolerance
	13

[Mon Nov 16 09:44:56 2020]
rule srafetch:
    input: results/Metadata/SRR8094770.json
    output: results/Rawdata/SRA/SRR8094770.sra
    log: info/logs/SRR8094770.srafetch.log
    jobid: 14
    benchmark: info/benchmark/SRR8094770.srafetch.bench
    wildcards: sample=SRR8094770

[Mon Nov 16 09:44:56 2020]
rule srafetch:
    input: results/Metadata/SRR12845350.json
    output: results/Rawdata/SRA/SRR12845350.sra
    log: info/logs/SRR12845350.srafetch.log
    jobid: 13
    benchmark: info/benchmark/SRR12845350.srafetch.bench
    wildcards: sample=SRR12845350

Activating conda environment: /home/kasper/Git_repositories/LiverDB/.snakemake/conda/f0208fbb
Activating conda environment: /home/kasper/Git_repositories/LiverDB/.snakemake/conda/f0208fbb
[Mon Nov 16 09:45:15 2020]
Finished job 13.
1 of 13 steps (8%) done

[Mon Nov 16 09:45:15 2020]
rule fastqdump:
    input: results/Metadata/SRR12845350.json, results/Rawdata/SRA/SRR12845350.sra
    output: results/Rawdata/Fastq/SRR12845350_1.fastq, results/Rawdata/Fastq/SRR12845350_2.fastq
    log: info/logs/SRR12845350.fastqdump.log
    jobid: 11
    benchmark: info/benchmark/SRR12845350.fastqdump.bench
    wildcards: sample=SRR12845350

[Mon Nov 16 09:45:16 2020]
Finished job 14.
2 of 13 steps (15%) done

[Mon Nov 16 09:45:16 2020]
rule fastqdump:
    input: results/Metadata/SRR8094770.json, results/Rawdata/SRA/SRR8094770.sra
    output: results/Rawdata/Fastq/SRR8094770_1.fastq, results/Rawdata/Fastq/SRR8094770_2.fastq
    log: info/logs/SRR8094770.fastqdump.log
    jobid: 12
    benchmark: info/benchmark/SRR8094770.fastqdump.bench
    wildcards: sample=SRR8094770

Activating conda environment: /home/kasper/Git_repositories/LiverDB/.snakemake/conda/f0208fbb
Activating conda environment: /home/kasper/Git_repositories/LiverDB/.snakemake/conda/f0208fbb
Removing temporary output file results/Rawdata/SRA/SRR12845350.sra.
[Mon Nov 16 09:45:35 2020]
Finished job 11.
3 of 13 steps (23%) done

[Mon Nov 16 09:45:35 2020]
rule STAR_align:
    input: results/Metadata/SRR12845350.json, results/Rawdata/Fastq/SRR12845350_1.fastq, results/Rawdata/Fastq/SRR12845350_2.fastq
    output: results/Rawdata/Aligned/SRR12845350_Aligned.sortedByCoord.out.bam, results/Rawdata/Aligned/SRR12845350_Aligned.toTranscriptome.out.bam, results/Rawdata/Aligned/SRR12845350_Chimeric.out.junction, results/Rawdata/Aligned/SRR12845350_Log.final.out, results/Rawdata/Aligned/SRR12845350_Log.out, results/Rawdata/Aligned/SRR12845350_Log.progress.out, results/Rawdata/Aligned/SRR12845350_SJ.out.tab
    log: info/logs/SRR12845350.star_align.log
    jobid: 6
    benchmark: info/benchmark/SRR12845350.star_align.bench
    wildcards: sample=SRR12845350
    threads: 4

Activating conda environment: /home/kasper/Git_repositories/LiverDB/.snakemake/conda/fd596e9f
Terminating processes on user request, this might take some time.
[Mon Nov 16 09:45:54 2020]
Error in rule fastqdump:
    jobid: 12
    output: results/Rawdata/Fastq/SRR8094770_1.fastq, results/Rawdata/Fastq/SRR8094770_2.fastq
    log: info/logs/SRR8094770.fastqdump.log (check log file(s) for error message)
    conda-env: /home/kasper/Git_repositories/LiverDB/.snakemake/conda/f0208fbb

RuleException:
CalledProcessError in line 144 of /home/kasper/Git_repositories/LiverDB/workflow/Snakefile.py:
Command 'source /home/kasper/miniconda3/bin/activate '/home/kasper/Git_repositories/LiverDB/.snakemake/conda/f0208fbb'; set -euo pipefail;  /home/kasper/miniconda3/bin/python3.7 /home/kasper/Git_repositories/LiverDB/.snakemake/scripts/tmp0mdq_082.fastq_dump.py' returned non-zero exit status 1.
  File "/home/kasper/Git_repositories/LiverDB/workflow/Snakefile.py", line 144, in __rule_fastqdump
  File "/home/kasper/miniconda3/lib/python3.7/concurrent/futures/thread.py", line 57, in run
Removing output files of failed job fastqdump since they might be corrupted:
results/Rawdata/Fastq/SRR8094770_1.fastq
[Mon Nov 16 09:45:55 2020]
Error in rule STAR_align:
    jobid: 6
    output: results/Rawdata/Aligned/SRR12845350_Aligned.sortedByCoord.out.bam, results/Rawdata/Aligned/SRR12845350_Aligned.toTranscriptome.out.bam, results/Rawdata/Aligned/SRR12845350_Chimeric.out.junction, results/Rawdata/Aligned/SRR12845350_Log.final.out, results/Rawdata/Aligned/SRR12845350_Log.out, results/Rawdata/Aligned/SRR12845350_Log.progress.out, results/Rawdata/Aligned/SRR12845350_SJ.out.tab
    log: info/logs/SRR12845350.star_align.log (check log file(s) for error message)
    conda-env: /home/kasper/Git_repositories/LiverDB/.snakemake/conda/fd596e9f

RuleException:
CalledProcessError in line 179 of /home/kasper/Git_repositories/LiverDB/workflow/Snakefile.py:
Command 'source /home/kasper/miniconda3/bin/activate '/home/kasper/Git_repositories/LiverDB/.snakemake/conda/fd596e9f'; set -euo pipefail;  /home/kasper/miniconda3/bin/python3.7 /home/kasper/Git_repositories/LiverDB/.snakemake/scripts/tmprvilj06y.star_align.py' returned non-zero exit status 1.
  File "/home/kasper/Git_repositories/LiverDB/workflow/Snakefile.py", line 179, in __rule_STAR_align
  File "/home/kasper/miniconda3/lib/python3.7/concurrent/futures/thread.py", line 57, in run
Removing output files of failed job STAR_align since they might be corrupted:
results/Rawdata/Aligned/SRR12845350_Aligned.sortedByCoord.out.bam, results/Rawdata/Aligned/SRR12845350_Aligned.toTranscriptome.out.bam, results/Rawdata/Aligned/SRR12845350_Chimeric.out.junction, results/Rawdata/Aligned/SRR12845350_Log.out, results/Rawdata/Aligned/SRR12845350_Log.progress.out
Complete log: /home/kasper/Git_repositories/LiverDB/workflow/.snakemake/log/2020-11-16T094456.365102.snakemake.log
