Building DAG of jobs...
Using shell: /bin/bash
Provided cores: 36
Rules claiming more threads will be scaled down.
Job counts:
	count	jobs
	2	STAR_align
	1	all
	2	count_reads
	2	fastqdump
	2	tx_sort
	9

[Fri Nov  6 13:12:02 2020]
rule fastqdump:
    input: results/Metadata/SRR12845350.json, results/Rawdata/SRA/SRR12845350.sra
    output: results/Rawdata/Fastq/SRR12845350_1.fastq, results/Rawdata/Fastq/SRR12845350_2.fastq
    log: info/logs/SRR12845350.fastqdump.log
    jobid: 9
    benchmark: info/benchmark/SRR12845350.fastqdump.bench
    wildcards: sample=SRR12845350

[Fri Nov  6 13:12:02 2020]
rule fastqdump:
    input: results/Metadata/SRR8094770.json, results/Rawdata/SRA/SRR8094770.sra
    output: results/Rawdata/Fastq/SRR8094770_1.fastq, results/Rawdata/Fastq/SRR8094770_2.fastq
    log: info/logs/SRR8094770.fastqdump.log
    jobid: 10
    benchmark: info/benchmark/SRR8094770.fastqdump.bench
    wildcards: sample=SRR8094770

Activating conda environment: /home/kasper/Git_repositories/LiverDB/.snakemake/conda/f0208fbb
Activating conda environment: /home/kasper/Git_repositories/LiverDB/.snakemake/conda/f0208fbb
Removing temporary output file results/Rawdata/SRA/SRR12845350.sra.
[Fri Nov  6 13:12:22 2020]
Finished job 9.
1 of 9 steps (11%) done

[Fri Nov  6 13:12:22 2020]
rule STAR_align:
    input: results/Metadata/SRR12845350.json, results/Rawdata/Fastq/SRR12845350_1.fastq, results/Rawdata/Fastq/SRR12845350_2.fastq
    output: results/Aligned/STAR/SRR12845350_Aligned.sortedByCoord.out.bam, results/Aligned/STAR/SRR12845350_Aligned.toTranscriptome.out.bam, results/Aligned/STAR/SRR12845350_Chimeric.out.junction, results/Aligned/STAR/SRR12845350_Log.final.out, results/Aligned/STAR/SRR12845350_Log.out, results/Aligned/STAR/SRR12845350_Log.progress.out, results/Aligned/STAR/SRR12845350_SJ.out.tab
    log: info/logs/SRR12845350.star_align.log
    jobid: 4
    benchmark: info/benchmark/SRR12845350.star_align.bench
    wildcards: sample=SRR12845350
    threads: 5

Activating conda environment: /home/kasper/Git_repositories/LiverDB/.snakemake/conda/fd596e9f
[Fri Nov  6 13:12:24 2020]
Error in rule STAR_align:
    jobid: 4
    output: results/Aligned/STAR/SRR12845350_Aligned.sortedByCoord.out.bam, results/Aligned/STAR/SRR12845350_Aligned.toTranscriptome.out.bam, results/Aligned/STAR/SRR12845350_Chimeric.out.junction, results/Aligned/STAR/SRR12845350_Log.final.out, results/Aligned/STAR/SRR12845350_Log.out, results/Aligned/STAR/SRR12845350_Log.progress.out, results/Aligned/STAR/SRR12845350_SJ.out.tab
    log: info/logs/SRR12845350.star_align.log (check log file(s) for error message)
    conda-env: /home/kasper/Git_repositories/LiverDB/.snakemake/conda/fd596e9f

RuleException:
CalledProcessError in line 170 of /home/kasper/Git_repositories/LiverDB/workflow/Snakefile.py:
Command 'source /home/kasper/miniconda3/bin/activate '/home/kasper/Git_repositories/LiverDB/.snakemake/conda/fd596e9f'; set -euo pipefail;  /home/kasper/miniconda3/bin/python3.7 /home/kasper/Git_repositories/LiverDB/.snakemake/scripts/tmpoe3zyo27.star_align.py' returned non-zero exit status 1.
  File "/home/kasper/Git_repositories/LiverDB/workflow/Snakefile.py", line 170, in __rule_STAR_align
  File "/home/kasper/miniconda3/lib/python3.7/concurrent/futures/thread.py", line 57, in run
Removing temporary output file results/Rawdata/SRA/SRR8094770.sra.
[Fri Nov  6 13:12:54 2020]
Finished job 10.
2 of 9 steps (22%) done
Shutting down, this might take some time.
Exiting because a job execution failed. Look above for error message
Complete log: /home/kasper/Git_repositories/LiverDB/workflow/.snakemake/log/2020-11-06T131201.933325.snakemake.log
