Building DAG of jobs...
Using shell: /bin/bash
Provided cores: 36
Rules claiming more threads will be scaled down.
Job counts:
	count	jobs
	1	all
	1	tx_sort
	2

[Fri Nov  6 10:45:58 2020]
rule tx_sort:
    input: results/Metadata/SRR8094770.json, results/STAR/SRR8094770_Aligned.toTranscriptome.out.bam
    output: results/STAR/SRR8094770_Aligned.toTranscriptome.sortedByCoord.out.bam
    log: info/logs/SRR8094770.star_align.log
    jobid: 4
    benchmark: info/benchmark/SRR8094770.star_align.bench
    wildcards: sample=SRR8094770

Activating conda environment: /home/kasper/Git_repositories/LiverDB/.snakemake/conda/4267c048
[Fri Nov  6 10:46:02 2020]
Error in rule tx_sort:
    jobid: 4
    output: results/STAR/SRR8094770_Aligned.toTranscriptome.sortedByCoord.out.bam
    log: info/logs/SRR8094770.star_align.log (check log file(s) for error message)
    conda-env: /home/kasper/Git_repositories/LiverDB/.snakemake/conda/4267c048

RuleException:
CalledProcessError in line 188 of /home/kasper/Git_repositories/LiverDB/workflow/Snakefile.py:
Command 'source /home/kasper/miniconda3/bin/activate '/home/kasper/Git_repositories/LiverDB/.snakemake/conda/4267c048'; set -euo pipefail;  /home/kasper/miniconda3/bin/python3.7 /home/kasper/Git_repositories/LiverDB/.snakemake/scripts/tmpqq7nl9ik.tx_sort.py' returned non-zero exit status 1.
  File "/home/kasper/Git_repositories/LiverDB/workflow/Snakefile.py", line 188, in __rule_tx_sort
  File "/home/kasper/miniconda3/lib/python3.7/concurrent/futures/thread.py", line 57, in run
Shutting down, this might take some time.
Exiting because a job execution failed. Look above for error message
Complete log: /home/kasper/Git_repositories/LiverDB/workflow/.snakemake/log/2020-11-06T104558.078396.snakemake.log
