Building DAG of jobs...
Using shell: /bin/bash
Provided cores: 10
Rules claiming more threads will be scaled down.
Job counts:
	count	jobs
	1	all
	2	metadata
	2	srafetch
	5

[Thu Nov  5 12:05:42 2020]
rule metadata:
    output: results/Metadata/SRR8094770.json
    log: info/logs/SRR8094770.metadata.log
    jobid: 4
    benchmark: info/benchmark/SRR8094770.metadata.bench
    wildcards: sample=SRR8094770
    threads: 4

[Thu Nov  5 12:05:42 2020]
rule metadata:
    output: results/Metadata/SRR12845350.json
    log: info/logs/SRR12845350.metadata.log
    jobid: 3
    benchmark: info/benchmark/SRR12845350.metadata.bench
    wildcards: sample=SRR12845350
    threads: 4

[Thu Nov  5 12:05:45 2020]
Finished job 4.
1 of 5 steps (20%) done

[Thu Nov  5 12:05:45 2020]
rule srafetch:
    input: results/Metadata/SRR8094770.json
    output: results/SRA/SRR8094770.sra
    log: info/logs/SRR8094770.srafetch.log
    jobid: 2
    benchmark: info/benchmark/SRR8094770.srafetch.bench
    wildcards: sample=SRR8094770
    threads: 4

[Thu Nov  5 12:05:46 2020]
Finished job 3.
2 of 5 steps (40%) done

[Thu Nov  5 12:05:46 2020]
rule srafetch:
    input: results/Metadata/SRR12845350.json
    output: results/SRA/SRR12845350.sra
    log: info/logs/SRR12845350.srafetch.log
    jobid: 1
    benchmark: info/benchmark/SRR12845350.srafetch.bench
    wildcards: sample=SRR12845350
    threads: 4

[Thu Nov  5 12:06:02 2020]
Finished job 1.
3 of 5 steps (60%) done
[Thu Nov  5 12:06:02 2020]
Finished job 2.
4 of 5 steps (80%) done

[Thu Nov  5 12:06:02 2020]
localrule all:
    input: results/SRA/SRR12845350.sra, results/SRA/SRR8094770.sra
    jobid: 0

[Thu Nov  5 12:06:02 2020]
Finished job 0.
5 of 5 steps (100%) done
Complete log: /home/kasper/Git_repositories/LiverDB/workflow/.snakemake/log/2020-11-05T120542.011357.snakemake.log
