Building DAG of jobs...
Using shell: /bin/bash
Provided cores: 10
Rules claiming more threads will be scaled down.
Job counts:
	count	jobs
	1	all
	2	metadata
	3

[Thu Nov  5 10:12:12 2020]
rule metadata:
    output: results/Metadata/SRR12845350.json
    log: info/logs/SRR12845350.metadata.log
    jobid: 1
    benchmark: info/benchmark/SRR12845350.metadata.log
    wildcards: sample=SRR12845350
    threads: 4

[Thu Nov  5 10:12:12 2020]
rule metadata:
    output: results/Metadata/SRR8094770.json
    log: info/logs/SRR8094770.metadata.log
    jobid: 2
    benchmark: info/benchmark/SRR8094770.metadata.log
    wildcards: sample=SRR8094770
    threads: 4

[Thu Nov  5 10:12:16 2020]
Finished job 1.
1 of 3 steps (33%) done
[Thu Nov  5 10:12:17 2020]
Finished job 2.
2 of 3 steps (67%) done

[Thu Nov  5 10:12:17 2020]
localrule all:
    input: results/Metadata/SRR12845350.json, results/Metadata/SRR8094770.json
    jobid: 0

[Thu Nov  5 10:12:17 2020]
Finished job 0.
3 of 3 steps (100%) done
Complete log: /home/kasper/Git_repositories/LiverDB/workflow/.snakemake/log/2020-11-05T101212.849609.snakemake.log
