Building DAG of jobs...
Using shell: /bin/bash
Provided cores: 36
Rules claiming more threads will be scaled down.
Job counts:
	count	jobs
	1	all
	1	decrease_zero_inflation
	2

[Thu Nov 12 13:44:21 2020]
rule decrease_zero_inflation:
    input: results/Metadata/SRR12845350.json, results/Metadata/SRR8094770.json, results/Rawdata/HTSeq_count/SRR12845350_genes.tsv, results/Rawdata/HTSeq_count/SRR8094770_genes.tsv, results/Rawdata/HTSeq_count/SRR12845350_transcripts.tsv, results/Rawdata/HTSeq_count/SRR8094770_transcripts.tsv
    output: results/Counts/9606_genes.tsv, results/Counts/9606_transcripts.tsv
    jobid: 1
    threads: 9

Activating conda environment: /home/kasper/Git_repositories/LiverDB/.snakemake/conda/db72b297
[Thu Nov 12 13:44:27 2020]
Error in rule decrease_zero_inflation:
    jobid: 1
    output: results/Counts/9606_genes.tsv, results/Counts/9606_transcripts.tsv
    conda-env: /home/kasper/Git_repositories/LiverDB/.snakemake/conda/db72b297

RuleException:
CalledProcessError in line 253 of /home/kasper/Git_repositories/LiverDB/workflow/Snakefile.py:
Command 'source /home/kasper/miniconda3/bin/activate '/home/kasper/Git_repositories/LiverDB/.snakemake/conda/db72b297'; set -euo pipefail;  Rscript --vanilla /home/kasper/Git_repositories/LiverDB/.snakemake/scripts/tmpdfa570wm.import_counts.R' returned non-zero exit status 1.
  File "/home/kasper/Git_repositories/LiverDB/workflow/Snakefile.py", line 253, in __rule_decrease_zero_inflation
  File "/home/kasper/miniconda3/lib/python3.7/concurrent/futures/thread.py", line 57, in run
Shutting down, this might take some time.
Exiting because a job execution failed. Look above for error message
Complete log: /home/kasper/Git_repositories/LiverDB/workflow/.snakemake/log/2020-11-12T134421.694619.snakemake.log
