Building DAG of jobs...
Using shell: /bin/bash
Provided cores: 36
Rules claiming more threads will be scaled down.
Job counts:
	count	jobs
	8	STAR_align
	1	all
	8	count_reads
	8	fastqdump
	5	metadata
	6	srafetch
	8	tx_sort
	8	zero_intolerance
	52

[Mon Nov 16 14:33:22 2020]
rule metadata:
    output: /disk3/Data/RNAseq/dev20.004_LiverDB/results/Metadata/SRR5750514.json
    log: /disk3/Data/RNAseq/dev20.004_LiverDB/info/logs/SRR5750514.metadata.log
    jobid: 17
    benchmark: /disk3/Data/RNAseq/dev20.004_LiverDB/info/benchmark/SRR5750514.metadata.bench
    wildcards: sample=SRR5750514

[Mon Nov 16 14:33:22 2020]
rule fastqdump:
    input: /disk3/Data/RNAseq/dev20.004_LiverDB/results/Metadata/SRR1045525.json, /disk3/Data/RNAseq/dev20.004_LiverDB/results/Rawdata/SRA/SRR1045525.sra
    output: /disk3/Data/RNAseq/dev20.004_LiverDB/results/Rawdata/Fastq/SRR1045525_1.fastq, /disk3/Data/RNAseq/dev20.004_LiverDB/results/Rawdata/Fastq/SRR1045525_2.fastq
    log: /disk3/Data/RNAseq/dev20.004_LiverDB/info/logs/SRR1045525.fastqdump.log
    jobid: 46
    benchmark: /disk3/Data/RNAseq/dev20.004_LiverDB/info/benchmark/SRR1045525.fastqdump.bench
    wildcards: sample=SRR1045525

[Mon Nov 16 14:33:22 2020]
rule metadata:
    output: /disk3/Data/RNAseq/dev20.004_LiverDB/results/Metadata/SRR1045526.json
    log: /disk3/Data/RNAseq/dev20.004_LiverDB/info/logs/SRR1045526.metadata.log
    jobid: 35
    benchmark: /disk3/Data/RNAseq/dev20.004_LiverDB/info/benchmark/SRR1045526.metadata.bench
    wildcards: sample=SRR1045526

[Mon Nov 16 14:33:22 2020]
rule fastqdump:
    input: /disk3/Data/RNAseq/dev20.004_LiverDB/results/Metadata/SRR1045524.json, /disk3/Data/RNAseq/dev20.004_LiverDB/results/Rawdata/SRA/SRR1045524.sra
    output: /disk3/Data/RNAseq/dev20.004_LiverDB/results/Rawdata/Fastq/SRR1045524_1.fastq, /disk3/Data/RNAseq/dev20.004_LiverDB/results/Rawdata/Fastq/SRR1045524_2.fastq
    log: /disk3/Data/RNAseq/dev20.004_LiverDB/info/logs/SRR1045524.fastqdump.log
    jobid: 45
    benchmark: /disk3/Data/RNAseq/dev20.004_LiverDB/info/benchmark/SRR1045524.fastqdump.bench
    wildcards: sample=SRR1045524

[Mon Nov 16 14:33:22 2020]
rule metadata:
    output: /disk3/Data/RNAseq/dev20.004_LiverDB/results/Metadata/SRR5750521.json
    log: /disk3/Data/RNAseq/dev20.004_LiverDB/info/logs/SRR5750521.metadata.log
    jobid: 20
    benchmark: /disk3/Data/RNAseq/dev20.004_LiverDB/info/benchmark/SRR5750521.metadata.bench
    wildcards: sample=SRR5750521

[Mon Nov 16 14:33:22 2020]
rule metadata:
    output: /disk3/Data/RNAseq/dev20.004_LiverDB/results/Metadata/SRR1045527.json
    log: /disk3/Data/RNAseq/dev20.004_LiverDB/info/logs/SRR1045527.metadata.log
    jobid: 38
    benchmark: /disk3/Data/RNAseq/dev20.004_LiverDB/info/benchmark/SRR1045527.metadata.bench
    wildcards: sample=SRR1045527

[Mon Nov 16 14:33:22 2020]
rule srafetch:
    input: /disk3/Data/RNAseq/dev20.004_LiverDB/results/Metadata/SRR1045523.json
    output: /disk3/Data/RNAseq/dev20.004_LiverDB/results/Rawdata/SRA/SRR1045523.sra
    log: /disk3/Data/RNAseq/dev20.004_LiverDB/info/logs/SRR1045523.srafetch.log
    jobid: 52
    benchmark: /disk3/Data/RNAseq/dev20.004_LiverDB/info/benchmark/SRR1045523.srafetch.bench
    wildcards: sample=SRR1045523

[Mon Nov 16 14:33:22 2020]
rule metadata:
    output: /disk3/Data/RNAseq/dev20.004_LiverDB/results/Metadata/SRR1045522.json
    log: /disk3/Data/RNAseq/dev20.004_LiverDB/info/logs/SRR1045522.metadata.log
    jobid: 23
    benchmark: /disk3/Data/RNAseq/dev20.004_LiverDB/info/benchmark/SRR1045522.metadata.bench
    wildcards: sample=SRR1045522

Activating conda environment: /home/kasper/Git_repositories/LiverDB/.snakemake/conda/f0208fbb
Activating conda environment: /home/kasper/Git_repositories/LiverDB/.snakemake/conda/f0208fbb
Activating conda environment: /home/kasper/Git_repositories/LiverDB/.snakemake/conda/f0208fbb
[Mon Nov 16 14:33:26 2020]
Finished job 35.
1 of 52 steps (2%) done

[Mon Nov 16 14:33:26 2020]
rule srafetch:
    input: /disk3/Data/RNAseq/dev20.004_LiverDB/results/Metadata/SRR1045526.json
    output: /disk3/Data/RNAseq/dev20.004_LiverDB/results/Rawdata/SRA/SRR1045526.sra
    log: /disk3/Data/RNAseq/dev20.004_LiverDB/info/logs/SRR1045526.srafetch.log
    jobid: 55
    benchmark: /disk3/Data/RNAseq/dev20.004_LiverDB/info/benchmark/SRR1045526.srafetch.bench
    wildcards: sample=SRR1045526

[Mon Nov 16 14:33:26 2020]
Finished job 23.
2 of 52 steps (4%) done

[Mon Nov 16 14:33:26 2020]
rule srafetch:
    input: /disk3/Data/RNAseq/dev20.004_LiverDB/results/Metadata/SRR1045522.json
    output: /disk3/Data/RNAseq/dev20.004_LiverDB/results/Rawdata/SRA/SRR1045522.sra
    log: /disk3/Data/RNAseq/dev20.004_LiverDB/info/logs/SRR1045522.srafetch.log
    jobid: 51
    benchmark: /disk3/Data/RNAseq/dev20.004_LiverDB/info/benchmark/SRR1045522.srafetch.bench
    wildcards: sample=SRR1045522

Activating conda environment: /home/kasper/Git_repositories/LiverDB/.snakemake/conda/f0208fbb
Activating conda environment: /home/kasper/Git_repositories/LiverDB/.snakemake/conda/f0208fbb
[Mon Nov 16 14:33:28 2020]
Finished job 20.
3 of 52 steps (6%) done

[Mon Nov 16 14:33:28 2020]
rule srafetch:
    input: /disk3/Data/RNAseq/dev20.004_LiverDB/results/Metadata/SRR5750521.json
    output: /disk3/Data/RNAseq/dev20.004_LiverDB/results/Rawdata/SRA/SRR5750521.sra
    log: /disk3/Data/RNAseq/dev20.004_LiverDB/info/logs/SRR5750521.srafetch.log
    jobid: 50
    benchmark: /disk3/Data/RNAseq/dev20.004_LiverDB/info/benchmark/SRR5750521.srafetch.bench
    wildcards: sample=SRR5750521

[Mon Nov 16 14:33:29 2020]
Finished job 17.
4 of 52 steps (8%) done

[Mon Nov 16 14:33:29 2020]
rule srafetch:
    input: /disk3/Data/RNAseq/dev20.004_LiverDB/results/Metadata/SRR5750514.json
    output: /disk3/Data/RNAseq/dev20.004_LiverDB/results/Rawdata/SRA/SRR5750514.sra
    log: /disk3/Data/RNAseq/dev20.004_LiverDB/info/logs/SRR5750514.srafetch.log
    jobid: 49
    benchmark: /disk3/Data/RNAseq/dev20.004_LiverDB/info/benchmark/SRR5750514.srafetch.bench
    wildcards: sample=SRR5750514

[Mon Nov 16 14:33:29 2020]
Finished job 38.
5 of 52 steps (10%) done

[Mon Nov 16 14:33:29 2020]
rule srafetch:
    input: /disk3/Data/RNAseq/dev20.004_LiverDB/results/Metadata/SRR1045527.json
    output: /disk3/Data/RNAseq/dev20.004_LiverDB/results/Rawdata/SRA/SRR1045527.sra
    log: /disk3/Data/RNAseq/dev20.004_LiverDB/info/logs/SRR1045527.srafetch.log
    jobid: 56
    benchmark: /disk3/Data/RNAseq/dev20.004_LiverDB/info/benchmark/SRR1045527.srafetch.bench
    wildcards: sample=SRR1045527

Activating conda environment: /home/kasper/Git_repositories/LiverDB/.snakemake/conda/f0208fbb
Activating conda environment: /home/kasper/Git_repositories/LiverDB/.snakemake/conda/f0208fbb
Activating conda environment: /home/kasper/Git_repositories/LiverDB/.snakemake/conda/f0208fbb
[Mon Nov 16 14:34:15 2020]
Finished job 51.
6 of 52 steps (12%) done

[Mon Nov 16 14:34:15 2020]
rule fastqdump:
    input: /disk3/Data/RNAseq/dev20.004_LiverDB/results/Metadata/SRR1045522.json, /disk3/Data/RNAseq/dev20.004_LiverDB/results/Rawdata/SRA/SRR1045522.sra
    output: /disk3/Data/RNAseq/dev20.004_LiverDB/results/Rawdata/Fastq/SRR1045522_1.fastq, /disk3/Data/RNAseq/dev20.004_LiverDB/results/Rawdata/Fastq/SRR1045522_2.fastq
    log: /disk3/Data/RNAseq/dev20.004_LiverDB/info/logs/SRR1045522.fastqdump.log
    jobid: 43
    benchmark: /disk3/Data/RNAseq/dev20.004_LiverDB/info/benchmark/SRR1045522.fastqdump.bench
    wildcards: sample=SRR1045522

[Mon Nov 16 14:34:16 2020]
Finished job 55.
7 of 52 steps (13%) done

[Mon Nov 16 14:34:16 2020]
rule fastqdump:
    input: /disk3/Data/RNAseq/dev20.004_LiverDB/results/Metadata/SRR1045526.json, /disk3/Data/RNAseq/dev20.004_LiverDB/results/Rawdata/SRA/SRR1045526.sra
    output: /disk3/Data/RNAseq/dev20.004_LiverDB/results/Rawdata/Fastq/SRR1045526_1.fastq, /disk3/Data/RNAseq/dev20.004_LiverDB/results/Rawdata/Fastq/SRR1045526_2.fastq
    log: /disk3/Data/RNAseq/dev20.004_LiverDB/info/logs/SRR1045526.fastqdump.log
    jobid: 47
    benchmark: /disk3/Data/RNAseq/dev20.004_LiverDB/info/benchmark/SRR1045526.fastqdump.bench
    wildcards: sample=SRR1045526

Activating conda environment: /home/kasper/Git_repositories/LiverDB/.snakemake/conda/f0208fbb
Activating conda environment: /home/kasper/Git_repositories/LiverDB/.snakemake/conda/f0208fbb
Removing temporary output file /disk3/Data/RNAseq/dev20.004_LiverDB/results/Rawdata/SRA/SRR1045524.sra.
[Mon Nov 16 14:34:31 2020]
Finished job 45.
8 of 52 steps (15%) done
Removing temporary output file /disk3/Data/RNAseq/dev20.004_LiverDB/results/Rawdata/SRA/SRR1045525.sra.
[Mon Nov 16 14:34:35 2020]
Finished job 46.
9 of 52 steps (17%) done
[Mon Nov 16 14:34:50 2020]
Finished job 56.
10 of 52 steps (19%) done

[Mon Nov 16 14:34:50 2020]
rule fastqdump:
    input: /disk3/Data/RNAseq/dev20.004_LiverDB/results/Metadata/SRR1045527.json, /disk3/Data/RNAseq/dev20.004_LiverDB/results/Rawdata/SRA/SRR1045527.sra
    output: /disk3/Data/RNAseq/dev20.004_LiverDB/results/Rawdata/Fastq/SRR1045527_1.fastq, /disk3/Data/RNAseq/dev20.004_LiverDB/results/Rawdata/Fastq/SRR1045527_2.fastq
    log: /disk3/Data/RNAseq/dev20.004_LiverDB/info/logs/SRR1045527.fastqdump.log
    jobid: 48
    benchmark: /disk3/Data/RNAseq/dev20.004_LiverDB/info/benchmark/SRR1045527.fastqdump.bench
    wildcards: sample=SRR1045527

Terminating processes on user request, this might take some time.
[Mon Nov 16 14:34:51 2020]
Error in rule fastqdump:
    jobid: 43
    output: /disk3/Data/RNAseq/dev20.004_LiverDB/results/Rawdata/Fastq/SRR1045522_1.fastq, /disk3/Data/RNAseq/dev20.004_LiverDB/results/Rawdata/Fastq/SRR1045522_2.fastq
    log: /disk3/Data/RNAseq/dev20.004_LiverDB/info/logs/SRR1045522.fastqdump.log (check log file(s) for error message)
    conda-env: /home/kasper/Git_repositories/LiverDB/.snakemake/conda/f0208fbb

RuleException:
CalledProcessError in line 146 of /home/kasper/Git_repositories/LiverDB/workflow/Snakefile.py:
Command 'source /home/kasper/miniconda3/bin/activate '/home/kasper/Git_repositories/LiverDB/.snakemake/conda/f0208fbb'; set -euo pipefail;  /home/kasper/miniconda3/bin/python3.7 /home/kasper/Git_repositories/LiverDB/.snakemake/scripts/tmpwd4i_8ja.fastq_dump.py' returned non-zero exit status 1.
  File "/home/kasper/Git_repositories/LiverDB/workflow/Snakefile.py", line 146, in __rule_fastqdump
  File "/home/kasper/miniconda3/lib/python3.7/concurrent/futures/thread.py", line 57, in run
Removing output files of failed job fastqdump since they might be corrupted:
/disk3/Data/RNAseq/dev20.004_LiverDB/results/Rawdata/Fastq/SRR1045522_1.fastq, /disk3/Data/RNAseq/dev20.004_LiverDB/results/Rawdata/Fastq/SRR1045522_2.fastq
[Mon Nov 16 14:34:51 2020]
Error in rule srafetch:
    jobid: 50
    output: /disk3/Data/RNAseq/dev20.004_LiverDB/results/Rawdata/SRA/SRR5750521.sra
    log: /disk3/Data/RNAseq/dev20.004_LiverDB/info/logs/SRR5750521.srafetch.log (check log file(s) for error message)
    conda-env: /home/kasper/Git_repositories/LiverDB/.snakemake/conda/f0208fbb

RuleException:
CalledProcessError in line 112 of /home/kasper/Git_repositories/LiverDB/workflow/Snakefile.py:
Command 'source /home/kasper/miniconda3/bin/activate '/home/kasper/Git_repositories/LiverDB/.snakemake/conda/f0208fbb'; set -euo pipefail;  /home/kasper/miniconda3/bin/python3.7 /home/kasper/Git_repositories/LiverDB/.snakemake/scripts/tmpfpilycwe.sraprefetch.py' returned non-zero exit status 1.
  File "/home/kasper/Git_repositories/LiverDB/workflow/Snakefile.py", line 112, in __rule_srafetch
  File "/home/kasper/miniconda3/lib/python3.7/concurrent/futures/thread.py", line 57, in run
[Mon Nov 16 14:34:51 2020]
[Mon Nov 16 14:34:51 2020]
Error in rule fastqdump:
Error in rule srafetch:
    jobid: 47
    jobid: 49
    output: /disk3/Data/RNAseq/dev20.004_LiverDB/results/Rawdata/Fastq/SRR1045526_1.fastq, /disk3/Data/RNAseq/dev20.004_LiverDB/results/Rawdata/Fastq/SRR1045526_2.fastq
    output: /disk3/Data/RNAseq/dev20.004_LiverDB/results/Rawdata/SRA/SRR5750514.sra
    log: /disk3/Data/RNAseq/dev20.004_LiverDB/info/logs/SRR1045526.fastqdump.log (check log file(s) for error message)
    log: /disk3/Data/RNAseq/dev20.004_LiverDB/info/logs/SRR5750514.srafetch.log (check log file(s) for error message)
    conda-env: /home/kasper/Git_repositories/LiverDB/.snakemake/conda/f0208fbb
    conda-env: /home/kasper/Git_repositories/LiverDB/.snakemake/conda/f0208fbb


RuleException:
CalledProcessError in line 146 of /home/kasper/Git_repositories/LiverDB/workflow/Snakefile.py:
Command 'source /home/kasper/miniconda3/bin/activate '/home/kasper/Git_repositories/LiverDB/.snakemake/conda/f0208fbb'; set -euo pipefail;  /home/kasper/miniconda3/bin/python3.7 /home/kasper/Git_repositories/LiverDB/.snakemake/scripts/tmp7ln189vk.fastq_dump.py' returned non-zero exit status 1.
  File "/home/kasper/Git_repositories/LiverDB/workflow/Snakefile.py", line 146, in __rule_fastqdump
  File "/home/kasper/miniconda3/lib/python3.7/concurrent/futures/thread.py", line 57, in run
RuleException:
CalledProcessError in line 112 of /home/kasper/Git_repositories/LiverDB/workflow/Snakefile.py:
Command 'source /home/kasper/miniconda3/bin/activate '/home/kasper/Git_repositories/LiverDB/.snakemake/conda/f0208fbb'; set -euo pipefail;  /home/kasper/miniconda3/bin/python3.7 /home/kasper/Git_repositories/LiverDB/.snakemake/scripts/tmpig1v_e48.sraprefetch.py' returned non-zero exit status 1.
  File "/home/kasper/Git_repositories/LiverDB/workflow/Snakefile.py", line 112, in __rule_srafetch
  File "/home/kasper/miniconda3/lib/python3.7/concurrent/futures/thread.py", line 57, in run
[Mon Nov 16 14:34:51 2020]
Error in rule fastqdump:
    jobid: 48
    output: /disk3/Data/RNAseq/dev20.004_LiverDB/results/Rawdata/Fastq/SRR1045527_1.fastq, /disk3/Data/RNAseq/dev20.004_LiverDB/results/Rawdata/Fastq/SRR1045527_2.fastq
    log: /disk3/Data/RNAseq/dev20.004_LiverDB/info/logs/SRR1045527.fastqdump.log (check log file(s) for error message)
    conda-env: /home/kasper/Git_repositories/LiverDB/.snakemake/conda/f0208fbb

RuleException:
CalledProcessError in line 146 of /home/kasper/Git_repositories/LiverDB/workflow/Snakefile.py:
Command 'conda info --json' returned non-zero exit status 1.
  File "/home/kasper/Git_repositories/LiverDB/workflow/Snakefile.py", line 146, in __rule_fastqdump
  File "/home/kasper/miniconda3/lib/python3.7/site-packages/snakemake/deployment/conda.py", line 377, in __init__
  File "/home/kasper/miniconda3/lib/python3.7/subprocess.py", line 411, in check_output
  File "/home/kasper/miniconda3/lib/python3.7/subprocess.py", line 512, in run
  File "/home/kasper/miniconda3/lib/python3.7/concurrent/futures/thread.py", line 57, in run
[Mon Nov 16 14:34:51 2020]
Error in rule srafetch:
    jobid: 52
    output: /disk3/Data/RNAseq/dev20.004_LiverDB/results/Rawdata/SRA/SRR1045523.sra
    log: /disk3/Data/RNAseq/dev20.004_LiverDB/info/logs/SRR1045523.srafetch.log (check log file(s) for error message)
    conda-env: /home/kasper/Git_repositories/LiverDB/.snakemake/conda/f0208fbb

RuleException:
CalledProcessError in line 112 of /home/kasper/Git_repositories/LiverDB/workflow/Snakefile.py:
Command 'source /home/kasper/miniconda3/bin/activate '/home/kasper/Git_repositories/LiverDB/.snakemake/conda/f0208fbb'; set -euo pipefail;  /home/kasper/miniconda3/bin/python3.7 /home/kasper/Git_repositories/LiverDB/.snakemake/scripts/tmpr_a8mz8d.sraprefetch.py' returned non-zero exit status 1.
  File "/home/kasper/Git_repositories/LiverDB/workflow/Snakefile.py", line 112, in __rule_srafetch
  File "/home/kasper/miniconda3/lib/python3.7/concurrent/futures/thread.py", line 57, in run
Removing output files of failed job fastqdump since they might be corrupted:
/disk3/Data/RNAseq/dev20.004_LiverDB/results/Rawdata/Fastq/SRR1045526_1.fastq, /disk3/Data/RNAseq/dev20.004_LiverDB/results/Rawdata/Fastq/SRR1045526_2.fastq
Complete log: /home/kasper/Git_repositories/LiverDB/workflow/.snakemake/log/2020-11-16T143322.559330.snakemake.log
