Building DAG of jobs...
Using shell: /bin/bash
Provided cores: 36
Rules claiming more threads will be scaled down.
Job counts:
	count	jobs
	1	STAR_align
	1	all
	1	count_reads
	1	fastqdump
	1	metadata
	1	srafetch
	1	tx_sort
	2	zero_intolerance
	9

[Mon Nov 16 10:08:29 2020]
rule zero_intolerance:
    input: results/Rawdata/Counts/9606/SRR8094770_genes.tsv, results/Rawdata/Counts/9606/SRR8094770_transcripts.tsv
    output: results/Filetered_counts/9606/Samples/SRR8094770_gene_count.tsv, results/Filetered_counts/9606/Samples/SRR8094770_transcript_count.tsv
    jobid: 2
    wildcards: species=9606, sample=SRR8094770
    threads: 4

Activating conda environment: /home/kasper/Git_repositories/LiverDB/.snakemake/conda/db72b297
[Mon Nov 16 10:08:37 2020]
Finished job 2.
1 of 9 steps (11%) done

[Mon Nov 16 10:08:37 2020]
rule metadata:
    output: results/Metadata/SRR12845350.json
    log: info/logs/SRR12845350.metadata.log
    jobid: 5
    benchmark: info/benchmark/SRR12845350.metadata.bench
    wildcards: sample=SRR12845350
    threads: 36

[Mon Nov 16 10:08:41 2020]
Finished job 5.
2 of 9 steps (22%) done

[Mon Nov 16 10:08:41 2020]
rule srafetch:
    input: results/Metadata/SRR12845350.json
    output: results/Rawdata/SRA/SRR12845350.sra
    log: info/logs/SRR12845350.srafetch.log
    jobid: 13
    benchmark: info/benchmark/SRR12845350.srafetch.bench
    wildcards: sample=SRR12845350

Activating conda environment: /home/kasper/Git_repositories/LiverDB/.snakemake/conda/f0208fbb
[Mon Nov 16 10:09:02 2020]
Finished job 13.
3 of 9 steps (33%) done

[Mon Nov 16 10:09:02 2020]
rule fastqdump:
    input: results/Metadata/SRR12845350.json, results/Rawdata/SRA/SRR12845350.sra
    output: results/Rawdata/Fastq/SRR12845350_1.fastq, results/Rawdata/Fastq/SRR12845350_2.fastq
    log: info/logs/SRR12845350.fastqdump.log
    jobid: 11
    benchmark: info/benchmark/SRR12845350.fastqdump.bench
    wildcards: sample=SRR12845350

Activating conda environment: /home/kasper/Git_repositories/LiverDB/.snakemake/conda/f0208fbb
Removing temporary output file results/Rawdata/SRA/SRR12845350.sra.
[Mon Nov 16 10:09:21 2020]
Finished job 11.
4 of 9 steps (44%) done

[Mon Nov 16 10:09:21 2020]
rule STAR_align:
    input: results/Metadata/SRR12845350.json, results/Rawdata/Fastq/SRR12845350_1.fastq, results/Rawdata/Fastq/SRR12845350_2.fastq
    output: results/Rawdata/Aligned/SRR12845350_Aligned.sortedByCoord.out.bam, results/Rawdata/Aligned/SRR12845350_Aligned.toTranscriptome.out.bam, results/Rawdata/Aligned/SRR12845350_Chimeric.out.junction, results/Rawdata/Aligned/SRR12845350_Log.final.out, results/Rawdata/Aligned/SRR12845350_Log.out, results/Rawdata/Aligned/SRR12845350_Log.progress.out, results/Rawdata/Aligned/SRR12845350_SJ.out.tab
    log: info/logs/SRR12845350.star_align.log
    jobid: 6
    benchmark: info/benchmark/SRR12845350.star_align.bench
    wildcards: sample=SRR12845350
    threads: 4

Activating conda environment: /home/kasper/Git_repositories/LiverDB/.snakemake/conda/fd596e9f
Removing temporary output file results/Rawdata/Fastq/SRR12845350_2.fastq.
Removing temporary output file results/Rawdata/Fastq/SRR12845350_1.fastq.
Removing temporary output file results/Rawdata/Aligned/SRR12845350_Log.progress.out.
[Mon Nov 16 10:11:04 2020]
Finished job 6.
5 of 9 steps (56%) done

[Mon Nov 16 10:11:04 2020]
rule tx_sort:
    input: results/Metadata/SRR12845350.json, results/Rawdata/Aligned/SRR12845350_Aligned.toTranscriptome.out.bam
    output: results/Rawdata/Aligned/SRR12845350_Aligned.toTranscriptome.sortedByCoord.out.bam
    log: info/logs/SRR12845350.tx_sort.log
    jobid: 7
    benchmark: info/benchmark/SRR12845350.tx_sort.bench
    wildcards: sample=SRR12845350

Activating conda environment: /home/kasper/Git_repositories/LiverDB/.snakemake/conda/4267c048
Removing temporary output file results/Rawdata/Aligned/SRR12845350_Aligned.toTranscriptome.out.bam.
[Mon Nov 16 10:12:57 2020]
Finished job 7.
6 of 9 steps (67%) done

[Mon Nov 16 10:12:57 2020]
rule count_reads:
    input: results/Metadata/SRR12845350.json, results/Rawdata/Aligned/SRR12845350_Aligned.sortedByCoord.out.bam, results/Rawdata/Aligned/SRR12845350_Aligned.toTranscriptome.sortedByCoord.out.bam
    output: results/Rawdata/Counts/9606/SRR12845350_genes.tsv, results/Rawdata/Counts/9606/SRR12845350_transcripts.tsv
    log: info/logs/9606.SRR12845350.count_reads.log
    jobid: 3
    benchmark: info/benchmark/9606.SRR12845350.count_reads.bench
    wildcards: species=9606, sample=SRR12845350

Activating conda environment: /home/kasper/Git_repositories/LiverDB/.snakemake/conda/4267c048
Removing temporary output file results/Rawdata/Aligned/SRR12845350_Aligned.sortedByCoord.out.bam.
Removing temporary output file results/Rawdata/Aligned/SRR12845350_Aligned.toTranscriptome.sortedByCoord.out.bam.
[Mon Nov 16 10:30:03 2020]
Finished job 3.
7 of 9 steps (78%) done

[Mon Nov 16 10:30:03 2020]
rule zero_intolerance:
    input: results/Rawdata/Counts/9606/SRR12845350_genes.tsv, results/Rawdata/Counts/9606/SRR12845350_transcripts.tsv
    output: results/Filetered_counts/9606/Samples/SRR12845350_gene_count.tsv, results/Filetered_counts/9606/Samples/SRR12845350_transcript_count.tsv
    jobid: 1
    wildcards: species=9606, sample=SRR12845350
    threads: 4

Activating conda environment: /home/kasper/Git_repositories/LiverDB/.snakemake/conda/db72b297
Waiting at most 5 seconds for missing files.
MissingOutputException in line 237 of /home/kasper/Git_repositories/LiverDB/workflow/Snakefile.py:
Job completed successfully, but some output files are missing. Missing files after 5 seconds:
results/Filetered_counts/9606/Samples/SRR12845350_gene_count.tsv
results/Filetered_counts/9606/Samples/SRR12845350_transcript_count.tsv
This might be due to filesystem latency. If that is the case, consider to increase the wait time with --latency-wait.
Shutting down, this might take some time.
Exiting because a job execution failed. Look above for error message
Complete log: /home/kasper/Git_repositories/LiverDB/workflow/.snakemake/log/2020-11-16T100829.280475.snakemake.log
