Building DAG of jobs...
Using shell: /bin/bash
Provided cores: 36
Rules claiming more threads will be scaled down.
Job counts:
	count	jobs
	8	STAR_align
	1	all
	8	count_reads
	8	tx_sort
	8	zero_intolerance
	33

[Mon Nov 16 14:50:18 2020]
rule STAR_align:
    input: /disk3/Data/RNAseq/dev20.004_LiverDB/results/Metadata/SRR5750514.json, /disk3/Data/RNAseq/dev20.004_LiverDB/results/Rawdata/Fastq/SRR5750514_1.fastq, /disk3/Data/RNAseq/dev20.004_LiverDB/results/Rawdata/Fastq/SRR5750514_2.fastq
    output: /disk3/Data/RNAseq/dev20.004_LiverDB/results/Rawdata/Aligned/SRR5750514_Aligned.sortedByCoord.out.bam, /disk3/Data/RNAseq/dev20.004_LiverDB/results/Rawdata/Aligned/SRR5750514_Aligned.toTranscriptome.out.bam, /disk3/Data/RNAseq/dev20.004_LiverDB/results/Rawdata/Aligned/SRR5750514_Chimeric.out.junction, /disk3/Data/RNAseq/dev20.004_LiverDB/results/Rawdata/Aligned/SRR5750514_Log.final.out, /disk3/Data/RNAseq/dev20.004_LiverDB/results/Rawdata/Aligned/SRR5750514_Log.out, /disk3/Data/RNAseq/dev20.004_LiverDB/results/Rawdata/Aligned/SRR5750514_Log.progress.out, /disk3/Data/RNAseq/dev20.004_LiverDB/results/Rawdata/Aligned/SRR5750514_SJ.out.tab
    log: /disk3/Data/RNAseq/dev20.004_LiverDB/info/logs/SRR5750514.star_align.log
    jobid: 18
    benchmark: /disk3/Data/RNAseq/dev20.004_LiverDB/info/benchmark/SRR5750514.star_align.bench
    wildcards: sample=SRR5750514
    threads: 36

Activating conda environment: /home/kasper/Git_repositories/LiverDB/.snakemake/conda/fd596e9f
Removing temporary output file /disk3/Data/RNAseq/dev20.004_LiverDB/results/Rawdata/Fastq/SRR5750514_2.fastq.
Removing temporary output file /disk3/Data/RNAseq/dev20.004_LiverDB/results/Rawdata/Fastq/SRR5750514_1.fastq.
Removing temporary output file /disk3/Data/RNAseq/dev20.004_LiverDB/results/Rawdata/Aligned/SRR5750514_Log.progress.out.
[Mon Nov 16 15:13:32 2020]
Finished job 18.
1 of 33 steps (3%) done

[Mon Nov 16 15:13:32 2020]
rule STAR_align:
    input: /disk3/Data/RNAseq/dev20.004_LiverDB/results/Metadata/SRR5750521.json, /disk3/Data/RNAseq/dev20.004_LiverDB/results/Rawdata/Fastq/SRR5750521_1.fastq, /disk3/Data/RNAseq/dev20.004_LiverDB/results/Rawdata/Fastq/SRR5750521_2.fastq
    output: /disk3/Data/RNAseq/dev20.004_LiverDB/results/Rawdata/Aligned/SRR5750521_Aligned.sortedByCoord.out.bam, /disk3/Data/RNAseq/dev20.004_LiverDB/results/Rawdata/Aligned/SRR5750521_Aligned.toTranscriptome.out.bam, /disk3/Data/RNAseq/dev20.004_LiverDB/results/Rawdata/Aligned/SRR5750521_Chimeric.out.junction, /disk3/Data/RNAseq/dev20.004_LiverDB/results/Rawdata/Aligned/SRR5750521_Log.final.out, /disk3/Data/RNAseq/dev20.004_LiverDB/results/Rawdata/Aligned/SRR5750521_Log.out, /disk3/Data/RNAseq/dev20.004_LiverDB/results/Rawdata/Aligned/SRR5750521_Log.progress.out, /disk3/Data/RNAseq/dev20.004_LiverDB/results/Rawdata/Aligned/SRR5750521_SJ.out.tab
    log: /disk3/Data/RNAseq/dev20.004_LiverDB/info/logs/SRR5750521.star_align.log
    jobid: 21
    benchmark: /disk3/Data/RNAseq/dev20.004_LiverDB/info/benchmark/SRR5750521.star_align.bench
    wildcards: sample=SRR5750521
    threads: 36

Activating conda environment: /home/kasper/Git_repositories/LiverDB/.snakemake/conda/fd596e9f
Removing temporary output file /disk3/Data/RNAseq/dev20.004_LiverDB/results/Rawdata/Fastq/SRR5750521_1.fastq.
Removing temporary output file /disk3/Data/RNAseq/dev20.004_LiverDB/results/Rawdata/Fastq/SRR5750521_2.fastq.
Removing temporary output file /disk3/Data/RNAseq/dev20.004_LiverDB/results/Rawdata/Aligned/SRR5750521_Log.progress.out.
[Mon Nov 16 15:31:45 2020]
Finished job 21.
2 of 33 steps (6%) done

[Mon Nov 16 15:31:45 2020]
rule tx_sort:
    input: /disk3/Data/RNAseq/dev20.004_LiverDB/results/Metadata/SRR5750521.json, /disk3/Data/RNAseq/dev20.004_LiverDB/results/Rawdata/Aligned/SRR5750521_Aligned.toTranscriptome.out.bam
    output: /disk3/Data/RNAseq/dev20.004_LiverDB/results/Rawdata/Aligned/SRR5750521_Aligned.toTranscriptome.sortedByCoord.out.bam
    log: /disk3/Data/RNAseq/dev20.004_LiverDB/info/logs/SRR5750521.tx_sort.log
    jobid: 22
    benchmark: /disk3/Data/RNAseq/dev20.004_LiverDB/info/benchmark/SRR5750521.tx_sort.bench
    wildcards: sample=SRR5750521
    threads: 10

[Mon Nov 16 15:31:45 2020]
rule tx_sort:
    input: /disk3/Data/RNAseq/dev20.004_LiverDB/results/Metadata/SRR5750514.json, /disk3/Data/RNAseq/dev20.004_LiverDB/results/Rawdata/Aligned/SRR5750514_Aligned.toTranscriptome.out.bam
    output: /disk3/Data/RNAseq/dev20.004_LiverDB/results/Rawdata/Aligned/SRR5750514_Aligned.toTranscriptome.sortedByCoord.out.bam
    log: /disk3/Data/RNAseq/dev20.004_LiverDB/info/logs/SRR5750514.tx_sort.log
    jobid: 19
    benchmark: /disk3/Data/RNAseq/dev20.004_LiverDB/info/benchmark/SRR5750514.tx_sort.bench
    wildcards: sample=SRR5750514
    threads: 10

Activating conda environment: /home/kasper/Git_repositories/LiverDB/.snakemake/conda/4267c048
Activating conda environment: /home/kasper/Git_repositories/LiverDB/.snakemake/conda/4267c048
Removing temporary output file /disk3/Data/RNAseq/dev20.004_LiverDB/results/Rawdata/Aligned/SRR5750521_Aligned.toTranscriptome.out.bam.
[Mon Nov 16 15:50:39 2020]
Finished job 22.
3 of 33 steps (9%) done

[Mon Nov 16 15:50:39 2020]
rule count_reads:
    input: /disk3/Data/RNAseq/dev20.004_LiverDB/results/Metadata/SRR5750521.json, /disk3/Data/RNAseq/dev20.004_LiverDB/results/Rawdata/Aligned/SRR5750521_Aligned.sortedByCoord.out.bam, /disk3/Data/RNAseq/dev20.004_LiverDB/results/Rawdata/Aligned/SRR5750521_Aligned.toTranscriptome.sortedByCoord.out.bam
    output: /disk3/Data/RNAseq/dev20.004_LiverDB/results/Rawdata/Counts/9606/SRR5750521_genes.tsv, /disk3/Data/RNAseq/dev20.004_LiverDB/results/Rawdata/Counts/9606/SRR5750521_transcripts.tsv
    log: /disk3/Data/RNAseq/dev20.004_LiverDB/info/logs/9606.SRR5750521.count_reads.log
    jobid: 10
    benchmark: /disk3/Data/RNAseq/dev20.004_LiverDB/info/benchmark/9606.SRR5750521.count_reads.bench
    wildcards: species=9606, sample=SRR5750521
    threads: 10

Activating conda environment: /home/kasper/Git_repositories/LiverDB/.snakemake/conda/4267c048
[Mon Nov 16 15:50:41 2020]
Error in rule count_reads:
    jobid: 10
    output: /disk3/Data/RNAseq/dev20.004_LiverDB/results/Rawdata/Counts/9606/SRR5750521_genes.tsv, /disk3/Data/RNAseq/dev20.004_LiverDB/results/Rawdata/Counts/9606/SRR5750521_transcripts.tsv
    log: /disk3/Data/RNAseq/dev20.004_LiverDB/info/logs/9606.SRR5750521.count_reads.log (check log file(s) for error message)
    conda-env: /home/kasper/Git_repositories/LiverDB/.snakemake/conda/4267c048

RuleException:
CalledProcessError in line 232 of /home/kasper/Git_repositories/LiverDB/workflow/Snakefile.py:
Command 'source /home/kasper/miniconda3/bin/activate '/home/kasper/Git_repositories/LiverDB/.snakemake/conda/4267c048'; set -euo pipefail;  /home/kasper/miniconda3/bin/python3.7 /home/kasper/Git_repositories/LiverDB/.snakemake/scripts/tmp87pbux3b.count_reads.py' returned non-zero exit status 1.
  File "/home/kasper/Git_repositories/LiverDB/workflow/Snakefile.py", line 232, in __rule_count_reads
  File "/home/kasper/miniconda3/lib/python3.7/concurrent/futures/thread.py", line 57, in run
Removing output files of failed job count_reads since they might be corrupted:
/disk3/Data/RNAseq/dev20.004_LiverDB/results/Rawdata/Counts/9606/SRR5750521_genes.tsv
Removing temporary output file /disk3/Data/RNAseq/dev20.004_LiverDB/results/Rawdata/Aligned/SRR5750514_Aligned.toTranscriptome.out.bam.
[Mon Nov 16 15:59:20 2020]
Finished job 19.
4 of 33 steps (12%) done
Shutting down, this might take some time.
Exiting because a job execution failed. Look above for error message
Complete log: /home/kasper/Git_repositories/LiverDB/workflow/.snakemake/log/2020-11-16T145018.499485.snakemake.log
