Building DAG of jobs...
Using shell: /bin/bash
Provided cores: 10
Rules claiming more threads will be scaled down.
Job counts:
	count	jobs
	2	STAR_align
	1	all
	1	fastqdump
	4

[Thu Nov  5 14:49:43 2020]
rule fastqdump:
    input: results/Metadata/SRR8094770.json, results/SRA/SRR8094770.sra
    output: results/Fastq/SRR8094770_1.fastq, results/Fastq/SRR8094770_2.fastq
    log: info/logs/SRR8094770.fastqdump.log
    jobid: 6
    benchmark: info/benchmark/SRR8094770.fastqdump.bench
    wildcards: sample=SRR8094770

[Thu Nov  5 14:49:43 2020]
rule STAR_align:
    input: results/Metadata/SRR12845350.json, results/Fastq/SRR12845350_1.fastq, results/Fastq/SRR12845350_2.fastq
    output: results/STAR/SRR12845350_Aligned.sortedByCoord.out.bam, results/STAR/SRR12845350_Aligned.toTranscriptome.out.bam, results/STAR/SRR12845350_Chimeric.out.junction, results/STAR/SRR12845350_Log.final.out, results/STAR/SRR12845350_Log.out, results/STAR/SRR12845350_Log.progress.out, results/STAR/SRR12845350_SJ.out.tab
    jobid: 1
    wildcards: sample=SRR12845350

[Thu Nov  5 14:49:43 2020]
Error in rule STAR_align:
    jobid: 1
    output: results/STAR/SRR12845350_Aligned.sortedByCoord.out.bam, results/STAR/SRR12845350_Aligned.toTranscriptome.out.bam, results/STAR/SRR12845350_Chimeric.out.junction, results/STAR/SRR12845350_Log.final.out, results/STAR/SRR12845350_Log.out, results/STAR/SRR12845350_Log.progress.out, results/STAR/SRR12845350_SJ.out.tab

RuleException:
CalledProcessError in line 142 of /home/kasper/Git_repositories/LiverDB/workflow/Snakefile.py:
Command 'set -euo pipefail;  /home/kasper/miniconda3/bin/python3.7 /home/kasper/Git_repositories/LiverDB/.snakemake/scripts/tmpjhhmel4z.star_align.py' returned non-zero exit status 1.
  File "/home/kasper/Git_repositories/LiverDB/workflow/Snakefile.py", line 142, in __rule_STAR_align
  File "/home/kasper/miniconda3/lib/python3.7/concurrent/futures/thread.py", line 57, in run
Terminating processes on user request, this might take some time.
[Thu Nov  5 14:50:17 2020]
Error in rule fastqdump:
    jobid: 6
    output: results/Fastq/SRR8094770_1.fastq, results/Fastq/SRR8094770_2.fastq
    log: info/logs/SRR8094770.fastqdump.log (check log file(s) for error message)

RuleException:
CalledProcessError in line 116 of /home/kasper/Git_repositories/LiverDB/workflow/Snakefile.py:
Command 'set -euo pipefail;  /home/kasper/miniconda3/bin/python3.7 /home/kasper/Git_repositories/LiverDB/.snakemake/scripts/tmpz6ha1l6g.fastq_dump.py' returned non-zero exit status 1.
  File "/home/kasper/Git_repositories/LiverDB/workflow/Snakefile.py", line 116, in __rule_fastqdump
  File "/home/kasper/miniconda3/lib/python3.7/concurrent/futures/thread.py", line 57, in run
Removing output files of failed job fastqdump since they might be corrupted:
results/Fastq/SRR8094770_1.fastq
Complete log: /home/kasper/Git_repositories/LiverDB/workflow/.snakemake/log/2020-11-05T144943.474158.snakemake.log
