Building DAG of jobs...
Using shell: /bin/bash
Provided cores: 36
Rules claiming more threads will be scaled down.
Job counts:
	count	jobs
	2	STAR_align
	1	all
	1	count_matrices
	2	count_reads
	2	tx_sort
	1	zero_intolerance
	9

[Fri Nov 13 10:18:42 2020]
rule STAR_align:
    input: results/Metadata/SRR8094770.json, results/Rawdata/Fastq/SRR8094770_1.fastq, results/Rawdata/Fastq/SRR8094770_2.fastq
    output: results/Rawdata/Aligned/SRR8094770_Aligned.sortedByCoord.out.bam, results/Rawdata/Aligned/SRR8094770_Aligned.toTranscriptome.out.bam, results/Rawdata/Aligned/SRR8094770_Chimeric.out.junction, results/Rawdata/Aligned/SRR8094770_Log.final.out, results/Rawdata/Aligned/SRR8094770_Log.out, results/Rawdata/Aligned/SRR8094770_Log.progress.out, results/Rawdata/Aligned/SRR8094770_SJ.out.tab
    log: info/logs/SRR8094770.star_align.log
    jobid: 9
    benchmark: info/benchmark/SRR8094770.star_align.bench
    wildcards: sample=SRR8094770
    threads: 9

[Fri Nov 13 10:18:42 2020]
rule STAR_align:
    input: results/Metadata/SRR12845350.json, results/Rawdata/Fastq/SRR12845350_1.fastq, results/Rawdata/Fastq/SRR12845350_2.fastq
    output: results/Rawdata/Aligned/SRR12845350_Aligned.sortedByCoord.out.bam, results/Rawdata/Aligned/SRR12845350_Aligned.toTranscriptome.out.bam, results/Rawdata/Aligned/SRR12845350_Chimeric.out.junction, results/Rawdata/Aligned/SRR12845350_Log.final.out, results/Rawdata/Aligned/SRR12845350_Log.out, results/Rawdata/Aligned/SRR12845350_Log.progress.out, results/Rawdata/Aligned/SRR12845350_SJ.out.tab
    log: info/logs/SRR12845350.star_align.log
    jobid: 7
    benchmark: info/benchmark/SRR12845350.star_align.bench
    wildcards: sample=SRR12845350
    threads: 9

Activating conda environment: /home/kasper/Git_repositories/LiverDB/.snakemake/conda/fd596e9f
Activating conda environment: /home/kasper/Git_repositories/LiverDB/.snakemake/conda/fd596e9f
Removing temporary output file results/Rawdata/Fastq/SRR12845350_1.fastq.
Removing temporary output file results/Rawdata/Fastq/SRR12845350_2.fastq.
Removing temporary output file results/Rawdata/Aligned/SRR12845350_Log.progress.out.
[Fri Nov 13 10:21:26 2020]
Finished job 7.
1 of 9 steps (11%) done

[Fri Nov 13 10:21:26 2020]
rule tx_sort:
    input: results/Metadata/SRR12845350.json, results/Rawdata/Aligned/SRR12845350_Aligned.toTranscriptome.out.bam
    output: results/Rawdata/Aligned/SRR12845350_Aligned.toTranscriptome.sortedByCoord.out.bam
    log: info/logs/SRR12845350.tx_sort.log
    jobid: 8
    benchmark: info/benchmark/SRR12845350.tx_sort.bench
    wildcards: sample=SRR12845350

Activating conda environment: /home/kasper/Git_repositories/LiverDB/.snakemake/conda/4267c048
Removing temporary output file results/Rawdata/Aligned/SRR12845350_Aligned.toTranscriptome.out.bam.
[Fri Nov 13 10:23:11 2020]
Finished job 8.
2 of 9 steps (22%) done

[Fri Nov 13 10:23:11 2020]
rule count_reads:
    input: results/Metadata/SRR12845350.json, results/Rawdata/Aligned/SRR12845350_Aligned.sortedByCoord.out.bam, results/Rawdata/Aligned/SRR12845350_Aligned.toTranscriptome.sortedByCoord.out.bam
    output: results/Rawdata/HTSeq_count/SRR12845350_genes.tsv, results/Rawdata/HTSeq_count/SRR12845350_transcripts.tsv
    log: info/logs/SRR12845350.count_reads.log
    jobid: 5
    benchmark: info/benchmark/SRR12845350.count_reads.bench
    wildcards: sample=SRR12845350

Activating conda environment: /home/kasper/Git_repositories/LiverDB/.snakemake/conda/4267c048
Removing temporary output file results/Rawdata/Fastq/SRR8094770_1.fastq.
Removing temporary output file results/Rawdata/Fastq/SRR8094770_2.fastq.
Removing temporary output file results/Rawdata/Aligned/SRR8094770_Log.progress.out.
[Fri Nov 13 10:25:24 2020]
Finished job 9.
3 of 9 steps (33%) done

[Fri Nov 13 10:25:24 2020]
rule tx_sort:
    input: results/Metadata/SRR8094770.json, results/Rawdata/Aligned/SRR8094770_Aligned.toTranscriptome.out.bam
    output: results/Rawdata/Aligned/SRR8094770_Aligned.toTranscriptome.sortedByCoord.out.bam
    log: info/logs/SRR8094770.tx_sort.log
    jobid: 10
    benchmark: info/benchmark/SRR8094770.tx_sort.bench
    wildcards: sample=SRR8094770

Activating conda environment: /home/kasper/Git_repositories/LiverDB/.snakemake/conda/4267c048
Removing temporary output file results/Rawdata/Aligned/SRR8094770_Aligned.toTranscriptome.out.bam.
[Fri Nov 13 10:25:26 2020]
Finished job 10.
4 of 9 steps (44%) done

[Fri Nov 13 10:25:26 2020]
rule count_reads:
    input: results/Metadata/SRR8094770.json, results/Rawdata/Aligned/SRR8094770_Aligned.sortedByCoord.out.bam, results/Rawdata/Aligned/SRR8094770_Aligned.toTranscriptome.sortedByCoord.out.bam
    output: results/Rawdata/HTSeq_count/SRR8094770_genes.tsv, results/Rawdata/HTSeq_count/SRR8094770_transcripts.tsv
    log: info/logs/SRR8094770.count_reads.log
    jobid: 6
    benchmark: info/benchmark/SRR8094770.count_reads.bench
    wildcards: sample=SRR8094770

Activating conda environment: /home/kasper/Git_repositories/LiverDB/.snakemake/conda/4267c048
Removing temporary output file results/Rawdata/Aligned/SRR8094770_Aligned.sortedByCoord.out.bam.
Removing temporary output file results/Rawdata/Aligned/SRR8094770_Aligned.toTranscriptome.sortedByCoord.out.bam.
[Fri Nov 13 10:28:46 2020]
Finished job 6.
5 of 9 steps (56%) done
Terminating processes on user request, this might take some time.
[Fri Nov 13 10:32:20 2020]
Error in rule count_reads:
    jobid: 5
    output: results/Rawdata/HTSeq_count/SRR12845350_genes.tsv, results/Rawdata/HTSeq_count/SRR12845350_transcripts.tsv
    log: info/logs/SRR12845350.count_reads.log (check log file(s) for error message)
    conda-env: /home/kasper/Git_repositories/LiverDB/.snakemake/conda/4267c048

RuleException:
CalledProcessError in line 227 of /home/kasper/Git_repositories/LiverDB/workflow/Snakefile.py:
Command 'source /home/kasper/miniconda3/bin/activate '/home/kasper/Git_repositories/LiverDB/.snakemake/conda/4267c048'; set -euo pipefail;  /home/kasper/miniconda3/bin/python3.7 /home/kasper/Git_repositories/LiverDB/.snakemake/scripts/tmpd61433r7.count_reads.py' returned non-zero exit status 1.
  File "/home/kasper/Git_repositories/LiverDB/workflow/Snakefile.py", line 227, in __rule_count_reads
  File "/home/kasper/miniconda3/lib/python3.7/concurrent/futures/thread.py", line 57, in run
Removing output files of failed job count_reads since they might be corrupted:
results/Rawdata/HTSeq_count/SRR12845350_genes.tsv, results/Rawdata/HTSeq_count/SRR12845350_transcripts.tsv
Complete log: /home/kasper/Git_repositories/LiverDB/workflow/.snakemake/log/2020-11-13T101842.152109.snakemake.log
