Building DAG of jobs...
Using shell: /bin/bash
Provided cores: 36
Rules claiming more threads will be scaled down.
Job counts:
	count	jobs
	1	STAR_align
	1	all
	2	tx_sort
	4

[Fri Nov  6 10:33:39 2020]
rule STAR_align:
    input: results/Metadata/SRR8094770.json, results/Fastq/SRR8094770_1.fastq, results/Fastq/SRR8094770_2.fastq
    output: results/STAR/SRR8094770_Aligned.sortedByCoord.out.bam, results/STAR/SRR8094770_Aligned.toTranscriptome.out.bam, results/STAR/SRR8094770_Chimeric.out.junction, results/STAR/SRR8094770_Log.final.out, results/STAR/SRR8094770_Log.out, results/STAR/SRR8094770_Log.progress.out, results/STAR/SRR8094770_SJ.out.tab
    log: info/logs/SRR8094770.star_align.log
    jobid: 6
    benchmark: info/benchmark/SRR8094770.star_align.bench
    wildcards: sample=SRR8094770
    threads: 5

[Fri Nov  6 10:33:39 2020]
rule tx_sort:
    input: results/Metadata/SRR12845350.json, results/STAR/SRR12845350_Aligned.toTranscriptome.out.bam
    output: results/STAR/SRR12845350_Aligned.toTranscriptome.sortedByCoord.out.bam
    log: info/logs/SRR12845350.star_align.log
    jobid: 3
    benchmark: info/benchmark/SRR12845350.star_align.bench
    wildcards: sample=SRR12845350

Activating conda environment: /home/kasper/Git_repositories/LiverDB/.snakemake/conda/4267c048
Activating conda environment: /home/kasper/Git_repositories/LiverDB/.snakemake/conda/fd596e9f
[Fri Nov  6 10:33:43 2020]
Error in rule tx_sort:
    jobid: 3
    output: results/STAR/SRR12845350_Aligned.toTranscriptome.sortedByCoord.out.bam
    log: info/logs/SRR12845350.star_align.log (check log file(s) for error message)
    conda-env: /home/kasper/Git_repositories/LiverDB/.snakemake/conda/4267c048

RuleException:
CalledProcessError in line 188 of /home/kasper/Git_repositories/LiverDB/workflow/Snakefile.py:
Command 'source /home/kasper/miniconda3/bin/activate '/home/kasper/Git_repositories/LiverDB/.snakemake/conda/4267c048'; set -euo pipefail;  /home/kasper/miniconda3/bin/python3.7 /home/kasper/Git_repositories/LiverDB/.snakemake/scripts/tmp1ovnhjwf.tx_sort.py' returned non-zero exit status 1.
  File "/home/kasper/Git_repositories/LiverDB/workflow/Snakefile.py", line 188, in __rule_tx_sort
  File "/home/kasper/miniconda3/lib/python3.7/concurrent/futures/thread.py", line 57, in run
Removing temporary output file results/Fastq/SRR8094770_1.fastq.
Removing temporary output file results/Fastq/SRR8094770_2.fastq.
Removing temporary output file results/STAR/SRR8094770_Log.progress.out.
[Fri Nov  6 10:39:04 2020]
Finished job 6.
1 of 4 steps (25%) done
Shutting down, this might take some time.
Exiting because a job execution failed. Look above for error message
Complete log: /home/kasper/Git_repositories/LiverDB/workflow/.snakemake/log/2020-11-06T103339.540582.snakemake.log
