Building DAG of jobs...
Using shell: /bin/bash
Provided cores: 10
Rules claiming more threads will be scaled down.
Job counts:
	count	jobs
	1	all
	2	metadata
	3

[Thu Nov  5 10:07:46 2020]
rule metadata:
    output: results/Metadata/SRR12845350.json
    log: info/logs/SRR12845350.metadata.log
    jobid: 1
    benchmark: info/benchmark/SRR12845350.metadata.log
    wildcards: sample=SRR12845350
    threads: 4

[Thu Nov  5 10:07:46 2020]
rule metadata:
    output: results/Metadata/SRR8094770.json
    log: info/logs/SRR8094770.metadata.log
    jobid: 2
    benchmark: info/benchmark/SRR8094770.metadata.log
    wildcards: sample=SRR8094770
    threads: 4

[Thu Nov  5 10:07:47 2020]
Error in rule metadata:
    jobid: 1
    output: results/Metadata/SRR12845350.json
    log: info/logs/SRR12845350.metadata.log (check log file(s) for error message)

RuleException:
CalledProcessError in line 42 of /home/kasper/Git_repositories/LiverDB/workflow/Snakefile.py:
Command 'set -euo pipefail;  /home/kasper/miniconda3/bin/python3.7 /home/kasper/Git_repositories/LiverDB/.snakemake/scripts/tmp1g4fhirc.sradata.py' returned non-zero exit status 1.
  File "/home/kasper/Git_repositories/LiverDB/workflow/Snakefile.py", line 42, in __rule_metadata
  File "/home/kasper/miniconda3/lib/python3.7/concurrent/futures/thread.py", line 57, in run
[Thu Nov  5 10:07:47 2020]
Error in rule metadata:
    jobid: 2
    output: results/Metadata/SRR8094770.json
    log: info/logs/SRR8094770.metadata.log (check log file(s) for error message)

RuleException:
CalledProcessError in line 42 of /home/kasper/Git_repositories/LiverDB/workflow/Snakefile.py:
Command 'set -euo pipefail;  /home/kasper/miniconda3/bin/python3.7 /home/kasper/Git_repositories/LiverDB/.snakemake/scripts/tmp4og0b5eb.sradata.py' returned non-zero exit status 1.
  File "/home/kasper/Git_repositories/LiverDB/workflow/Snakefile.py", line 42, in __rule_metadata
  File "/home/kasper/miniconda3/lib/python3.7/concurrent/futures/thread.py", line 57, in run
Shutting down, this might take some time.
Exiting because a job execution failed. Look above for error message
Complete log: /home/kasper/Git_repositories/LiverDB/workflow/.snakemake/log/2020-11-05T100746.868180.snakemake.log
