Building DAG of jobs...
Using shell: /bin/bash
Provided cores: 36
Rules claiming more threads will be scaled down.
Job counts:
	count	jobs
	2	STAR_align
	1	all
	1	count_matrices
	2	count_reads
	2	fastqdump
	2	metadata
	2	srafetch
	2	tx_sort
	1	zero_intolerance
	15

[Fri Nov 13 10:12:47 2020]
rule metadata:
    output: results/Metadata/SRR8094770.json
    log: info/logs/SRR8094770.metadata.log
    jobid: 4
    benchmark: info/benchmark/SRR8094770.metadata.bench
    wildcards: sample=SRR8094770

[Fri Nov 13 10:12:47 2020]
rule metadata:
    output: results/Metadata/SRR12845350.json
    log: info/logs/SRR12845350.metadata.log
    jobid: 3
    benchmark: info/benchmark/SRR12845350.metadata.bench
    wildcards: sample=SRR12845350

[Fri Nov 13 10:12:51 2020]
Finished job 3.
1 of 15 steps (7%) done

[Fri Nov 13 10:12:51 2020]
rule srafetch:
    input: results/Metadata/SRR12845350.json
    output: results/Rawdata/SRA/SRR12845350.sra
    log: info/logs/SRR12845350.srafetch.log
    jobid: 13
    benchmark: info/benchmark/SRR12845350.srafetch.bench
    wildcards: sample=SRR12845350

[Fri Nov 13 10:12:51 2020]
Finished job 4.
2 of 15 steps (13%) done

[Fri Nov 13 10:12:51 2020]
rule srafetch:
    input: results/Metadata/SRR8094770.json
    output: results/Rawdata/SRA/SRR8094770.sra
    log: info/logs/SRR8094770.srafetch.log
    jobid: 14
    benchmark: info/benchmark/SRR8094770.srafetch.bench
    wildcards: sample=SRR8094770

Activating conda environment: /home/kasper/Git_repositories/LiverDB/.snakemake/conda/f0208fbb
Activating conda environment: /home/kasper/Git_repositories/LiverDB/.snakemake/conda/f0208fbb
[Fri Nov 13 10:13:12 2020]
Finished job 13.
3 of 15 steps (20%) done

[Fri Nov 13 10:13:12 2020]
rule fastqdump:
    input: results/Metadata/SRR12845350.json, results/Rawdata/SRA/SRR12845350.sra
    output: results/Rawdata/Fastq/SRR12845350_1.fastq, results/Rawdata/Fastq/SRR12845350_2.fastq
    log: info/logs/SRR12845350.fastqdump.log
    jobid: 11
    benchmark: info/benchmark/SRR12845350.fastqdump.bench
    wildcards: sample=SRR12845350

[Fri Nov 13 10:13:13 2020]
Finished job 14.
4 of 15 steps (27%) done

[Fri Nov 13 10:13:13 2020]
rule fastqdump:
    input: results/Metadata/SRR8094770.json, results/Rawdata/SRA/SRR8094770.sra
    output: results/Rawdata/Fastq/SRR8094770_1.fastq, results/Rawdata/Fastq/SRR8094770_2.fastq
    log: info/logs/SRR8094770.fastqdump.log
    jobid: 12
    benchmark: info/benchmark/SRR8094770.fastqdump.bench
    wildcards: sample=SRR8094770

Activating conda environment: /home/kasper/Git_repositories/LiverDB/.snakemake/conda/f0208fbb
Activating conda environment: /home/kasper/Git_repositories/LiverDB/.snakemake/conda/f0208fbb
Removing temporary output file results/Rawdata/SRA/SRR12845350.sra.
[Fri Nov 13 10:13:31 2020]
Finished job 11.
5 of 15 steps (33%) done

[Fri Nov 13 10:13:31 2020]
rule STAR_align:
    input: results/Metadata/SRR12845350.json, results/Rawdata/Fastq/SRR12845350_1.fastq, results/Rawdata/Fastq/SRR12845350_2.fastq
    output: results/Rawdata/Aligned/SRR12845350_Aligned.sortedByCoord.out.bam, results/Rawdata/Aligned/SRR12845350_Aligned.toTranscriptome.out.bam, results/Rawdata/Aligned/SRR12845350_Chimeric.out.junction, results/Rawdata/Aligned/SRR12845350_Log.final.out, results/Rawdata/Aligned/SRR12845350_Log.out, results/Rawdata/Aligned/SRR12845350_Log.progress.out, results/Rawdata/Aligned/SRR12845350_SJ.out.tab
    log: info/logs/SRR12845350.star_align.log
    jobid: 7
    benchmark: info/benchmark/SRR12845350.star_align.bench
    wildcards: sample=SRR12845350
    threads: 9

Activating conda environment: /home/kasper/Git_repositories/LiverDB/.snakemake/conda/fd596e9f
Removing temporary output file results/Rawdata/SRA/SRR8094770.sra.
[Fri Nov 13 10:14:07 2020]
Finished job 12.
6 of 15 steps (40%) done

[Fri Nov 13 10:14:07 2020]
rule STAR_align:
    input: results/Metadata/SRR8094770.json, results/Rawdata/Fastq/SRR8094770_1.fastq, results/Rawdata/Fastq/SRR8094770_2.fastq
    output: results/Rawdata/Aligned/SRR8094770_Aligned.sortedByCoord.out.bam, results/Rawdata/Aligned/SRR8094770_Aligned.toTranscriptome.out.bam, results/Rawdata/Aligned/SRR8094770_Chimeric.out.junction, results/Rawdata/Aligned/SRR8094770_Log.final.out, results/Rawdata/Aligned/SRR8094770_Log.out, results/Rawdata/Aligned/SRR8094770_Log.progress.out, results/Rawdata/Aligned/SRR8094770_SJ.out.tab
    log: info/logs/SRR8094770.star_align.log
    jobid: 9
    benchmark: info/benchmark/SRR8094770.star_align.bench
    wildcards: sample=SRR8094770
    threads: 9

Activating conda environment: /home/kasper/Git_repositories/LiverDB/.snakemake/conda/fd596e9f
Waiting at most 5 seconds for missing files.
MissingOutputException in line 153 of /home/kasper/Git_repositories/LiverDB/workflow/Snakefile.py:
Job completed successfully, but some output files are missing. Missing files after 5 seconds:
results/Rawdata/Aligned/SRR12845350_Aligned.sortedByCoord.out.bam
results/Rawdata/Aligned/SRR12845350_Aligned.toTranscriptome.out.bam
results/Rawdata/Aligned/SRR12845350_Chimeric.out.junction
results/Rawdata/Aligned/SRR12845350_Log.final.out
results/Rawdata/Aligned/SRR12845350_Log.out
results/Rawdata/Aligned/SRR12845350_Log.progress.out
results/Rawdata/Aligned/SRR12845350_SJ.out.tab
This might be due to filesystem latency. If that is the case, consider to increase the wait time with --latency-wait.
Terminating processes on user request, this might take some time.
[Fri Nov 13 10:18:41 2020]
Error in rule STAR_align:
    jobid: 9
    output: results/Rawdata/Aligned/SRR8094770_Aligned.sortedByCoord.out.bam, results/Rawdata/Aligned/SRR8094770_Aligned.toTranscriptome.out.bam, results/Rawdata/Aligned/SRR8094770_Chimeric.out.junction, results/Rawdata/Aligned/SRR8094770_Log.final.out, results/Rawdata/Aligned/SRR8094770_Log.out, results/Rawdata/Aligned/SRR8094770_Log.progress.out, results/Rawdata/Aligned/SRR8094770_SJ.out.tab
    log: info/logs/SRR8094770.star_align.log (check log file(s) for error message)
    conda-env: /home/kasper/Git_repositories/LiverDB/.snakemake/conda/fd596e9f

RuleException:
CalledProcessError in line 180 of /home/kasper/Git_repositories/LiverDB/workflow/Snakefile.py:
Command 'source /home/kasper/miniconda3/bin/activate '/home/kasper/Git_repositories/LiverDB/.snakemake/conda/fd596e9f'; set -euo pipefail;  /home/kasper/miniconda3/bin/python3.7 /home/kasper/Git_repositories/LiverDB/.snakemake/scripts/tmpkpa8tquu.star_align.py' returned non-zero exit status 1.
  File "/home/kasper/Git_repositories/LiverDB/workflow/Snakefile.py", line 180, in __rule_STAR_align
  File "/home/kasper/miniconda3/lib/python3.7/concurrent/futures/thread.py", line 57, in run
Complete log: /home/kasper/Git_repositories/LiverDB/workflow/.snakemake/log/2020-11-13T101247.545981.snakemake.log
