Building DAG of jobs...
Creating conda environment workflow/envs/samtools.yaml...
Downloading and installing remote packages.
Environment for workflow/envs/samtools.yaml created (location: .snakemake/conda/4267c048)
Creating conda environment workflow/envs/sra_tools.yaml...
Downloading and installing remote packages.
Environment for workflow/envs/sra_tools.yaml created (location: .snakemake/conda/f0208fbb)
Using shell: /bin/bash
Provided cores: 36
Rules claiming more threads will be scaled down.
Job counts:
	count	jobs
	2	STAR_align
	1	all
	2	fastqdump
	2	srafetch
	2	tx_sort
	9

[Fri Nov  6 10:21:28 2020]
rule srafetch:
    input: results/Metadata/SRR12845350.json
    output: results/SRA/SRR12845350.sra
    log: info/logs/SRR12845350.srafetch.log
    jobid: 9
    benchmark: info/benchmark/SRR12845350.srafetch.bench
    wildcards: sample=SRR12845350

[Fri Nov  6 10:21:28 2020]
rule srafetch:
    input: results/Metadata/SRR8094770.json
    output: results/SRA/SRR8094770.sra
    log: info/logs/SRR8094770.srafetch.log
    jobid: 10
    benchmark: info/benchmark/SRR8094770.srafetch.bench
    wildcards: sample=SRR8094770

Activating conda environment: /home/kasper/Git_repositories/LiverDB/.snakemake/conda/f0208fbb
Activating conda environment: /home/kasper/Git_repositories/LiverDB/.snakemake/conda/f0208fbb
[Fri Nov  6 10:21:46 2020]
Finished job 9.
1 of 9 steps (11%) done

[Fri Nov  6 10:21:46 2020]
rule fastqdump:
    input: results/Metadata/SRR12845350.json, results/SRA/SRR12845350.sra
    output: results/Fastq/SRR12845350_1.fastq, results/Fastq/SRR12845350_2.fastq
    log: info/logs/SRR12845350.fastqdump.log
    jobid: 7
    benchmark: info/benchmark/SRR12845350.fastqdump.bench
    wildcards: sample=SRR12845350

Terminating processes on user request, this might take some time.
[Fri Nov  6 10:21:47 2020]
Error in rule fastqdump:
    jobid: 7
    output: results/Fastq/SRR12845350_1.fastq, results/Fastq/SRR12845350_2.fastq
    log: info/logs/SRR12845350.fastqdump.log (check log file(s) for error message)
    conda-env: /home/kasper/Git_repositories/LiverDB/.snakemake/conda/f0208fbb

RuleException:
CalledProcessError in line 130 of /home/kasper/Git_repositories/LiverDB/workflow/Snakefile.py:
Command 'conda info --json' returned non-zero exit status 1.
  File "/home/kasper/Git_repositories/LiverDB/workflow/Snakefile.py", line 130, in __rule_fastqdump
  File "/home/kasper/miniconda3/lib/python3.7/site-packages/snakemake/deployment/conda.py", line 377, in __init__
  File "/home/kasper/miniconda3/lib/python3.7/subprocess.py", line 411, in check_output
  File "/home/kasper/miniconda3/lib/python3.7/subprocess.py", line 512, in run
  File "/home/kasper/miniconda3/lib/python3.7/concurrent/futures/thread.py", line 57, in run
[Fri Nov  6 10:21:48 2020]
Error in rule srafetch:
    jobid: 10
    output: results/SRA/SRR8094770.sra
    log: info/logs/SRR8094770.srafetch.log (check log file(s) for error message)
    conda-env: /home/kasper/Git_repositories/LiverDB/.snakemake/conda/f0208fbb

RuleException:
CalledProcessError in line 95 of /home/kasper/Git_repositories/LiverDB/workflow/Snakefile.py:
Command 'source /home/kasper/miniconda3/bin/activate '/home/kasper/Git_repositories/LiverDB/.snakemake/conda/f0208fbb'; set -euo pipefail;  /home/kasper/miniconda3/bin/python3.7 /home/kasper/Git_repositories/LiverDB/.snakemake/scripts/tmpion7m9j6.sraprefetch.py' returned non-zero exit status 1.
  File "/home/kasper/Git_repositories/LiverDB/workflow/Snakefile.py", line 95, in __rule_srafetch
  File "/home/kasper/miniconda3/lib/python3.7/concurrent/futures/thread.py", line 57, in run
Removing output files of failed job srafetch since they might be corrupted:
results/SRA/SRR8094770.sra
Complete log: /home/kasper/Git_repositories/LiverDB/workflow/.snakemake/log/2020-11-06T102044.551888.snakemake.log
