Building DAG of jobs...
Using shell: /bin/bash
Provided cores: 36
Rules claiming more threads will be scaled down.
Job counts:
	count	jobs
	1	all
	1	count_matrices
	1	zero_intolerance
	3

[Fri Nov 13 11:28:01 2020]
rule count_matrices:
    input: results/Metadata/SRR12845350.json, results/Metadata/SRR8094770.json, results/Rawdata/HTSeq_count/SRR12845350_genes.tsv, results/Rawdata/HTSeq_count/SRR8094770_genes.tsv, results/Rawdata/HTSeq_count/SRR12845350_transcripts.tsv, results/Rawdata/HTSeq_count/SRR8094770_transcripts.tsv
    output: results/Rawdata/Counts/9606/genes.tsv, results/Rawdata/Counts/9606/transcripts.tsv
    jobid: 2
    threads: 4

Activating conda environment: /home/kasper/Git_repositories/LiverDB/.snakemake/conda/db72b297
[Fri Nov 13 11:28:08 2020]
Finished job 2.
1 of 3 steps (33%) done

[Fri Nov 13 11:28:08 2020]
rule zero_intolerance:
    input: results/Rawdata/Counts/9606/genes.tsv, results/Rawdata/Counts/9606/transcripts.tsv
    output: results/Counts/9606/genes.tsv, results/Counts/9606/transcript.tsv
    jobid: 1
    wildcards: species=9606
    threads: 4

Activating conda environment: /home/kasper/Git_repositories/LiverDB/.snakemake/conda/db72b297
[Fri Nov 13 11:28:14 2020]
Finished job 1.
2 of 3 steps (67%) done

[Fri Nov 13 11:28:14 2020]
localrule all:
    input: results/Counts/9606/genes.tsv
    jobid: 0

[Fri Nov 13 11:28:14 2020]
Finished job 0.
3 of 3 steps (100%) done
Complete log: /home/kasper/Git_repositories/LiverDB/workflow/.snakemake/log/2020-11-13T112801.552207.snakemake.log
