Building DAG of jobs...
Using shell: /bin/bash
Provided cores: 10
Rules claiming more threads will be scaled down.
Job counts:
	count	jobs
	1	all
	2	metadata
	2	srafetch
	5

[Thu Nov  5 10:49:45 2020]
rule metadata:
    output: results/Metadata/SRR12845350.json
    log: info/logs/SRR12845350.metadata.log
    jobid: 3
    benchmark: info/benchmark/SRR12845350.metadata.bench
    wildcards: sample=SRR12845350
    threads: 4

[Thu Nov  5 10:49:45 2020]
rule metadata:
    output: results/Metadata/SRR8094770.json
    log: info/logs/SRR8094770.metadata.log
    jobid: 4
    benchmark: info/benchmark/SRR8094770.metadata.bench
    wildcards: sample=SRR8094770
    threads: 4

[Thu Nov  5 10:49:48 2020]
Finished job 4.
1 of 5 steps (20%) done

[Thu Nov  5 10:49:48 2020]
rule srafetch:
    input: results/Metadata/SRR8094770.json
    output: results/SRA/SRR8094770.sra
    log: info/logs/SRR8094770.srafetch.log
    jobid: 2
    benchmark: info/benchmark/SRR8094770.srafetch.bench
    wildcards: sample=SRR8094770
    threads: 4

[Thu Nov  5 10:49:48 2020]
Error in rule srafetch:
    jobid: 2
    output: results/SRA/SRR8094770.sra
    log: info/logs/SRR8094770.srafetch.log (check log file(s) for error message)

RuleException:
URLError in line 68 of /home/kasper/Git_repositories/LiverDB/workflow/Snakefile.py:
<urlopen error [Errno 2] No such file or directory: '/home/kasper/Git_repositories/LiverDB/workflow/scripts/srafetch.py'>
  File "/home/kasper/Git_repositories/LiverDB/workflow/Snakefile.py", line 68, in __rule_srafetch
  File "/home/kasper/miniconda3/lib/python3.7/urllib/request.py", line 222, in urlopen
  File "/home/kasper/miniconda3/lib/python3.7/urllib/request.py", line 525, in open
  File "/home/kasper/miniconda3/lib/python3.7/urllib/request.py", line 543, in _open
  File "/home/kasper/miniconda3/lib/python3.7/urllib/request.py", line 503, in _call_chain
  File "/home/kasper/miniconda3/lib/python3.7/urllib/request.py", line 1453, in file_open
  File "/home/kasper/miniconda3/lib/python3.7/urllib/request.py", line 1492, in open_local_file
  File "/home/kasper/miniconda3/lib/python3.7/concurrent/futures/thread.py", line 57, in run
Waiting at most 5 seconds for missing files.
MissingOutputException in line 37 of /home/kasper/Git_repositories/LiverDB/workflow/Snakefile.py:
Job completed successfully, but some output files are missing. Missing files after 5 seconds:
results/Metadata/SRR12845350.json
This might be due to filesystem latency. If that is the case, consider to increase the wait time with --latency-wait.
Shutting down, this might take some time.
Exiting because a job execution failed. Look above for error message
Complete log: /home/kasper/Git_repositories/LiverDB/workflow/.snakemake/log/2020-11-05T104945.665286.snakemake.log
