Building DAG of jobs...
Using shell: /bin/bash
Provided cores: 10
Rules claiming more threads will be scaled down.
Job counts:
	count	jobs
	1	STAR_align
	1	all
	2

[Thu Nov  5 15:02:40 2020]
rule STAR_align:
    input: results/Metadata/SRR8094770.json, results/Fastq/SRR8094770_1.fastq, results/Fastq/SRR8094770_2.fastq
    output: results/STAR/SRR8094770_Aligned.sortedByCoord.out.bam, results/STAR/SRR8094770_Aligned.toTranscriptome.out.bam, results/STAR/SRR8094770_Chimeric.out.junction, results/STAR/SRR8094770_Log.final.out, results/STAR/SRR8094770_Log.out, results/STAR/SRR8094770_Log.progress.out, results/STAR/SRR8094770_SJ.out.tab
    jobid: 2
    wildcards: sample=SRR8094770

[Thu Nov  5 15:02:40 2020]
Error in rule STAR_align:
    jobid: 2
    output: results/STAR/SRR8094770_Aligned.sortedByCoord.out.bam, results/STAR/SRR8094770_Aligned.toTranscriptome.out.bam, results/STAR/SRR8094770_Chimeric.out.junction, results/STAR/SRR8094770_Log.final.out, results/STAR/SRR8094770_Log.out, results/STAR/SRR8094770_Log.progress.out, results/STAR/SRR8094770_SJ.out.tab

RuleException:
CalledProcessError in line 142 of /home/kasper/Git_repositories/LiverDB/workflow/Snakefile.py:
Command 'set -euo pipefail;  /home/kasper/miniconda3/bin/python3.7 /home/kasper/Git_repositories/LiverDB/.snakemake/scripts/tmp18998jte.star_align.py' returned non-zero exit status 1.
  File "/home/kasper/Git_repositories/LiverDB/workflow/Snakefile.py", line 142, in __rule_STAR_align
  File "/home/kasper/miniconda3/lib/python3.7/concurrent/futures/thread.py", line 57, in run
Shutting down, this might take some time.
Exiting because a job execution failed. Look above for error message
Complete log: /home/kasper/Git_repositories/LiverDB/workflow/.snakemake/log/2020-11-05T150240.552446.snakemake.log
