Building DAG of jobs...
Using shell: /bin/bash
Provided cores: 36
Rules claiming more threads will be scaled down.
Job counts:
	count	jobs
	1	all
	1	zero_intolerance
	2

[Fri Nov 13 11:34:55 2020]
rule zero_intolerance:
    input: results/Rawdata/Counts/9606/genes.tsv, results/Rawdata/Counts/9606/transcripts.tsv
    output: results/Counts/9606/genes.tsv, results/Counts/9606/transcript.tsv
    jobid: 1
    wildcards: species=9606
    threads: 4

Activating conda environment: /home/kasper/Git_repositories/LiverDB/.snakemake/conda/db72b297
Terminating processes on user request, this might take some time.
[Fri Nov 13 11:35:27 2020]
Error in rule zero_intolerance:
    jobid: 1
    output: results/Counts/9606/genes.tsv, results/Counts/9606/transcript.tsv
    conda-env: /home/kasper/Git_repositories/LiverDB/.snakemake/conda/db72b297

RuleException:
CalledProcessError in line 276 of /home/kasper/Git_repositories/LiverDB/workflow/Snakefile.py:
Command 'source /home/kasper/miniconda3/bin/activate '/home/kasper/Git_repositories/LiverDB/.snakemake/conda/db72b297'; set -euo pipefail;  Rscript --vanilla /home/kasper/Git_repositories/LiverDB/.snakemake/scripts/tmp7ghvylpf.zero_intolerance.R' returned non-zero exit status 1.
  File "/home/kasper/Git_repositories/LiverDB/workflow/Snakefile.py", line 276, in __rule_zero_intolerance
  File "/home/kasper/miniconda3/lib/python3.7/concurrent/futures/thread.py", line 57, in run
Complete log: /home/kasper/Git_repositories/LiverDB/workflow/.snakemake/log/2020-11-13T113455.579937.snakemake.log
