Building DAG of jobs...
Using shell: /bin/bash
Provided cores: 10
Rules claiming more threads will be scaled down.
Job counts:
	count	jobs
	1	all
	2	fastqdump
	2	metadata
	2	srafetch
	7

[Thu Nov  5 14:29:11 2020]
rule metadata:
    output: results/Metadata/SRR8094770.json
    log: info/logs/SRR8094770.metadata.log
    jobid: 5
    benchmark: info/benchmark/SRR8094770.metadata.bench
    wildcards: sample=SRR8094770

[Thu Nov  5 14:29:11 2020]
rule metadata:
    output: results/Metadata/SRR12845350.json
    log: info/logs/SRR12845350.metadata.log
    jobid: 3
    benchmark: info/benchmark/SRR12845350.metadata.bench
    wildcards: sample=SRR12845350

[Thu Nov  5 14:29:15 2020]
Finished job 3.
1 of 7 steps (14%) done

[Thu Nov  5 14:29:15 2020]
rule srafetch:
    input: results/Metadata/SRR12845350.json
    output: results/SRA/SRR12845350.sra
    log: info/logs/SRR12845350.srafetch.log
    jobid: 4
    benchmark: info/benchmark/SRR12845350.srafetch.bench
    wildcards: sample=SRR12845350

[Thu Nov  5 14:29:16 2020]
Finished job 5.
2 of 7 steps (29%) done

[Thu Nov  5 14:29:16 2020]
rule srafetch:
    input: results/Metadata/SRR8094770.json
    output: results/SRA/SRR8094770.sra
    log: info/logs/SRR8094770.srafetch.log
    jobid: 6
    benchmark: info/benchmark/SRR8094770.srafetch.bench
    wildcards: sample=SRR8094770

[Thu Nov  5 14:29:32 2020]
Finished job 4.
3 of 7 steps (43%) done

[Thu Nov  5 14:29:32 2020]
rule fastqdump:
    input: results/Metadata/SRR12845350.json, results/SRA/SRR12845350.sra
    output: results/Fastq/SRR12845350_1.fastq, results/Fastq/SRR12845350_2.fastq
    log: info/logs/SRR12845350.fastqdump.log
    jobid: 1
    benchmark: info/benchmark/SRR12845350.fastqdump.bench
    wildcards: sample=SRR12845350

[Thu Nov  5 14:29:33 2020]
Finished job 6.
4 of 7 steps (57%) done

[Thu Nov  5 14:29:33 2020]
rule fastqdump:
    input: results/Metadata/SRR8094770.json, results/SRA/SRR8094770.sra
    output: results/Fastq/SRR8094770_1.fastq, results/Fastq/SRR8094770_2.fastq
    log: info/logs/SRR8094770.fastqdump.log
    jobid: 2
    benchmark: info/benchmark/SRR8094770.fastqdump.bench
    wildcards: sample=SRR8094770

[Thu Nov  5 14:29:48 2020]
Finished job 1.
5 of 7 steps (71%) done
[Thu Nov  5 14:30:20 2020]
Finished job 2.
6 of 7 steps (86%) done

[Thu Nov  5 14:30:20 2020]
localrule all:
    input: results/Fastq/SRR12845350_1.fastq, results/Fastq/SRR8094770_1.fastq, results/Fastq/SRR12845350_2.fastq, results/Fastq/SRR8094770_2.fastq
    jobid: 0

Removing temporary output file results/Fastq/SRR12845350_2.fastq.
Removing temporary output file results/Fastq/SRR12845350_1.fastq.
Removing temporary output file results/Fastq/SRR8094770_1.fastq.
Removing temporary output file results/Fastq/SRR8094770_2.fastq.
[Thu Nov  5 14:30:21 2020]
Finished job 0.
7 of 7 steps (100%) done
Complete log: /home/kasper/Git_repositories/LiverDB/workflow/.snakemake/log/2020-11-05T142911.589399.snakemake.log
