Building DAG of jobs...
Using shell: /bin/bash
Provided cores: 36
Rules claiming more threads will be scaled down.
Job counts:
	count	jobs
	16	STAR_align
	1	all
	16	count_reads
	16	fastqdump
	16	metadata
	16	srafetch
	16	tx_sort
	16	zero_intolerance
	113

[Mon Nov 16 11:39:40 2020]
rule metadata:
    output: /disk3/Data/RNAseq/dev20.004_LiverDB/results/Metadata/SRR5750514.json
    log: /disk3/Data/RNAseq/dev20.004_LiverDB/info/logs/SRR5750514.metadata.log
    jobid: 51
    benchmark: /disk3/Data/RNAseq/dev20.004_LiverDB/info/benchmark/SRR5750514.metadata.bench
    wildcards: sample=SRR5750514
    threads: 10

[Mon Nov 16 11:39:40 2020]
rule metadata:
    output: /disk3/Data/RNAseq/dev20.004_LiverDB/results/Metadata/SRR5899018.json
    log: /disk3/Data/RNAseq/dev20.004_LiverDB/info/logs/SRR5899018.metadata.log
    jobid: 60
    benchmark: /disk3/Data/RNAseq/dev20.004_LiverDB/info/benchmark/SRR5899018.metadata.bench
    wildcards: sample=SRR5899018
    threads: 10

[Mon Nov 16 11:39:40 2020]
rule metadata:
    output: /disk3/Data/RNAseq/dev20.004_LiverDB/results/Metadata/SRR5899024.json
    log: /disk3/Data/RNAseq/dev20.004_LiverDB/info/logs/SRR5899024.metadata.log
    jobid: 78
    benchmark: /disk3/Data/RNAseq/dev20.004_LiverDB/info/benchmark/SRR5899024.metadata.bench
    wildcards: sample=SRR5899024
    threads: 10

[Mon Nov 16 11:39:43 2020]
Finished job 60.
1 of 113 steps (0.88%) done

[Mon Nov 16 11:39:43 2020]
rule srafetch:
    input: /disk3/Data/RNAseq/dev20.004_LiverDB/results/Metadata/SRR5899018.json
    output: /disk3/Data/RNAseq/dev20.004_LiverDB/results/Rawdata/SRA/SRR5899018.sra
    log: /disk3/Data/RNAseq/dev20.004_LiverDB/info/logs/SRR5899018.srafetch.log
    jobid: 106
    benchmark: /disk3/Data/RNAseq/dev20.004_LiverDB/info/benchmark/SRR5899018.srafetch.bench
    wildcards: sample=SRR5899018
    threads: 10

[Mon Nov 16 11:39:43 2020]
Finished job 78.
2 of 113 steps (2%) done

[Mon Nov 16 11:39:43 2020]
rule srafetch:
    input: /disk3/Data/RNAseq/dev20.004_LiverDB/results/Metadata/SRR5899024.json
    output: /disk3/Data/RNAseq/dev20.004_LiverDB/results/Rawdata/SRA/SRR5899024.sra
    log: /disk3/Data/RNAseq/dev20.004_LiverDB/info/logs/SRR5899024.srafetch.log
    jobid: 112
    benchmark: /disk3/Data/RNAseq/dev20.004_LiverDB/info/benchmark/SRR5899024.srafetch.bench
    wildcards: sample=SRR5899024
    threads: 10

[Mon Nov 16 11:39:44 2020]
Finished job 51.
3 of 113 steps (3%) done

[Mon Nov 16 11:39:44 2020]
rule srafetch:
    input: /disk3/Data/RNAseq/dev20.004_LiverDB/results/Metadata/SRR5750514.json
    output: /disk3/Data/RNAseq/dev20.004_LiverDB/results/Rawdata/SRA/SRR5750514.sra
    log: /disk3/Data/RNAseq/dev20.004_LiverDB/info/logs/SRR5750514.srafetch.log
    jobid: 103
    benchmark: /disk3/Data/RNAseq/dev20.004_LiverDB/info/benchmark/SRR5750514.srafetch.bench
    wildcards: sample=SRR5750514
    threads: 10

Activating conda environment: /home/kasper/Git_repositories/LiverDB/.snakemake/conda/f0208fbb
Activating conda environment: /home/kasper/Git_repositories/LiverDB/.snakemake/conda/f0208fbb
Activating conda environment: /home/kasper/Git_repositories/LiverDB/.snakemake/conda/f0208fbb
Terminating processes on user request, this might take some time.
[Mon Nov 16 11:39:49 2020]
Error in rule srafetch:
    jobid: 103
[Mon Nov 16 11:39:49 2020]
    output: /disk3/Data/RNAseq/dev20.004_LiverDB/results/Rawdata/SRA/SRR5750514.sra
Error in rule srafetch:
[Mon Nov 16 11:39:49 2020]
    log: /disk3/Data/RNAseq/dev20.004_LiverDB/info/logs/SRR5750514.srafetch.log (check log file(s) for error message)
    jobid: 106
Error in rule srafetch:
    conda-env: /home/kasper/Git_repositories/LiverDB/.snakemake/conda/f0208fbb
    output: /disk3/Data/RNAseq/dev20.004_LiverDB/results/Rawdata/SRA/SRR5899018.sra
    jobid: 112

    log: /disk3/Data/RNAseq/dev20.004_LiverDB/info/logs/SRR5899018.srafetch.log (check log file(s) for error message)
    output: /disk3/Data/RNAseq/dev20.004_LiverDB/results/Rawdata/SRA/SRR5899024.sra
    conda-env: /home/kasper/Git_repositories/LiverDB/.snakemake/conda/f0208fbb
    log: /disk3/Data/RNAseq/dev20.004_LiverDB/info/logs/SRR5899024.srafetch.log (check log file(s) for error message)

    conda-env: /home/kasper/Git_repositories/LiverDB/.snakemake/conda/f0208fbb
RuleException:
CalledProcessError in line 112 of /home/kasper/Git_repositories/LiverDB/workflow/Snakefile.py:
Command 'source /home/kasper/miniconda3/bin/activate '/home/kasper/Git_repositories/LiverDB/.snakemake/conda/f0208fbb'; set -euo pipefail;  /home/kasper/miniconda3/bin/python3.7 /home/kasper/Git_repositories/LiverDB/.snakemake/scripts/tmpcbvjr522.sraprefetch.py' returned non-zero exit status 1.
  File "/home/kasper/Git_repositories/LiverDB/workflow/Snakefile.py", line 112, in __rule_srafetch
  File "/home/kasper/miniconda3/lib/python3.7/concurrent/futures/thread.py", line 57, in run

RuleException:
CalledProcessError in line 112 of /home/kasper/Git_repositories/LiverDB/workflow/Snakefile.py:
Command 'source /home/kasper/miniconda3/bin/activate '/home/kasper/Git_repositories/LiverDB/.snakemake/conda/f0208fbb'; set -euo pipefail;  /home/kasper/miniconda3/bin/python3.7 /home/kasper/Git_repositories/LiverDB/.snakemake/scripts/tmp438tvt62.sraprefetch.py' returned non-zero exit status 1.
  File "/home/kasper/Git_repositories/LiverDB/workflow/Snakefile.py", line 112, in __rule_srafetch
  File "/home/kasper/miniconda3/lib/python3.7/concurrent/futures/thread.py", line 57, in run
RuleException:
CalledProcessError in line 112 of /home/kasper/Git_repositories/LiverDB/workflow/Snakefile.py:
Command 'source /home/kasper/miniconda3/bin/activate '/home/kasper/Git_repositories/LiverDB/.snakemake/conda/f0208fbb'; set -euo pipefail;  /home/kasper/miniconda3/bin/python3.7 /home/kasper/Git_repositories/LiverDB/.snakemake/scripts/tmpa17canf2.sraprefetch.py' returned non-zero exit status 1.
  File "/home/kasper/Git_repositories/LiverDB/workflow/Snakefile.py", line 112, in __rule_srafetch
  File "/home/kasper/miniconda3/lib/python3.7/concurrent/futures/thread.py", line 57, in run
Complete log: /home/kasper/Git_repositories/LiverDB/workflow/.snakemake/log/2020-11-16T113939.975382.snakemake.log
