Building DAG of jobs...
Using shell: /bin/bash
Provided cores: 36
Rules claiming more threads will be scaled down.
Job counts:
	count	jobs
	1	all
	2	count_reads
	1	tx_sort
	4

[Fri Nov  6 14:17:46 2020]
rule count_reads:
    input: results/Metadata/SRR12845350.json, results/Rawdata/Aligned/SRR12845350_Aligned.sortedByCoord.out.bam, results/Rawdata/Aligned/SRR12845350_Aligned.toTranscriptome.sortedByCoord.out.bam
    output: results/Rawdata/HTSeq_count/genes_SRR12845350.tsv, results/Rawdata/HTSeq_count/transcripts_SRR12845350.tsv
    log: info/logs/SRR12845350.count_reads.log
    jobid: 1
    benchmark: info/benchmark/SRR12845350.count_reads.bench
    wildcards: sample=SRR12845350

[Fri Nov  6 14:17:46 2020]
rule tx_sort:
    input: results/Metadata/SRR8094770.json, results/Rawdata/Aligned/SRR8094770_Aligned.toTranscriptome.out.bam
    output: results/Rawdata/Aligned/SRR8094770_Aligned.toTranscriptome.sortedByCoord.out.bam
    log: info/logs/SRR8094770.tx_sort.log
    jobid: 8
    benchmark: info/benchmark/SRR8094770.tx_sort.bench
    wildcards: sample=SRR8094770

Activating conda environment: /home/kasper/Git_repositories/LiverDB/.snakemake/conda/4267c048
Activating conda environment: /home/kasper/Git_repositories/LiverDB/.snakemake/conda/4267c048
Removing temporary output file results/Rawdata/Aligned/SRR8094770_Aligned.toTranscriptome.out.bam.
[Fri Nov  6 14:17:51 2020]
Finished job 8.
1 of 4 steps (25%) done

[Fri Nov  6 14:17:51 2020]
rule count_reads:
    input: results/Metadata/SRR8094770.json, results/Rawdata/Aligned/SRR8094770_Aligned.sortedByCoord.out.bam, results/Rawdata/Aligned/SRR8094770_Aligned.toTranscriptome.sortedByCoord.out.bam
    output: results/Rawdata/HTSeq_count/genes_SRR8094770.tsv, results/Rawdata/HTSeq_count/transcripts_SRR8094770.tsv
    log: info/logs/SRR8094770.count_reads.log
    jobid: 2
    benchmark: info/benchmark/SRR8094770.count_reads.bench
    wildcards: sample=SRR8094770

[Fri Nov  6 14:17:51 2020]
Error in rule count_reads:
    jobid: 1
    output: results/Rawdata/HTSeq_count/genes_SRR12845350.tsv, results/Rawdata/HTSeq_count/transcripts_SRR12845350.tsv
    log: info/logs/SRR12845350.count_reads.log (check log file(s) for error message)
    conda-env: /home/kasper/Git_repositories/LiverDB/.snakemake/conda/4267c048

RuleException:
CalledProcessError in line 222 of /home/kasper/Git_repositories/LiverDB/workflow/Snakefile.py:
Command 'source /home/kasper/miniconda3/bin/activate '/home/kasper/Git_repositories/LiverDB/.snakemake/conda/4267c048'; set -euo pipefail;  /home/kasper/miniconda3/bin/python3.7 /home/kasper/Git_repositories/LiverDB/.snakemake/scripts/tmps1cbwlm7.count_reads.py' returned non-zero exit status 1.
  File "/home/kasper/Git_repositories/LiverDB/workflow/Snakefile.py", line 222, in __rule_count_reads
  File "/home/kasper/miniconda3/lib/python3.7/concurrent/futures/thread.py", line 57, in run
Removing output files of failed job count_reads since they might be corrupted:
results/Rawdata/HTSeq_count/genes_SRR12845350.tsv
Activating conda environment: /home/kasper/Git_repositories/LiverDB/.snakemake/conda/4267c048
[Fri Nov  6 14:17:52 2020]
Error in rule count_reads:
    jobid: 2
    output: results/Rawdata/HTSeq_count/genes_SRR8094770.tsv, results/Rawdata/HTSeq_count/transcripts_SRR8094770.tsv
    log: info/logs/SRR8094770.count_reads.log (check log file(s) for error message)
    conda-env: /home/kasper/Git_repositories/LiverDB/.snakemake/conda/4267c048

RuleException:
CalledProcessError in line 222 of /home/kasper/Git_repositories/LiverDB/workflow/Snakefile.py:
Command 'source /home/kasper/miniconda3/bin/activate '/home/kasper/Git_repositories/LiverDB/.snakemake/conda/4267c048'; set -euo pipefail;  /home/kasper/miniconda3/bin/python3.7 /home/kasper/Git_repositories/LiverDB/.snakemake/scripts/tmp0_ghm47h.count_reads.py' returned non-zero exit status 1.
  File "/home/kasper/Git_repositories/LiverDB/workflow/Snakefile.py", line 222, in __rule_count_reads
  File "/home/kasper/miniconda3/lib/python3.7/concurrent/futures/thread.py", line 57, in run
Removing output files of failed job count_reads since they might be corrupted:
results/Rawdata/HTSeq_count/genes_SRR8094770.tsv
Shutting down, this might take some time.
Exiting because a job execution failed. Look above for error message
Complete log: /home/kasper/Git_repositories/LiverDB/workflow/.snakemake/log/2020-11-06T141746.688822.snakemake.log
