Building DAG of jobs...
Using shell: /bin/bash
Provided cores: 36
Rules claiming more threads will be scaled down.
Job counts:
	count	jobs
	2	STAR_align
	1	all
	2	count_reads
	2	fastqdump
	2	metadata
	2	srafetch
	2	tx_sort
	2	zero_intolerance
	15

[Mon Nov 16 11:24:44 2020]
rule metadata:
    output: results/Metadata/SRR8094770.json
    log: info/logs/SRR8094770.metadata.log
    jobid: 8
    benchmark: info/benchmark/SRR8094770.metadata.bench
    wildcards: sample=SRR8094770
    threads: 10

[Mon Nov 16 11:24:44 2020]
rule metadata:
    output: results/Metadata/SRR12845350.json
    log: info/logs/SRR12845350.metadata.log
    jobid: 5
    benchmark: info/benchmark/SRR12845350.metadata.bench
    wildcards: sample=SRR12845350
    threads: 10

[Mon Nov 16 11:24:47 2020]
Finished job 5.
1 of 15 steps (7%) done

[Mon Nov 16 11:24:47 2020]
rule srafetch:
    input: results/Metadata/SRR12845350.json
    output: results/Rawdata/SRA/SRR12845350.sra
    log: info/logs/SRR12845350.srafetch.log
    jobid: 13
    benchmark: info/benchmark/SRR12845350.srafetch.bench
    wildcards: sample=SRR12845350
    threads: 10

[Mon Nov 16 11:24:48 2020]
Finished job 8.
2 of 15 steps (13%) done

[Mon Nov 16 11:24:48 2020]
rule srafetch:
    input: results/Metadata/SRR8094770.json
    output: results/Rawdata/SRA/SRR8094770.sra
    log: info/logs/SRR8094770.srafetch.log
    jobid: 14
    benchmark: info/benchmark/SRR8094770.srafetch.bench
    wildcards: sample=SRR8094770
    threads: 10

Activating conda environment: /home/kasper/Git_repositories/LiverDB/.snakemake/conda/f0208fbb
Activating conda environment: /home/kasper/Git_repositories/LiverDB/.snakemake/conda/f0208fbb
Terminating processes on user request, this might take some time.
[Mon Nov 16 11:25:01 2020]
[Mon Nov 16 11:25:01 2020]
Error in rule srafetch:
Error in rule srafetch:
    jobid: 13
    jobid: 14
    output: results/Rawdata/SRA/SRR12845350.sra
    output: results/Rawdata/SRA/SRR8094770.sra
    log: info/logs/SRR12845350.srafetch.log (check log file(s) for error message)
    log: info/logs/SRR8094770.srafetch.log (check log file(s) for error message)
    conda-env: /home/kasper/Git_repositories/LiverDB/.snakemake/conda/f0208fbb
    conda-env: /home/kasper/Git_repositories/LiverDB/.snakemake/conda/f0208fbb


RuleException:
CalledProcessError in line 111 of /home/kasper/Git_repositories/LiverDB/workflow/Snakefile.py:
Command 'source /home/kasper/miniconda3/bin/activate '/home/kasper/Git_repositories/LiverDB/.snakemake/conda/f0208fbb'; set -euo pipefail;  /home/kasper/miniconda3/bin/python3.7 /home/kasper/Git_repositories/LiverDB/.snakemake/scripts/tmp0y7xu809.sraprefetch.py' returned non-zero exit status 1.
  File "/home/kasper/Git_repositories/LiverDB/workflow/Snakefile.py", line 111, in __rule_srafetch
  File "/home/kasper/miniconda3/lib/python3.7/concurrent/futures/thread.py", line 57, in run
RuleException:
CalledProcessError in line 111 of /home/kasper/Git_repositories/LiverDB/workflow/Snakefile.py:
Command 'source /home/kasper/miniconda3/bin/activate '/home/kasper/Git_repositories/LiverDB/.snakemake/conda/f0208fbb'; set -euo pipefail;  /home/kasper/miniconda3/bin/python3.7 /home/kasper/Git_repositories/LiverDB/.snakemake/scripts/tmpai01_565.sraprefetch.py' returned non-zero exit status 1.
  File "/home/kasper/Git_repositories/LiverDB/workflow/Snakefile.py", line 111, in __rule_srafetch
  File "/home/kasper/miniconda3/lib/python3.7/concurrent/futures/thread.py", line 57, in run
Complete log: /home/kasper/Git_repositories/LiverDB/workflow/.snakemake/log/2020-11-16T112444.271089.snakemake.log
