Building DAG of jobs...
Using shell: /bin/bash
Provided cores: 36
Rules claiming more threads will be scaled down.
Job counts:
	count	jobs
	8	STAR_align
	1	all
	8	count_reads
	8	tx_sort
	8	zero_intolerance
	33

[Mon Nov 16 14:14:06 2020]
rule STAR_align:
    input: /disk3/Data/RNAseq/dev20.004_LiverDB/results/Metadata/SRR3945164.json, /disk3/Data/RNAseq/dev20.004_LiverDB/results/Rawdata/Fastq/SRR3945164_1.fastq, /disk3/Data/RNAseq/dev20.004_LiverDB/results/Rawdata/Fastq/SRR3945164_2.fastq
    output: /disk3/Data/RNAseq/dev20.004_LiverDB/results/Rawdata/Aligned/SRR3945164_Aligned.sortedByCoord.out.bam, /disk3/Data/RNAseq/dev20.004_LiverDB/results/Rawdata/Aligned/SRR3945164_Aligned.toTranscriptome.out.bam, /disk3/Data/RNAseq/dev20.004_LiverDB/results/Rawdata/Aligned/SRR3945164_Chimeric.out.junction, /disk3/Data/RNAseq/dev20.004_LiverDB/results/Rawdata/Aligned/SRR3945164_Log.final.out, /disk3/Data/RNAseq/dev20.004_LiverDB/results/Rawdata/Aligned/SRR3945164_Log.out, /disk3/Data/RNAseq/dev20.004_LiverDB/results/Rawdata/Aligned/SRR3945164_Log.progress.out, /disk3/Data/RNAseq/dev20.004_LiverDB/results/Rawdata/Aligned/SRR3945164_SJ.out.tab
    log: /disk3/Data/RNAseq/dev20.004_LiverDB/info/logs/SRR3945164.star_align.log
    jobid: 27
    benchmark: /disk3/Data/RNAseq/dev20.004_LiverDB/info/benchmark/SRR3945164.star_align.bench
    wildcards: sample=SRR3945164
    threads: 36

Activating conda environment: /home/kasper/Git_repositories/LiverDB/.snakemake/conda/fd596e9f
[Mon Nov 16 14:14:10 2020]
Error in rule STAR_align:
    jobid: 27
    output: /disk3/Data/RNAseq/dev20.004_LiverDB/results/Rawdata/Aligned/SRR3945164_Aligned.sortedByCoord.out.bam, /disk3/Data/RNAseq/dev20.004_LiverDB/results/Rawdata/Aligned/SRR3945164_Aligned.toTranscriptome.out.bam, /disk3/Data/RNAseq/dev20.004_LiverDB/results/Rawdata/Aligned/SRR3945164_Chimeric.out.junction, /disk3/Data/RNAseq/dev20.004_LiverDB/results/Rawdata/Aligned/SRR3945164_Log.final.out, /disk3/Data/RNAseq/dev20.004_LiverDB/results/Rawdata/Aligned/SRR3945164_Log.out, /disk3/Data/RNAseq/dev20.004_LiverDB/results/Rawdata/Aligned/SRR3945164_Log.progress.out, /disk3/Data/RNAseq/dev20.004_LiverDB/results/Rawdata/Aligned/SRR3945164_SJ.out.tab
    log: /disk3/Data/RNAseq/dev20.004_LiverDB/info/logs/SRR3945164.star_align.log (check log file(s) for error message)
    conda-env: /home/kasper/Git_repositories/LiverDB/.snakemake/conda/fd596e9f

RuleException:
CalledProcessError in line 180 of /home/kasper/Git_repositories/LiverDB/workflow/Snakefile.py:
Command 'source /home/kasper/miniconda3/bin/activate '/home/kasper/Git_repositories/LiverDB/.snakemake/conda/fd596e9f'; set -euo pipefail;  /home/kasper/miniconda3/bin/python3.7 /home/kasper/Git_repositories/LiverDB/.snakemake/scripts/tmp1qy6i0ln.star_align.py' returned non-zero exit status 1.
  File "/home/kasper/Git_repositories/LiverDB/workflow/Snakefile.py", line 180, in __rule_STAR_align
  File "/home/kasper/miniconda3/lib/python3.7/concurrent/futures/thread.py", line 57, in run
Removing output files of failed job STAR_align since they might be corrupted:
/disk3/Data/RNAseq/dev20.004_LiverDB/results/Rawdata/Aligned/SRR3945164_Aligned.sortedByCoord.out.bam, /disk3/Data/RNAseq/dev20.004_LiverDB/results/Rawdata/Aligned/SRR3945164_Aligned.toTranscriptome.out.bam, /disk3/Data/RNAseq/dev20.004_LiverDB/results/Rawdata/Aligned/SRR3945164_Log.out, /disk3/Data/RNAseq/dev20.004_LiverDB/results/Rawdata/Aligned/SRR3945164_Log.progress.out
Shutting down, this might take some time.
Exiting because a job execution failed. Look above for error message
Complete log: /home/kasper/Git_repositories/LiverDB/workflow/.snakemake/log/2020-11-16T141406.078369.snakemake.log
