Building DAG of jobs...
Using shell: /bin/bash
Provided cores: 36
Rules claiming more threads will be scaled down.
Job counts:
	count	jobs
	1	all
	1	zero_intolerance
	2

[Fri Nov 13 11:34:37 2020]
rule zero_intolerance:
    input: results/Rawdata/Counts/9606/genes.tsv, results/Rawdata/Counts/9606/transcripts.tsv
    output: results/Counts/9606/genes.tsv, results/Counts/9606/transcript.tsv
    jobid: 1
    wildcards: species=9606
    threads: 4

Activating conda environment: /home/kasper/Git_repositories/LiverDB/.snakemake/conda/db72b297
[Fri Nov 13 11:34:45 2020]
Finished job 1.
1 of 2 steps (50%) done

[Fri Nov 13 11:34:45 2020]
localrule all:
    input: results/Counts/9606/genes.tsv
    jobid: 0

[Fri Nov 13 11:34:45 2020]
Finished job 0.
2 of 2 steps (100%) done
Complete log: /home/kasper/Git_repositories/LiverDB/workflow/.snakemake/log/2020-11-13T113437.656597.snakemake.log
