Building DAG of jobs...
Using shell: /bin/bash
Provided cores: 36
Rules claiming more threads will be scaled down.
Job counts:
	count	jobs
	8	STAR_align
	1	all
	8	count_reads
	8	fastqdump
	8	metadata
	8	srafetch
	8	tx_sort
	8	zero_intolerance
	57

[Mon Nov 16 14:31:18 2020]
rule metadata:
    output: /disk3/Data/RNAseq/dev20.004_LiverDB/results/Metadata/SRR1045525.json
    log: /disk3/Data/RNAseq/dev20.004_LiverDB/info/logs/SRR1045525.metadata.log
    jobid: 32
    benchmark: /disk3/Data/RNAseq/dev20.004_LiverDB/info/benchmark/SRR1045525.metadata.bench
    wildcards: sample=SRR1045525
    threads: 10

[Mon Nov 16 14:31:18 2020]
rule metadata:
    output: /disk3/Data/RNAseq/dev20.004_LiverDB/results/Metadata/SRR1045524.json
    log: /disk3/Data/RNAseq/dev20.004_LiverDB/info/logs/SRR1045524.metadata.log
    jobid: 29
    benchmark: /disk3/Data/RNAseq/dev20.004_LiverDB/info/benchmark/SRR1045524.metadata.bench
    wildcards: sample=SRR1045524
    threads: 10

[Mon Nov 16 14:31:18 2020]
rule metadata:
    output: /disk3/Data/RNAseq/dev20.004_LiverDB/results/Metadata/SRR1045523.json
    log: /disk3/Data/RNAseq/dev20.004_LiverDB/info/logs/SRR1045523.metadata.log
    jobid: 26
    benchmark: /disk3/Data/RNAseq/dev20.004_LiverDB/info/benchmark/SRR1045523.metadata.bench
    wildcards: sample=SRR1045523
    threads: 10

[Mon Nov 16 14:31:21 2020]
Finished job 29.
1 of 57 steps (2%) done

[Mon Nov 16 14:31:21 2020]
rule srafetch:
    input: /disk3/Data/RNAseq/dev20.004_LiverDB/results/Metadata/SRR1045524.json
    output: /disk3/Data/RNAseq/dev20.004_LiverDB/results/Rawdata/SRA/SRR1045524.sra
    log: /disk3/Data/RNAseq/dev20.004_LiverDB/info/logs/SRR1045524.srafetch.log
    jobid: 53
    benchmark: /disk3/Data/RNAseq/dev20.004_LiverDB/info/benchmark/SRR1045524.srafetch.bench
    wildcards: sample=SRR1045524
    threads: 10

[Mon Nov 16 14:31:22 2020]
Finished job 32.
2 of 57 steps (4%) done

[Mon Nov 16 14:31:22 2020]
rule srafetch:
    input: /disk3/Data/RNAseq/dev20.004_LiverDB/results/Metadata/SRR1045525.json
    output: /disk3/Data/RNAseq/dev20.004_LiverDB/results/Rawdata/SRA/SRR1045525.sra
    log: /disk3/Data/RNAseq/dev20.004_LiverDB/info/logs/SRR1045525.srafetch.log
    jobid: 54
    benchmark: /disk3/Data/RNAseq/dev20.004_LiverDB/info/benchmark/SRR1045525.srafetch.bench
    wildcards: sample=SRR1045525
    threads: 10

[Mon Nov 16 14:31:22 2020]
Finished job 26.
3 of 57 steps (5%) done

[Mon Nov 16 14:31:22 2020]
rule srafetch:
    input: /disk3/Data/RNAseq/dev20.004_LiverDB/results/Metadata/SRR1045523.json
    output: /disk3/Data/RNAseq/dev20.004_LiverDB/results/Rawdata/SRA/SRR1045523.sra
    log: /disk3/Data/RNAseq/dev20.004_LiverDB/info/logs/SRR1045523.srafetch.log
    jobid: 52
    benchmark: /disk3/Data/RNAseq/dev20.004_LiverDB/info/benchmark/SRR1045523.srafetch.bench
    wildcards: sample=SRR1045523
    threads: 10

Activating conda environment: /home/kasper/Git_repositories/LiverDB/.snakemake/conda/f0208fbb
Activating conda environment: /home/kasper/Git_repositories/LiverDB/.snakemake/conda/f0208fbb
Activating conda environment: /home/kasper/Git_repositories/LiverDB/.snakemake/conda/f0208fbb
[Mon Nov 16 14:32:28 2020]
Finished job 53.
4 of 57 steps (7%) done

[Mon Nov 16 14:32:28 2020]
rule fastqdump:
    input: /disk3/Data/RNAseq/dev20.004_LiverDB/results/Metadata/SRR1045524.json, /disk3/Data/RNAseq/dev20.004_LiverDB/results/Rawdata/SRA/SRR1045524.sra
    output: /disk3/Data/RNAseq/dev20.004_LiverDB/results/Rawdata/Fastq/SRR1045524_1.fastq, /disk3/Data/RNAseq/dev20.004_LiverDB/results/Rawdata/Fastq/SRR1045524_2.fastq
    log: /disk3/Data/RNAseq/dev20.004_LiverDB/info/logs/SRR1045524.fastqdump.log
    jobid: 45
    benchmark: /disk3/Data/RNAseq/dev20.004_LiverDB/info/benchmark/SRR1045524.fastqdump.bench
    wildcards: sample=SRR1045524
    threads: 10

[Mon Nov 16 14:32:28 2020]
Finished job 54.
5 of 57 steps (9%) done

[Mon Nov 16 14:32:28 2020]
rule fastqdump:
    input: /disk3/Data/RNAseq/dev20.004_LiverDB/results/Metadata/SRR1045525.json, /disk3/Data/RNAseq/dev20.004_LiverDB/results/Rawdata/SRA/SRR1045525.sra
    output: /disk3/Data/RNAseq/dev20.004_LiverDB/results/Rawdata/Fastq/SRR1045525_1.fastq, /disk3/Data/RNAseq/dev20.004_LiverDB/results/Rawdata/Fastq/SRR1045525_2.fastq
    log: /disk3/Data/RNAseq/dev20.004_LiverDB/info/logs/SRR1045525.fastqdump.log
    jobid: 46
    benchmark: /disk3/Data/RNAseq/dev20.004_LiverDB/info/benchmark/SRR1045525.fastqdump.bench
    wildcards: sample=SRR1045525
    threads: 10

Activating conda environment: /home/kasper/Git_repositories/LiverDB/.snakemake/conda/f0208fbb
Activating conda environment: /home/kasper/Git_repositories/LiverDB/.snakemake/conda/f0208fbb
Terminating processes on user request, this might take some time.
[Mon Nov 16 14:33:03 2020]
Error in rule srafetch:
    jobid: 52
    output: /disk3/Data/RNAseq/dev20.004_LiverDB/results/Rawdata/SRA/SRR1045523.sra
    log: /disk3/Data/RNAseq/dev20.004_LiverDB/info/logs/SRR1045523.srafetch.log (check log file(s) for error message)
    conda-env: /home/kasper/Git_repositories/LiverDB/.snakemake/conda/f0208fbb

RuleException:
CalledProcessError in line 112 of /home/kasper/Git_repositories/LiverDB/workflow/Snakefile.py:
Command 'source /home/kasper/miniconda3/bin/activate '/home/kasper/Git_repositories/LiverDB/.snakemake/conda/f0208fbb'; set -euo pipefail;  /home/kasper/miniconda3/bin/python3.7 /home/kasper/Git_repositories/LiverDB/.snakemake/scripts/tmpi31hkyt3.sraprefetch.py' returned non-zero exit status 1.
  File "/home/kasper/Git_repositories/LiverDB/workflow/Snakefile.py", line 112, in __rule_srafetch
  File "/home/kasper/miniconda3/lib/python3.7/concurrent/futures/thread.py", line 57, in run
[Mon Nov 16 14:33:03 2020]
Error in rule fastqdump:
    jobid: 45
    output: /disk3/Data/RNAseq/dev20.004_LiverDB/results/Rawdata/Fastq/SRR1045524_1.fastq, /disk3/Data/RNAseq/dev20.004_LiverDB/results/Rawdata/Fastq/SRR1045524_2.fastq
    log: /disk3/Data/RNAseq/dev20.004_LiverDB/info/logs/SRR1045524.fastqdump.log (check log file(s) for error message)
    conda-env: /home/kasper/Git_repositories/LiverDB/.snakemake/conda/f0208fbb

RuleException:
CalledProcessError in line 146 of /home/kasper/Git_repositories/LiverDB/workflow/Snakefile.py:
Command 'source /home/kasper/miniconda3/bin/activate '/home/kasper/Git_repositories/LiverDB/.snakemake/conda/f0208fbb'; set -euo pipefail;  /home/kasper/miniconda3/bin/python3.7 /home/kasper/Git_repositories/LiverDB/.snakemake/scripts/tmpr_vxr616.fastq_dump.py' returned non-zero exit status 1.
  File "/home/kasper/Git_repositories/LiverDB/workflow/Snakefile.py", line 146, in __rule_fastqdump
  File "/home/kasper/miniconda3/lib/python3.7/concurrent/futures/thread.py", line 57, in run
Removing output files of failed job fastqdump since they might be corrupted:
/disk3/Data/RNAseq/dev20.004_LiverDB/results/Rawdata/Fastq/SRR1045524_1.fastq, /disk3/Data/RNAseq/dev20.004_LiverDB/results/Rawdata/Fastq/SRR1045524_2.fastq
[Mon Nov 16 14:33:03 2020]
Error in rule fastqdump:
    jobid: 46
    output: /disk3/Data/RNAseq/dev20.004_LiverDB/results/Rawdata/Fastq/SRR1045525_1.fastq, /disk3/Data/RNAseq/dev20.004_LiverDB/results/Rawdata/Fastq/SRR1045525_2.fastq
    log: /disk3/Data/RNAseq/dev20.004_LiverDB/info/logs/SRR1045525.fastqdump.log (check log file(s) for error message)
    conda-env: /home/kasper/Git_repositories/LiverDB/.snakemake/conda/f0208fbb

RuleException:
CalledProcessError in line 146 of /home/kasper/Git_repositories/LiverDB/workflow/Snakefile.py:
Command 'source /home/kasper/miniconda3/bin/activate '/home/kasper/Git_repositories/LiverDB/.snakemake/conda/f0208fbb'; set -euo pipefail;  /home/kasper/miniconda3/bin/python3.7 /home/kasper/Git_repositories/LiverDB/.snakemake/scripts/tmpks69a6i8.fastq_dump.py' returned non-zero exit status 1.
  File "/home/kasper/Git_repositories/LiverDB/workflow/Snakefile.py", line 146, in __rule_fastqdump
  File "/home/kasper/miniconda3/lib/python3.7/concurrent/futures/thread.py", line 57, in run
Removing output files of failed job fastqdump since they might be corrupted:
/disk3/Data/RNAseq/dev20.004_LiverDB/results/Rawdata/Fastq/SRR1045525_1.fastq, /disk3/Data/RNAseq/dev20.004_LiverDB/results/Rawdata/Fastq/SRR1045525_2.fastq
Complete log: /home/kasper/Git_repositories/LiverDB/workflow/.snakemake/log/2020-11-16T143118.471805.snakemake.log
