Building DAG of jobs...
Using shell: /bin/bash
Provided cores: 10
Rules claiming more threads will be scaled down.
Job counts:
	count	jobs
	1	all
	2	fastqdump
	2	metadata
	2	srafetch
	7

[Thu Nov  5 12:07:22 2020]
rule metadata:
    output: results/Metadata/SRR12845350.json
    log: info/logs/SRR12845350.metadata.log
    jobid: 3
    benchmark: info/benchmark/SRR12845350.metadata.bench
    wildcards: sample=SRR12845350
    threads: 4

[Thu Nov  5 12:07:22 2020]
rule metadata:
    output: results/Metadata/SRR8094770.json
    log: info/logs/SRR8094770.metadata.log
    jobid: 5
    benchmark: info/benchmark/SRR8094770.metadata.bench
    wildcards: sample=SRR8094770
    threads: 4

Terminating processes on user request, this might take some time.
[Thu Nov  5 12:07:25 2020]
Error in rule metadata:
    jobid: 3
    output: results/Metadata/SRR12845350.json
    log: info/logs/SRR12845350.metadata.log (check log file(s) for error message)

RuleException:
CalledProcessError in line 52 of /home/kasper/Git_repositories/LiverDB/workflow/Snakefile.py:
Command 'set -euo pipefail;  /home/kasper/miniconda3/bin/python3.7 /home/kasper/Git_repositories/LiverDB/.snakemake/scripts/tmp12skqxk6.sradata.py' returned non-zero exit status 1.
  File "/home/kasper/Git_repositories/LiverDB/workflow/Snakefile.py", line 52, in __rule_metadata
  File "/home/kasper/miniconda3/lib/python3.7/concurrent/futures/thread.py", line 57, in run
[Thu Nov  5 12:07:25 2020]
Error in rule metadata:
    jobid: 5
    output: results/Metadata/SRR8094770.json
    log: info/logs/SRR8094770.metadata.log (check log file(s) for error message)

RuleException:
CalledProcessError in line 52 of /home/kasper/Git_repositories/LiverDB/workflow/Snakefile.py:
Command 'set -euo pipefail;  /home/kasper/miniconda3/bin/python3.7 /home/kasper/Git_repositories/LiverDB/.snakemake/scripts/tmpnw6un_if.sradata.py' returned non-zero exit status 1.
  File "/home/kasper/Git_repositories/LiverDB/workflow/Snakefile.py", line 52, in __rule_metadata
  File "/home/kasper/miniconda3/lib/python3.7/concurrent/futures/thread.py", line 57, in run
Complete log: /home/kasper/Git_repositories/LiverDB/workflow/.snakemake/log/2020-11-05T120722.389140.snakemake.log
