Building DAG of jobs...
Using shell: /bin/bash
Provided cores: 36
Rules claiming more threads will be scaled down.
Job counts:
	count	jobs
	8	STAR_align
	1	all
	8	count_reads
	8	fastqdump
	8	metadata
	8	srafetch
	8	tx_sort
	8	zero_intolerance
	57

[Mon Nov 16 14:35:12 2020]
rule metadata:
    output: /disk3/Data/RNAseq/dev20.004_LiverDB/results/Metadata/SRR1045525.json
    log: /disk3/Data/RNAseq/dev20.004_LiverDB/info/logs/SRR1045525.metadata.log
    jobid: 32
    benchmark: /disk3/Data/RNAseq/dev20.004_LiverDB/info/benchmark/SRR1045525.metadata.bench
    wildcards: sample=SRR1045525

[Mon Nov 16 14:35:12 2020]
rule metadata:
    output: /disk3/Data/RNAseq/dev20.004_LiverDB/results/Metadata/SRR1045526.json
    log: /disk3/Data/RNAseq/dev20.004_LiverDB/info/logs/SRR1045526.metadata.log
    jobid: 35
    benchmark: /disk3/Data/RNAseq/dev20.004_LiverDB/info/benchmark/SRR1045526.metadata.bench
    wildcards: sample=SRR1045526

[Mon Nov 16 14:35:12 2020]
rule metadata:
    output: /disk3/Data/RNAseq/dev20.004_LiverDB/results/Metadata/SRR5750514.json
    log: /disk3/Data/RNAseq/dev20.004_LiverDB/info/logs/SRR5750514.metadata.log
    jobid: 17
    benchmark: /disk3/Data/RNAseq/dev20.004_LiverDB/info/benchmark/SRR5750514.metadata.bench
    wildcards: sample=SRR5750514

[Mon Nov 16 14:35:12 2020]
rule metadata:
    output: /disk3/Data/RNAseq/dev20.004_LiverDB/results/Metadata/SRR1045523.json
    log: /disk3/Data/RNAseq/dev20.004_LiverDB/info/logs/SRR1045523.metadata.log
    jobid: 26
    benchmark: /disk3/Data/RNAseq/dev20.004_LiverDB/info/benchmark/SRR1045523.metadata.bench
    wildcards: sample=SRR1045523

[Mon Nov 16 14:35:12 2020]
rule metadata:
    output: /disk3/Data/RNAseq/dev20.004_LiverDB/results/Metadata/SRR1045522.json
    log: /disk3/Data/RNAseq/dev20.004_LiverDB/info/logs/SRR1045522.metadata.log
    jobid: 23
    benchmark: /disk3/Data/RNAseq/dev20.004_LiverDB/info/benchmark/SRR1045522.metadata.bench
    wildcards: sample=SRR1045522

[Mon Nov 16 14:35:12 2020]
rule metadata:
    output: /disk3/Data/RNAseq/dev20.004_LiverDB/results/Metadata/SRR1045524.json
    log: /disk3/Data/RNAseq/dev20.004_LiverDB/info/logs/SRR1045524.metadata.log
    jobid: 29
    benchmark: /disk3/Data/RNAseq/dev20.004_LiverDB/info/benchmark/SRR1045524.metadata.bench
    wildcards: sample=SRR1045524

[Mon Nov 16 14:35:12 2020]
rule metadata:
    output: /disk3/Data/RNAseq/dev20.004_LiverDB/results/Metadata/SRR1045527.json
    log: /disk3/Data/RNAseq/dev20.004_LiverDB/info/logs/SRR1045527.metadata.log
    jobid: 38
    benchmark: /disk3/Data/RNAseq/dev20.004_LiverDB/info/benchmark/SRR1045527.metadata.bench
    wildcards: sample=SRR1045527

[Mon Nov 16 14:35:12 2020]
rule metadata:
    output: /disk3/Data/RNAseq/dev20.004_LiverDB/results/Metadata/SRR5750521.json
    log: /disk3/Data/RNAseq/dev20.004_LiverDB/info/logs/SRR5750521.metadata.log
    jobid: 20
    benchmark: /disk3/Data/RNAseq/dev20.004_LiverDB/info/benchmark/SRR5750521.metadata.bench
    wildcards: sample=SRR5750521

[Mon Nov 16 14:35:16 2020]
Finished job 38.
1 of 57 steps (2%) done

[Mon Nov 16 14:35:16 2020]
rule srafetch:
    input: /disk3/Data/RNAseq/dev20.004_LiverDB/results/Metadata/SRR1045527.json
    output: /disk3/Data/RNAseq/dev20.004_LiverDB/results/Rawdata/SRA/SRR1045527.sra
    log: /disk3/Data/RNAseq/dev20.004_LiverDB/info/logs/SRR1045527.srafetch.log
    jobid: 56
    benchmark: /disk3/Data/RNAseq/dev20.004_LiverDB/info/benchmark/SRR1045527.srafetch.bench
    wildcards: sample=SRR1045527

[Mon Nov 16 14:35:16 2020]
Finished job 26.
2 of 57 steps (4%) done

[Mon Nov 16 14:35:16 2020]
rule srafetch:
    input: /disk3/Data/RNAseq/dev20.004_LiverDB/results/Metadata/SRR1045523.json
    output: /disk3/Data/RNAseq/dev20.004_LiverDB/results/Rawdata/SRA/SRR1045523.sra
    log: /disk3/Data/RNAseq/dev20.004_LiverDB/info/logs/SRR1045523.srafetch.log
    jobid: 52
    benchmark: /disk3/Data/RNAseq/dev20.004_LiverDB/info/benchmark/SRR1045523.srafetch.bench
    wildcards: sample=SRR1045523

[Mon Nov 16 14:35:17 2020]
Finished job 35.
3 of 57 steps (5%) done

[Mon Nov 16 14:35:17 2020]
rule srafetch:
    input: /disk3/Data/RNAseq/dev20.004_LiverDB/results/Metadata/SRR1045526.json
    output: /disk3/Data/RNAseq/dev20.004_LiverDB/results/Rawdata/SRA/SRR1045526.sra
    log: /disk3/Data/RNAseq/dev20.004_LiverDB/info/logs/SRR1045526.srafetch.log
    jobid: 55
    benchmark: /disk3/Data/RNAseq/dev20.004_LiverDB/info/benchmark/SRR1045526.srafetch.bench
    wildcards: sample=SRR1045526

Activating conda environment: /home/kasper/Git_repositories/LiverDB/.snakemake/conda/f0208fbb
Activating conda environment: /home/kasper/Git_repositories/LiverDB/.snakemake/conda/f0208fbb
[Mon Nov 16 14:35:19 2020]
Finished job 32.
4 of 57 steps (7%) done

[Mon Nov 16 14:35:19 2020]
rule srafetch:
    input: /disk3/Data/RNAseq/dev20.004_LiverDB/results/Metadata/SRR1045525.json
    output: /disk3/Data/RNAseq/dev20.004_LiverDB/results/Rawdata/SRA/SRR1045525.sra
    log: /disk3/Data/RNAseq/dev20.004_LiverDB/info/logs/SRR1045525.srafetch.log
    jobid: 54
    benchmark: /disk3/Data/RNAseq/dev20.004_LiverDB/info/benchmark/SRR1045525.srafetch.bench
    wildcards: sample=SRR1045525

[Mon Nov 16 14:35:20 2020]
Finished job 20.
5 of 57 steps (9%) done

[Mon Nov 16 14:35:20 2020]
rule srafetch:
    input: /disk3/Data/RNAseq/dev20.004_LiverDB/results/Metadata/SRR5750521.json
    output: /disk3/Data/RNAseq/dev20.004_LiverDB/results/Rawdata/SRA/SRR5750521.sra
    log: /disk3/Data/RNAseq/dev20.004_LiverDB/info/logs/SRR5750521.srafetch.log
    jobid: 50
    benchmark: /disk3/Data/RNAseq/dev20.004_LiverDB/info/benchmark/SRR5750521.srafetch.bench
    wildcards: sample=SRR5750521

[Mon Nov 16 14:35:21 2020]
Finished job 29.
6 of 57 steps (11%) done

[Mon Nov 16 14:35:21 2020]
rule srafetch:
    input: /disk3/Data/RNAseq/dev20.004_LiverDB/results/Metadata/SRR1045524.json
    output: /disk3/Data/RNAseq/dev20.004_LiverDB/results/Rawdata/SRA/SRR1045524.sra
    log: /disk3/Data/RNAseq/dev20.004_LiverDB/info/logs/SRR1045524.srafetch.log
    jobid: 53
    benchmark: /disk3/Data/RNAseq/dev20.004_LiverDB/info/benchmark/SRR1045524.srafetch.bench
    wildcards: sample=SRR1045524

Activating conda environment: /home/kasper/Git_repositories/LiverDB/.snakemake/conda/f0208fbb
Activating conda environment: /home/kasper/Git_repositories/LiverDB/.snakemake/conda/f0208fbb
[Mon Nov 16 14:35:21 2020]
Finished job 23.
7 of 57 steps (12%) done

[Mon Nov 16 14:35:21 2020]
rule srafetch:
    input: /disk3/Data/RNAseq/dev20.004_LiverDB/results/Metadata/SRR1045522.json
    output: /disk3/Data/RNAseq/dev20.004_LiverDB/results/Rawdata/SRA/SRR1045522.sra
    log: /disk3/Data/RNAseq/dev20.004_LiverDB/info/logs/SRR1045522.srafetch.log
    jobid: 51
    benchmark: /disk3/Data/RNAseq/dev20.004_LiverDB/info/benchmark/SRR1045522.srafetch.bench
    wildcards: sample=SRR1045522

Activating conda environment: /home/kasper/Git_repositories/LiverDB/.snakemake/conda/f0208fbb
Activating conda environment: /home/kasper/Git_repositories/LiverDB/.snakemake/conda/f0208fbb
[Mon Nov 16 14:35:23 2020]
Finished job 17.
8 of 57 steps (14%) done

[Mon Nov 16 14:35:23 2020]
rule srafetch:
    input: /disk3/Data/RNAseq/dev20.004_LiverDB/results/Metadata/SRR5750514.json
    output: /disk3/Data/RNAseq/dev20.004_LiverDB/results/Rawdata/SRA/SRR5750514.sra
    log: /disk3/Data/RNAseq/dev20.004_LiverDB/info/logs/SRR5750514.srafetch.log
    jobid: 49
    benchmark: /disk3/Data/RNAseq/dev20.004_LiverDB/info/benchmark/SRR5750514.srafetch.bench
    wildcards: sample=SRR5750514

Activating conda environment: /home/kasper/Git_repositories/LiverDB/.snakemake/conda/f0208fbb
Activating conda environment: /home/kasper/Git_repositories/LiverDB/.snakemake/conda/f0208fbb
[Mon Nov 16 14:36:22 2020]
Finished job 51.
9 of 57 steps (16%) done

[Mon Nov 16 14:36:22 2020]
rule fastqdump:
    input: /disk3/Data/RNAseq/dev20.004_LiverDB/results/Metadata/SRR1045522.json, /disk3/Data/RNAseq/dev20.004_LiverDB/results/Rawdata/SRA/SRR1045522.sra
    output: /disk3/Data/RNAseq/dev20.004_LiverDB/results/Rawdata/Fastq/SRR1045522_1.fastq, /disk3/Data/RNAseq/dev20.004_LiverDB/results/Rawdata/Fastq/SRR1045522_2.fastq
    log: /disk3/Data/RNAseq/dev20.004_LiverDB/info/logs/SRR1045522.fastqdump.log
    jobid: 43
    benchmark: /disk3/Data/RNAseq/dev20.004_LiverDB/info/benchmark/SRR1045522.fastqdump.bench
    wildcards: sample=SRR1045522

Activating conda environment: /home/kasper/Git_repositories/LiverDB/.snakemake/conda/f0208fbb
[Mon Nov 16 14:36:37 2020]
Finished job 55.
10 of 57 steps (18%) done

[Mon Nov 16 14:36:37 2020]
rule fastqdump:
    input: /disk3/Data/RNAseq/dev20.004_LiverDB/results/Metadata/SRR1045526.json, /disk3/Data/RNAseq/dev20.004_LiverDB/results/Rawdata/SRA/SRR1045526.sra
    output: /disk3/Data/RNAseq/dev20.004_LiverDB/results/Rawdata/Fastq/SRR1045526_1.fastq, /disk3/Data/RNAseq/dev20.004_LiverDB/results/Rawdata/Fastq/SRR1045526_2.fastq
    log: /disk3/Data/RNAseq/dev20.004_LiverDB/info/logs/SRR1045526.fastqdump.log
    jobid: 47
    benchmark: /disk3/Data/RNAseq/dev20.004_LiverDB/info/benchmark/SRR1045526.fastqdump.bench
    wildcards: sample=SRR1045526

Activating conda environment: /home/kasper/Git_repositories/LiverDB/.snakemake/conda/f0208fbb
[Mon Nov 16 14:36:57 2020]
Finished job 52.
11 of 57 steps (19%) done

[Mon Nov 16 14:36:57 2020]
rule fastqdump:
    input: /disk3/Data/RNAseq/dev20.004_LiverDB/results/Metadata/SRR1045523.json, /disk3/Data/RNAseq/dev20.004_LiverDB/results/Rawdata/SRA/SRR1045523.sra
    output: /disk3/Data/RNAseq/dev20.004_LiverDB/results/Rawdata/Fastq/SRR1045523_1.fastq, /disk3/Data/RNAseq/dev20.004_LiverDB/results/Rawdata/Fastq/SRR1045523_2.fastq
    log: /disk3/Data/RNAseq/dev20.004_LiverDB/info/logs/SRR1045523.fastqdump.log
    jobid: 44
    benchmark: /disk3/Data/RNAseq/dev20.004_LiverDB/info/benchmark/SRR1045523.fastqdump.bench
    wildcards: sample=SRR1045523

Activating conda environment: /home/kasper/Git_repositories/LiverDB/.snakemake/conda/f0208fbb
[Mon Nov 16 14:37:00 2020]
Finished job 53.
12 of 57 steps (21%) done

[Mon Nov 16 14:37:00 2020]
rule fastqdump:
    input: /disk3/Data/RNAseq/dev20.004_LiverDB/results/Metadata/SRR1045524.json, /disk3/Data/RNAseq/dev20.004_LiverDB/results/Rawdata/SRA/SRR1045524.sra
    output: /disk3/Data/RNAseq/dev20.004_LiverDB/results/Rawdata/Fastq/SRR1045524_1.fastq, /disk3/Data/RNAseq/dev20.004_LiverDB/results/Rawdata/Fastq/SRR1045524_2.fastq
    log: /disk3/Data/RNAseq/dev20.004_LiverDB/info/logs/SRR1045524.fastqdump.log
    jobid: 45
    benchmark: /disk3/Data/RNAseq/dev20.004_LiverDB/info/benchmark/SRR1045524.fastqdump.bench
    wildcards: sample=SRR1045524

Activating conda environment: /home/kasper/Git_repositories/LiverDB/.snakemake/conda/f0208fbb
[Mon Nov 16 14:37:04 2020]
Finished job 56.
13 of 57 steps (23%) done

[Mon Nov 16 14:37:04 2020]
rule fastqdump:
    input: /disk3/Data/RNAseq/dev20.004_LiverDB/results/Metadata/SRR1045527.json, /disk3/Data/RNAseq/dev20.004_LiverDB/results/Rawdata/SRA/SRR1045527.sra
    output: /disk3/Data/RNAseq/dev20.004_LiverDB/results/Rawdata/Fastq/SRR1045527_1.fastq, /disk3/Data/RNAseq/dev20.004_LiverDB/results/Rawdata/Fastq/SRR1045527_2.fastq
    log: /disk3/Data/RNAseq/dev20.004_LiverDB/info/logs/SRR1045527.fastqdump.log
    jobid: 48
    benchmark: /disk3/Data/RNAseq/dev20.004_LiverDB/info/benchmark/SRR1045527.fastqdump.bench
    wildcards: sample=SRR1045527

Removing temporary output file /disk3/Data/RNAseq/dev20.004_LiverDB/results/Rawdata/SRA/SRR1045522.sra.
[Mon Nov 16 14:37:04 2020]
Finished job 43.
14 of 57 steps (25%) done
Activating conda environment: /home/kasper/Git_repositories/LiverDB/.snakemake/conda/f0208fbb
[Mon Nov 16 14:37:09 2020]
Finished job 54.
15 of 57 steps (26%) done

[Mon Nov 16 14:37:09 2020]
rule fastqdump:
    input: /disk3/Data/RNAseq/dev20.004_LiverDB/results/Metadata/SRR1045525.json, /disk3/Data/RNAseq/dev20.004_LiverDB/results/Rawdata/SRA/SRR1045525.sra
    output: /disk3/Data/RNAseq/dev20.004_LiverDB/results/Rawdata/Fastq/SRR1045525_1.fastq, /disk3/Data/RNAseq/dev20.004_LiverDB/results/Rawdata/Fastq/SRR1045525_2.fastq
    log: /disk3/Data/RNAseq/dev20.004_LiverDB/info/logs/SRR1045525.fastqdump.log
    jobid: 46
    benchmark: /disk3/Data/RNAseq/dev20.004_LiverDB/info/benchmark/SRR1045525.fastqdump.bench
    wildcards: sample=SRR1045525

Activating conda environment: /home/kasper/Git_repositories/LiverDB/.snakemake/conda/f0208fbb
Removing temporary output file /disk3/Data/RNAseq/dev20.004_LiverDB/results/Rawdata/SRA/SRR1045526.sra.
[Mon Nov 16 14:37:20 2020]
Finished job 47.
16 of 57 steps (28%) done
Removing temporary output file /disk3/Data/RNAseq/dev20.004_LiverDB/results/Rawdata/SRA/SRR1045524.sra.
[Mon Nov 16 14:38:02 2020]
Finished job 45.
17 of 57 steps (30%) done
Removing temporary output file /disk3/Data/RNAseq/dev20.004_LiverDB/results/Rawdata/SRA/SRR1045523.sra.
[Mon Nov 16 14:38:07 2020]
Finished job 44.
18 of 57 steps (32%) done
Removing temporary output file /disk3/Data/RNAseq/dev20.004_LiverDB/results/Rawdata/SRA/SRR1045525.sra.
[Mon Nov 16 14:38:15 2020]
Finished job 46.
19 of 57 steps (33%) done
Removing temporary output file /disk3/Data/RNAseq/dev20.004_LiverDB/results/Rawdata/SRA/SRR1045527.sra.
[Mon Nov 16 14:38:17 2020]
Finished job 48.
20 of 57 steps (35%) done
[Mon Nov 16 14:39:23 2020]
Finished job 50.
21 of 57 steps (37%) done

[Mon Nov 16 14:39:23 2020]
rule fastqdump:
    input: /disk3/Data/RNAseq/dev20.004_LiverDB/results/Metadata/SRR5750521.json, /disk3/Data/RNAseq/dev20.004_LiverDB/results/Rawdata/SRA/SRR5750521.sra
    output: /disk3/Data/RNAseq/dev20.004_LiverDB/results/Rawdata/Fastq/SRR5750521_1.fastq, /disk3/Data/RNAseq/dev20.004_LiverDB/results/Rawdata/Fastq/SRR5750521_2.fastq
    log: /disk3/Data/RNAseq/dev20.004_LiverDB/info/logs/SRR5750521.fastqdump.log
    jobid: 42
    benchmark: /disk3/Data/RNAseq/dev20.004_LiverDB/info/benchmark/SRR5750521.fastqdump.bench
    wildcards: sample=SRR5750521

Activating conda environment: /home/kasper/Git_repositories/LiverDB/.snakemake/conda/f0208fbb
[Mon Nov 16 14:40:36 2020]
Finished job 49.
22 of 57 steps (39%) done

[Mon Nov 16 14:40:36 2020]
rule fastqdump:
    input: /disk3/Data/RNAseq/dev20.004_LiverDB/results/Metadata/SRR5750514.json, /disk3/Data/RNAseq/dev20.004_LiverDB/results/Rawdata/SRA/SRR5750514.sra
    output: /disk3/Data/RNAseq/dev20.004_LiverDB/results/Rawdata/Fastq/SRR5750514_1.fastq, /disk3/Data/RNAseq/dev20.004_LiverDB/results/Rawdata/Fastq/SRR5750514_2.fastq
    log: /disk3/Data/RNAseq/dev20.004_LiverDB/info/logs/SRR5750514.fastqdump.log
    jobid: 41
    benchmark: /disk3/Data/RNAseq/dev20.004_LiverDB/info/benchmark/SRR5750514.fastqdump.bench
    wildcards: sample=SRR5750514

Activating conda environment: /home/kasper/Git_repositories/LiverDB/.snakemake/conda/f0208fbb
Removing temporary output file /disk3/Data/RNAseq/dev20.004_LiverDB/results/Rawdata/SRA/SRR5750521.sra.
[Mon Nov 16 14:46:10 2020]
Finished job 42.
23 of 57 steps (40%) done
Removing temporary output file /disk3/Data/RNAseq/dev20.004_LiverDB/results/Rawdata/SRA/SRR5750514.sra.
[Mon Nov 16 14:49:23 2020]
Finished job 41.
24 of 57 steps (42%) done

[Mon Nov 16 14:49:23 2020]
rule STAR_align:
    input: /disk3/Data/RNAseq/dev20.004_LiverDB/results/Metadata/SRR5750514.json, /disk3/Data/RNAseq/dev20.004_LiverDB/results/Rawdata/Fastq/SRR5750514_1.fastq, /disk3/Data/RNAseq/dev20.004_LiverDB/results/Rawdata/Fastq/SRR5750514_2.fastq
    output: /disk3/Data/RNAseq/dev20.004_LiverDB/results/Rawdata/Aligned/SRR5750514_Aligned.sortedByCoord.out.bam, /disk3/Data/RNAseq/dev20.004_LiverDB/results/Rawdata/Aligned/SRR5750514_Aligned.toTranscriptome.out.bam, /disk3/Data/RNAseq/dev20.004_LiverDB/results/Rawdata/Aligned/SRR5750514_Chimeric.out.junction, /disk3/Data/RNAseq/dev20.004_LiverDB/results/Rawdata/Aligned/SRR5750514_Log.final.out, /disk3/Data/RNAseq/dev20.004_LiverDB/results/Rawdata/Aligned/SRR5750514_Log.out, /disk3/Data/RNAseq/dev20.004_LiverDB/results/Rawdata/Aligned/SRR5750514_Log.progress.out, /disk3/Data/RNAseq/dev20.004_LiverDB/results/Rawdata/Aligned/SRR5750514_SJ.out.tab
    log: /disk3/Data/RNAseq/dev20.004_LiverDB/info/logs/SRR5750514.star_align.log
    jobid: 18
    benchmark: /disk3/Data/RNAseq/dev20.004_LiverDB/info/benchmark/SRR5750514.star_align.bench
    wildcards: sample=SRR5750514
    threads: 36

Activating conda environment: /home/kasper/Git_repositories/LiverDB/.snakemake/conda/fd596e9f
Terminating processes on user request, this might take some time.
[Mon Nov 16 14:49:27 2020]
Error in rule STAR_align:
    jobid: 18
    output: /disk3/Data/RNAseq/dev20.004_LiverDB/results/Rawdata/Aligned/SRR5750514_Aligned.sortedByCoord.out.bam, /disk3/Data/RNAseq/dev20.004_LiverDB/results/Rawdata/Aligned/SRR5750514_Aligned.toTranscriptome.out.bam, /disk3/Data/RNAseq/dev20.004_LiverDB/results/Rawdata/Aligned/SRR5750514_Chimeric.out.junction, /disk3/Data/RNAseq/dev20.004_LiverDB/results/Rawdata/Aligned/SRR5750514_Log.final.out, /disk3/Data/RNAseq/dev20.004_LiverDB/results/Rawdata/Aligned/SRR5750514_Log.out, /disk3/Data/RNAseq/dev20.004_LiverDB/results/Rawdata/Aligned/SRR5750514_Log.progress.out, /disk3/Data/RNAseq/dev20.004_LiverDB/results/Rawdata/Aligned/SRR5750514_SJ.out.tab
    log: /disk3/Data/RNAseq/dev20.004_LiverDB/info/logs/SRR5750514.star_align.log (check log file(s) for error message)
    conda-env: /home/kasper/Git_repositories/LiverDB/.snakemake/conda/fd596e9f

RuleException:
CalledProcessError in line 181 of /home/kasper/Git_repositories/LiverDB/workflow/Snakefile.py:
Command 'source /home/kasper/miniconda3/bin/activate '/home/kasper/Git_repositories/LiverDB/.snakemake/conda/fd596e9f'; set -euo pipefail;  /home/kasper/miniconda3/bin/python3.7 /home/kasper/Git_repositories/LiverDB/.snakemake/scripts/tmplyh3i0j2.star_align.py' returned non-zero exit status 1.
  File "/home/kasper/Git_repositories/LiverDB/workflow/Snakefile.py", line 181, in __rule_STAR_align
  File "/home/kasper/miniconda3/lib/python3.7/concurrent/futures/thread.py", line 57, in run
Removing output files of failed job STAR_align since they might be corrupted:
/disk3/Data/RNAseq/dev20.004_LiverDB/results/Rawdata/Aligned/SRR5750514_Aligned.sortedByCoord.out.bam, /disk3/Data/RNAseq/dev20.004_LiverDB/results/Rawdata/Aligned/SRR5750514_Aligned.toTranscriptome.out.bam, /disk3/Data/RNAseq/dev20.004_LiverDB/results/Rawdata/Aligned/SRR5750514_Log.out, /disk3/Data/RNAseq/dev20.004_LiverDB/results/Rawdata/Aligned/SRR5750514_Log.progress.out
Complete log: /home/kasper/Git_repositories/LiverDB/workflow/.snakemake/log/2020-11-16T143512.260684.snakemake.log
