Building DAG of jobs...
Using shell: /bin/bash
Provided cores: 36
Rules claiming more threads will be scaled down.
Job counts:
	count	jobs
	1	all
	2	fastqdump
	3

[Fri Nov  6 10:15:38 2020]
rule fastqdump:
    input: results/Metadata/SRR8094770.json, results/SRA/SRR8094770.sra
    output: results/Fastq/SRR8094770_1.fastq, results/Fastq/SRR8094770_2.fastq
    log: info/logs/SRR8094770.fastqdump.log
    jobid: 2
    benchmark: info/benchmark/SRR8094770.fastqdump.bench
    wildcards: sample=SRR8094770

[Fri Nov  6 10:15:38 2020]
rule fastqdump:
    input: results/Metadata/SRR12845350.json, results/SRA/SRR12845350.sra
    output: results/Fastq/SRR12845350_1.fastq, results/Fastq/SRR12845350_2.fastq
    log: info/logs/SRR12845350.fastqdump.log
    jobid: 1
    benchmark: info/benchmark/SRR12845350.fastqdump.bench
    wildcards: sample=SRR12845350

Activating conda environment: /home/kasper/Git_repositories/LiverDB/.snakemake/conda/a82f69d1
Activating conda environment: /home/kasper/Git_repositories/LiverDB/.snakemake/conda/a82f69d1
Removing temporary output file results/SRA/SRR12845350.sra.
[Fri Nov  6 10:15:59 2020]
Finished job 1.
1 of 3 steps (33%) done
Removing temporary output file results/SRA/SRR8094770.sra.
[Fri Nov  6 10:16:32 2020]
Finished job 2.
2 of 3 steps (67%) done

[Fri Nov  6 10:16:32 2020]
localrule all:
    input: results/Fastq/SRR12845350_1.fastq, results/Fastq/SRR8094770_1.fastq, results/Fastq/SRR12845350_2.fastq, results/Fastq/SRR8094770_2.fastq
    jobid: 0

Removing temporary output file results/Fastq/SRR12845350_1.fastq.
Removing temporary output file results/Fastq/SRR12845350_2.fastq.
Removing temporary output file results/Fastq/SRR8094770_1.fastq.
Removing temporary output file results/Fastq/SRR8094770_2.fastq.
[Fri Nov  6 10:16:33 2020]
Finished job 0.
3 of 3 steps (100%) done
Complete log: /home/kasper/Git_repositories/LiverDB/workflow/.snakemake/log/2020-11-06T101538.128063.snakemake.log
