Building DAG of jobs...
Using shell: /bin/bash
Provided cores: 36
Rules claiming more threads will be scaled down.
Job counts:
	count	jobs
	2	STAR_align
	1	all
	2	count_reads
	1	decrease_zero_inflation
	2	tx_sort
	8

[Wed Nov 11 15:39:58 2020]
rule STAR_align:
    input: results/Metadata/SRR12845350.json, results/Rawdata/Fastq/SRR12845350_1.fastq, results/Rawdata/Fastq/SRR12845350_2.fastq
    output: results/Rawdata/Aligned/SRR12845350_Aligned.sortedByCoord.out.bam, results/Rawdata/Aligned/SRR12845350_Aligned.toTranscriptome.out.bam, results/Rawdata/Aligned/SRR12845350_Chimeric.out.junction, results/Rawdata/Aligned/SRR12845350_Log.final.out, results/Rawdata/Aligned/SRR12845350_Log.out, results/Rawdata/Aligned/SRR12845350_Log.progress.out, results/Rawdata/Aligned/SRR12845350_SJ.out.tab
    log: info/logs/SRR12845350.star_align.log
    jobid: 6
    benchmark: info/benchmark/SRR12845350.star_align.bench
    wildcards: sample=SRR12845350
    threads: 4

[Wed Nov 11 15:39:58 2020]
rule STAR_align:
    input: results/Metadata/SRR8094770.json, results/Rawdata/Fastq/SRR8094770_1.fastq, results/Rawdata/Fastq/SRR8094770_2.fastq
    output: results/Rawdata/Aligned/SRR8094770_Aligned.sortedByCoord.out.bam, results/Rawdata/Aligned/SRR8094770_Aligned.toTranscriptome.out.bam, results/Rawdata/Aligned/SRR8094770_Chimeric.out.junction, results/Rawdata/Aligned/SRR8094770_Log.final.out, results/Rawdata/Aligned/SRR8094770_Log.out, results/Rawdata/Aligned/SRR8094770_Log.progress.out, results/Rawdata/Aligned/SRR8094770_SJ.out.tab
    log: info/logs/SRR8094770.star_align.log
    jobid: 8
    benchmark: info/benchmark/SRR8094770.star_align.bench
    wildcards: sample=SRR8094770
    threads: 4

Activating conda environment: /home/kasper/Git_repositories/LiverDB/.snakemake/conda/fd596e9f
Activating conda environment: /home/kasper/Git_repositories/LiverDB/.snakemake/conda/fd596e9f
Removing temporary output file results/Rawdata/Fastq/SRR12845350_1.fastq.
Removing temporary output file results/Rawdata/Fastq/SRR12845350_2.fastq.
Removing temporary output file results/Rawdata/Aligned/SRR12845350_Log.progress.out.
[Wed Nov 11 15:42:51 2020]
Finished job 6.
1 of 8 steps (12%) done

[Wed Nov 11 15:42:51 2020]
rule tx_sort:
    input: results/Metadata/SRR12845350.json, results/Rawdata/Aligned/SRR12845350_Aligned.toTranscriptome.out.bam
    output: results/Rawdata/Aligned/SRR12845350_Aligned.toTranscriptome.sortedByCoord.out.bam
    log: info/logs/SRR12845350.tx_sort.log
    jobid: 7
    benchmark: info/benchmark/SRR12845350.tx_sort.bench
    wildcards: sample=SRR12845350

Activating conda environment: /home/kasper/Git_repositories/LiverDB/.snakemake/conda/4267c048
Removing temporary output file results/Rawdata/Aligned/SRR12845350_Aligned.toTranscriptome.out.bam.
[Wed Nov 11 15:44:34 2020]
Finished job 7.
2 of 8 steps (25%) done

[Wed Nov 11 15:44:34 2020]
rule count_reads:
    input: results/Metadata/SRR12845350.json, results/Rawdata/Aligned/SRR12845350_Aligned.sortedByCoord.out.bam, results/Rawdata/Aligned/SRR12845350_Aligned.toTranscriptome.sortedByCoord.out.bam
    output: results/Rawdata/HTSeq_count/SRR12845350_genes.tsv, results/Rawdata/HTSeq_count/SRR12845350_transcripts.tsv
    log: info/logs/SRR12845350.count_reads.log
    jobid: 4
    benchmark: info/benchmark/SRR12845350.count_reads.bench
    wildcards: sample=SRR12845350

Activating conda environment: /home/kasper/Git_repositories/LiverDB/.snakemake/conda/4267c048
Removing temporary output file results/Rawdata/Fastq/SRR8094770_2.fastq.
Removing temporary output file results/Rawdata/Fastq/SRR8094770_1.fastq.
Removing temporary output file results/Rawdata/Aligned/SRR8094770_Log.progress.out.
[Wed Nov 11 15:46:30 2020]
Finished job 8.
3 of 8 steps (38%) done

[Wed Nov 11 15:46:30 2020]
rule tx_sort:
    input: results/Metadata/SRR8094770.json, results/Rawdata/Aligned/SRR8094770_Aligned.toTranscriptome.out.bam
    output: results/Rawdata/Aligned/SRR8094770_Aligned.toTranscriptome.sortedByCoord.out.bam
    log: info/logs/SRR8094770.tx_sort.log
    jobid: 9
    benchmark: info/benchmark/SRR8094770.tx_sort.bench
    wildcards: sample=SRR8094770

Activating conda environment: /home/kasper/Git_repositories/LiverDB/.snakemake/conda/4267c048
Removing temporary output file results/Rawdata/Aligned/SRR8094770_Aligned.toTranscriptome.out.bam.
[Wed Nov 11 15:46:33 2020]
Finished job 9.
4 of 8 steps (50%) done

[Wed Nov 11 15:46:33 2020]
rule count_reads:
    input: results/Metadata/SRR8094770.json, results/Rawdata/Aligned/SRR8094770_Aligned.sortedByCoord.out.bam, results/Rawdata/Aligned/SRR8094770_Aligned.toTranscriptome.sortedByCoord.out.bam
    output: results/Rawdata/HTSeq_count/SRR8094770_genes.tsv, results/Rawdata/HTSeq_count/SRR8094770_transcripts.tsv
    log: info/logs/SRR8094770.count_reads.log
    jobid: 5
    benchmark: info/benchmark/SRR8094770.count_reads.bench
    wildcards: sample=SRR8094770

Activating conda environment: /home/kasper/Git_repositories/LiverDB/.snakemake/conda/4267c048
Removing temporary output file results/Rawdata/Aligned/SRR8094770_Aligned.sortedByCoord.out.bam.
Removing temporary output file results/Rawdata/Aligned/SRR8094770_Aligned.toTranscriptome.sortedByCoord.out.bam.
[Wed Nov 11 15:49:59 2020]
Finished job 5.
5 of 8 steps (62%) done
Removing temporary output file results/Rawdata/Aligned/SRR12845350_Aligned.sortedByCoord.out.bam.
Removing temporary output file results/Rawdata/Aligned/SRR12845350_Aligned.toTranscriptome.sortedByCoord.out.bam.
[Wed Nov 11 16:00:47 2020]
Finished job 4.
6 of 8 steps (75%) done

[Wed Nov 11 16:00:47 2020]
rule decrease_zero_inflation:
    input: results/Metadata/SRR12845350.json, results/Metadata/SRR8094770.json, results/Rawdata/HTSeq_count/SRR12845350_genes.tsv, results/Rawdata/HTSeq_count/SRR8094770_genes.tsv, results/Rawdata/HTSeq_count/SRR12845350_transcripts.tsv, results/Rawdata/HTSeq_count/SRR8094770_transcripts.tsv
    output: results/Counts/9606_genes.tsv, results/Counts/9606_transcripts.tsv
    jobid: 1

[Wed Nov 11 16:00:47 2020]
Error in rule decrease_zero_inflation:
    jobid: 1
    output: results/Counts/9606_genes.tsv, results/Counts/9606_transcripts.tsv
    conda-env: /home/kasper/Git_repositories/LiverDB/.snakemake/conda/9e8b782a

RuleException:
URLError in line 249 of /home/kasper/Git_repositories/LiverDB/workflow/Snakefile.py:
<urlopen error [Errno 21] Is a directory: '/home/kasper/Git_repositories/LiverDB/workflow/scripts'>
  File "/home/kasper/Git_repositories/LiverDB/workflow/Snakefile.py", line 249, in __rule_decrease_zero_inflation
  File "/home/kasper/miniconda3/lib/python3.7/urllib/request.py", line 222, in urlopen
  File "/home/kasper/miniconda3/lib/python3.7/urllib/request.py", line 525, in open
  File "/home/kasper/miniconda3/lib/python3.7/urllib/request.py", line 543, in _open
  File "/home/kasper/miniconda3/lib/python3.7/urllib/request.py", line 503, in _call_chain
  File "/home/kasper/miniconda3/lib/python3.7/urllib/request.py", line 1453, in file_open
  File "/home/kasper/miniconda3/lib/python3.7/urllib/request.py", line 1492, in open_local_file
  File "/home/kasper/miniconda3/lib/python3.7/concurrent/futures/thread.py", line 57, in run
Shutting down, this might take some time.
Exiting because a job execution failed. Look above for error message
Complete log: /home/kasper/Git_repositories/LiverDB/workflow/.snakemake/log/2020-11-11T153958.684504.snakemake.log
