Building DAG of jobs...
Using shell: /bin/bash
Provided cores: 36
Rules claiming more threads will be scaled down.
Job counts:
	count	jobs
	1	all
	1	count_matrices
	1	zero_intolerance
	3

[Fri Nov 13 11:26:39 2020]
rule count_matrices:
    input: results/Metadata/SRR12845350.json, results/Metadata/SRR8094770.json, results/Rawdata/HTSeq_count/SRR12845350_genes.tsv, results/Rawdata/HTSeq_count/SRR8094770_genes.tsv, results/Rawdata/HTSeq_count/SRR12845350_transcripts.tsv, results/Rawdata/HTSeq_count/SRR8094770_transcripts.tsv
    output: results/Rawdata/Counts/9606/genes.tsv, results/Rawdata/Counts/9606/transcripts.tsv
    jobid: 2
    threads: 4

Activating conda environment: /home/kasper/Git_repositories/LiverDB/.snakemake/conda/db72b297
[Fri Nov 13 11:26:46 2020]
Error in rule count_matrices:
    jobid: 2
    output: results/Rawdata/Counts/9606/genes.tsv, results/Rawdata/Counts/9606/transcripts.tsv
    conda-env: /home/kasper/Git_repositories/LiverDB/.snakemake/conda/db72b297

RuleException:
CalledProcessError in line 254 of /home/kasper/Git_repositories/LiverDB/workflow/Snakefile.py:
Command 'source /home/kasper/miniconda3/bin/activate '/home/kasper/Git_repositories/LiverDB/.snakemake/conda/db72b297'; set -euo pipefail;  Rscript --vanilla /home/kasper/Git_repositories/LiverDB/.snakemake/scripts/tmp5ryaev06.import_counts.R' returned non-zero exit status 1.
  File "/home/kasper/Git_repositories/LiverDB/workflow/Snakefile.py", line 254, in __rule_count_matrices
  File "/home/kasper/miniconda3/lib/python3.7/concurrent/futures/thread.py", line 57, in run
Shutting down, this might take some time.
Exiting because a job execution failed. Look above for error message
Complete log: /home/kasper/Git_repositories/LiverDB/workflow/.snakemake/log/2020-11-13T112639.249453.snakemake.log
