Building DAG of jobs...
Using shell: /bin/bash
Provided cores: 10
Rules claiming more threads will be scaled down.
Job counts:
	count	jobs
	1	all
	2	fastqdump
	3

[Thu Nov  5 12:12:14 2020]
rule fastqdump:
    input: results/Metadata/SRR8094770.json, results/SRA/SRR8094770.sra
    output: results/Fastq/SRR8094770_1.fq, results/Fastq/SRR8094770_2.fq
    jobid: 2
    wildcards: sample=SRR8094770

[Thu Nov  5 12:12:14 2020]
rule fastqdump:
    input: results/Metadata/SRR12845350.json, results/SRA/SRR12845350.sra
    output: results/Fastq/SRR12845350_1.fq, results/Fastq/SRR12845350_2.fq
    jobid: 1
    wildcards: sample=SRR12845350

[Thu Nov  5 12:12:14 2020]
[Thu Nov  5 12:12:14 2020]
Error in rule fastqdump:
Error in rule fastqdump:
    jobid: 2
    jobid: 1
    output: results/Fastq/SRR8094770_1.fq, results/Fastq/SRR8094770_2.fq
    output: results/Fastq/SRR12845350_1.fq, results/Fastq/SRR12845350_2.fq


RuleException:
CalledProcessError in line 98 of /home/kasper/Git_repositories/LiverDB/workflow/Snakefile.py:
Command 'set -euo pipefail;  /home/kasper/miniconda3/bin/python3.7 /home/kasper/Git_repositories/LiverDB/.snakemake/scripts/tmpou01h0pm.fastq_dump.py' returned non-zero exit status 1.
  File "/home/kasper/Git_repositories/LiverDB/workflow/Snakefile.py", line 98, in __rule_fastqdump
  File "/home/kasper/miniconda3/lib/python3.7/concurrent/futures/thread.py", line 57, in run
RuleException:
CalledProcessError in line 98 of /home/kasper/Git_repositories/LiverDB/workflow/Snakefile.py:
Command 'set -euo pipefail;  /home/kasper/miniconda3/bin/python3.7 /home/kasper/Git_repositories/LiverDB/.snakemake/scripts/tmp6m2tgjl6.fastq_dump.py' returned non-zero exit status 1.
  File "/home/kasper/Git_repositories/LiverDB/workflow/Snakefile.py", line 98, in __rule_fastqdump
  File "/home/kasper/miniconda3/lib/python3.7/concurrent/futures/thread.py", line 57, in run
Shutting down, this might take some time.
Exiting because a job execution failed. Look above for error message
Complete log: /home/kasper/Git_repositories/LiverDB/workflow/.snakemake/log/2020-11-05T121214.364231.snakemake.log
