Building DAG of jobs...
Using shell: /bin/bash
Provided cores: 10
Rules claiming more threads will be scaled down.
Job counts:
	count	jobs
	1	all
	2	fastqdump
	2	srafetch
	5

[Thu Nov  5 13:28:36 2020]
rule srafetch:
    input: results/Metadata/SRR8094770.json
    output: results/SRA/SRR8094770.sra
    log: info/logs/SRR8094770.srafetch.log
    jobid: 6
    benchmark: info/benchmark/SRR8094770.srafetch.bench
    wildcards: sample=SRR8094770
    threads: 4

[Thu Nov  5 13:28:36 2020]
rule srafetch:
    input: results/Metadata/SRR12845350.json
    output: results/SRA/SRR12845350.sra
    log: info/logs/SRR12845350.srafetch.log
    jobid: 4
    benchmark: info/benchmark/SRR12845350.srafetch.bench
    wildcards: sample=SRR12845350
    threads: 4

[Thu Nov  5 13:28:52 2020]
Finished job 4.
1 of 5 steps (20%) done

[Thu Nov  5 13:28:52 2020]
rule fastqdump:
    input: results/Metadata/SRR12845350.json, results/SRA/SRR12845350.sra
    output: results/Fastq/SRR12845350_1.fastq, results/Fastq/SRR12845350_2.fastq
    jobid: 1
    wildcards: sample=SRR12845350

[Thu Nov  5 13:28:53 2020]
Finished job 6.
2 of 5 steps (40%) done

[Thu Nov  5 13:28:53 2020]
rule fastqdump:
    input: results/Metadata/SRR8094770.json, results/SRA/SRR8094770.sra
    output: results/Fastq/SRR8094770_1.fastq, results/Fastq/SRR8094770_2.fastq
    jobid: 2
    wildcards: sample=SRR8094770

[Thu Nov  5 13:29:08 2020]
Finished job 1.
3 of 5 steps (60%) done
[Thu Nov  5 13:29:45 2020]
Finished job 2.
4 of 5 steps (80%) done

[Thu Nov  5 13:29:45 2020]
localrule all:
    input: results/Fastq/SRR12845350_1.fastq, results/Fastq/SRR8094770_1.fastq, results/Fastq/SRR12845350_2.fastq, results/Fastq/SRR8094770_2.fastq
    jobid: 0

Removing temporary output file results/Fastq/SRR12845350_2.fastq.
Removing temporary output file results/Fastq/SRR12845350_1.fastq.
Removing temporary output file results/Fastq/SRR8094770_1.fastq.
Removing temporary output file results/Fastq/SRR8094770_2.fastq.
[Thu Nov  5 13:29:46 2020]
Finished job 0.
5 of 5 steps (100%) done
Complete log: /home/kasper/Git_repositories/LiverDB/workflow/.snakemake/log/2020-11-05T132836.319739.snakemake.log
