Building DAG of jobs...
Using shell: /bin/bash
Provided cores: 36
Rules claiming more threads will be scaled down.
Job counts:
	count	jobs
	2	STAR_align
	1	all
	1	count_matrices
	2	count_reads
	2	fastqdump
	2	metadata
	2	srafetch
	2	tx_sort
	1	zero_intolerance
	15

[Fri Nov 13 10:33:04 2020]
rule metadata:
    output: results/Metadata/SRR8094770.json
    log: info/logs/SRR8094770.metadata.log
    jobid: 4
    benchmark: info/benchmark/SRR8094770.metadata.bench
    wildcards: sample=SRR8094770

[Fri Nov 13 10:33:04 2020]
rule metadata:
    output: results/Metadata/SRR12845350.json
    log: info/logs/SRR12845350.metadata.log
    jobid: 3
    benchmark: info/benchmark/SRR12845350.metadata.bench
    wildcards: sample=SRR12845350

[Fri Nov 13 10:33:07 2020]
Finished job 3.
1 of 15 steps (7%) done

[Fri Nov 13 10:33:07 2020]
rule srafetch:
    input: results/Metadata/SRR12845350.json
    output: results/Rawdata/SRA/SRR12845350.sra
    log: info/logs/SRR12845350.srafetch.log
    jobid: 13
    benchmark: info/benchmark/SRR12845350.srafetch.bench
    wildcards: sample=SRR12845350

[Fri Nov 13 10:33:08 2020]
Finished job 4.
2 of 15 steps (13%) done

[Fri Nov 13 10:33:08 2020]
rule srafetch:
    input: results/Metadata/SRR8094770.json
    output: results/Rawdata/SRA/SRR8094770.sra
    log: info/logs/SRR8094770.srafetch.log
    jobid: 14
    benchmark: info/benchmark/SRR8094770.srafetch.bench
    wildcards: sample=SRR8094770

Activating conda environment: /home/kasper/Git_repositories/LiverDB/.snakemake/conda/f0208fbb
Activating conda environment: /home/kasper/Git_repositories/LiverDB/.snakemake/conda/f0208fbb
[Fri Nov 13 10:33:28 2020]
Finished job 13.
3 of 15 steps (20%) done

[Fri Nov 13 10:33:28 2020]
rule fastqdump:
    input: results/Metadata/SRR12845350.json, results/Rawdata/SRA/SRR12845350.sra
    output: results/Rawdata/Fastq/SRR12845350_1.fastq, results/Rawdata/Fastq/SRR12845350_2.fastq
    log: info/logs/SRR12845350.fastqdump.log
    jobid: 11
    benchmark: info/benchmark/SRR12845350.fastqdump.bench
    wildcards: sample=SRR12845350

[Fri Nov 13 10:33:29 2020]
Finished job 14.
4 of 15 steps (27%) done

[Fri Nov 13 10:33:29 2020]
rule fastqdump:
    input: results/Metadata/SRR8094770.json, results/Rawdata/SRA/SRR8094770.sra
    output: results/Rawdata/Fastq/SRR8094770_1.fastq, results/Rawdata/Fastq/SRR8094770_2.fastq
    log: info/logs/SRR8094770.fastqdump.log
    jobid: 12
    benchmark: info/benchmark/SRR8094770.fastqdump.bench
    wildcards: sample=SRR8094770

Activating conda environment: /home/kasper/Git_repositories/LiverDB/.snakemake/conda/f0208fbb
Activating conda environment: /home/kasper/Git_repositories/LiverDB/.snakemake/conda/f0208fbb
Removing temporary output file results/Rawdata/SRA/SRR12845350.sra.
[Fri Nov 13 10:33:47 2020]
Finished job 11.
5 of 15 steps (33%) done
Removing temporary output file results/Rawdata/SRA/SRR8094770.sra.
[Fri Nov 13 10:34:23 2020]
Finished job 12.
6 of 15 steps (40%) done

[Fri Nov 13 10:34:23 2020]
rule STAR_align:
    input: results/Metadata/SRR8094770.json, results/Rawdata/Fastq/SRR8094770_1.fastq, results/Rawdata/Fastq/SRR8094770_2.fastq
    output: results/Rawdata/Aligned/SRR8094770_Aligned.sortedByCoord.out.bam, results/Rawdata/Aligned/SRR8094770_Aligned.toTranscriptome.out.bam, results/Rawdata/Aligned/SRR8094770_Chimeric.out.junction, results/Rawdata/Aligned/SRR8094770_Log.final.out, results/Rawdata/Aligned/SRR8094770_Log.out, results/Rawdata/Aligned/SRR8094770_Log.progress.out, results/Rawdata/Aligned/SRR8094770_SJ.out.tab
    log: info/logs/SRR8094770.star_align.log
    jobid: 9
    benchmark: info/benchmark/SRR8094770.star_align.bench
    wildcards: sample=SRR8094770
    threads: 36

Activating conda environment: /home/kasper/Git_repositories/LiverDB/.snakemake/conda/fd596e9f
Removing temporary output file results/Rawdata/Fastq/SRR8094770_1.fastq.
Removing temporary output file results/Rawdata/Fastq/SRR8094770_2.fastq.
Removing temporary output file results/Rawdata/Aligned/SRR8094770_Log.progress.out.
[Fri Nov 13 10:41:01 2020]
Finished job 9.
7 of 15 steps (47%) done

[Fri Nov 13 10:41:01 2020]
rule STAR_align:
    input: results/Metadata/SRR12845350.json, results/Rawdata/Fastq/SRR12845350_1.fastq, results/Rawdata/Fastq/SRR12845350_2.fastq
    output: results/Rawdata/Aligned/SRR12845350_Aligned.sortedByCoord.out.bam, results/Rawdata/Aligned/SRR12845350_Aligned.toTranscriptome.out.bam, results/Rawdata/Aligned/SRR12845350_Chimeric.out.junction, results/Rawdata/Aligned/SRR12845350_Log.final.out, results/Rawdata/Aligned/SRR12845350_Log.out, results/Rawdata/Aligned/SRR12845350_Log.progress.out, results/Rawdata/Aligned/SRR12845350_SJ.out.tab
    log: info/logs/SRR12845350.star_align.log
    jobid: 7
    benchmark: info/benchmark/SRR12845350.star_align.bench
    wildcards: sample=SRR12845350
    threads: 36

Activating conda environment: /home/kasper/Git_repositories/LiverDB/.snakemake/conda/fd596e9f
Removing temporary output file results/Rawdata/Fastq/SRR12845350_2.fastq.
Removing temporary output file results/Rawdata/Fastq/SRR12845350_1.fastq.
Removing temporary output file results/Rawdata/Aligned/SRR12845350_Log.progress.out.
[Fri Nov 13 10:43:50 2020]
Finished job 7.
8 of 15 steps (53%) done

[Fri Nov 13 10:43:50 2020]
rule tx_sort:
    input: results/Metadata/SRR12845350.json, results/Rawdata/Aligned/SRR12845350_Aligned.toTranscriptome.out.bam
    output: results/Rawdata/Aligned/SRR12845350_Aligned.toTranscriptome.sortedByCoord.out.bam
    log: info/logs/SRR12845350.tx_sort.log
    jobid: 8
    benchmark: info/benchmark/SRR12845350.tx_sort.bench
    wildcards: sample=SRR12845350
    threads: 36

Activating conda environment: /home/kasper/Git_repositories/LiverDB/.snakemake/conda/4267c048
Removing temporary output file results/Rawdata/Aligned/SRR12845350_Aligned.toTranscriptome.out.bam.
[Fri Nov 13 10:45:46 2020]
Finished job 8.
9 of 15 steps (60%) done

[Fri Nov 13 10:45:46 2020]
rule count_reads:
    input: results/Metadata/SRR12845350.json, results/Rawdata/Aligned/SRR12845350_Aligned.sortedByCoord.out.bam, results/Rawdata/Aligned/SRR12845350_Aligned.toTranscriptome.sortedByCoord.out.bam
    output: results/Rawdata/HTSeq_count/SRR12845350_genes.tsv, results/Rawdata/HTSeq_count/SRR12845350_transcripts.tsv
    log: info/logs/SRR12845350.count_reads.log
    jobid: 5
    benchmark: info/benchmark/SRR12845350.count_reads.bench
    wildcards: sample=SRR12845350

Activating conda environment: /home/kasper/Git_repositories/LiverDB/.snakemake/conda/4267c048
Removing temporary output file results/Rawdata/Aligned/SRR12845350_Aligned.sortedByCoord.out.bam.
Removing temporary output file results/Rawdata/Aligned/SRR12845350_Aligned.toTranscriptome.sortedByCoord.out.bam.
[Fri Nov 13 11:03:00 2020]
Finished job 5.
10 of 15 steps (67%) done

[Fri Nov 13 11:03:00 2020]
rule tx_sort:
    input: results/Metadata/SRR8094770.json, results/Rawdata/Aligned/SRR8094770_Aligned.toTranscriptome.out.bam
    output: results/Rawdata/Aligned/SRR8094770_Aligned.toTranscriptome.sortedByCoord.out.bam
    log: info/logs/SRR8094770.tx_sort.log
    jobid: 10
    benchmark: info/benchmark/SRR8094770.tx_sort.bench
    wildcards: sample=SRR8094770
    threads: 36

Activating conda environment: /home/kasper/Git_repositories/LiverDB/.snakemake/conda/4267c048
Removing temporary output file results/Rawdata/Aligned/SRR8094770_Aligned.toTranscriptome.out.bam.
[Fri Nov 13 11:03:02 2020]
Finished job 10.
11 of 15 steps (73%) done

[Fri Nov 13 11:03:02 2020]
rule count_reads:
    input: results/Metadata/SRR8094770.json, results/Rawdata/Aligned/SRR8094770_Aligned.sortedByCoord.out.bam, results/Rawdata/Aligned/SRR8094770_Aligned.toTranscriptome.sortedByCoord.out.bam
    output: results/Rawdata/HTSeq_count/SRR8094770_genes.tsv, results/Rawdata/HTSeq_count/SRR8094770_transcripts.tsv
    log: info/logs/SRR8094770.count_reads.log
    jobid: 6
    benchmark: info/benchmark/SRR8094770.count_reads.bench
    wildcards: sample=SRR8094770

Activating conda environment: /home/kasper/Git_repositories/LiverDB/.snakemake/conda/4267c048
Removing temporary output file results/Rawdata/Aligned/SRR8094770_Aligned.sortedByCoord.out.bam.
Removing temporary output file results/Rawdata/Aligned/SRR8094770_Aligned.toTranscriptome.sortedByCoord.out.bam.
[Fri Nov 13 11:06:23 2020]
Finished job 6.
12 of 15 steps (80%) done

[Fri Nov 13 11:06:23 2020]
rule count_matrices:
    input: results/Metadata/SRR12845350.json, results/Metadata/SRR8094770.json, results/Rawdata/HTSeq_count/SRR12845350_genes.tsv, results/Rawdata/HTSeq_count/SRR8094770_genes.tsv, results/Rawdata/HTSeq_count/SRR12845350_transcripts.tsv, results/Rawdata/HTSeq_count/SRR8094770_transcripts.tsv
    output: results/Rawdata/Counts/9606/genes.tsv, results/Rawdata/Counts/9606/transcripts.tsv
    jobid: 2
    threads: 36

Activating conda environment: /home/kasper/Git_repositories/LiverDB/.snakemake/conda/db72b297
Waiting at most 5 seconds for missing files.
MissingOutputException in line 232 of /home/kasper/Git_repositories/LiverDB/workflow/Snakefile.py:
Job completed successfully, but some output files are missing. Missing files after 5 seconds:
results/Rawdata/Counts/9606/genes.tsv
results/Rawdata/Counts/9606/transcripts.tsv
This might be due to filesystem latency. If that is the case, consider to increase the wait time with --latency-wait.
Shutting down, this might take some time.
Exiting because a job execution failed. Look above for error message
Complete log: /home/kasper/Git_repositories/LiverDB/workflow/.snakemake/log/2020-11-13T103304.248754.snakemake.log
