Building DAG of jobs...
Creating conda environment workflow/envs/environment.yaml...
Downloading and installing remote packages.
Environment for workflow/envs/environment.yaml created (location: .snakemake/conda/d73e9ecf)
Using shell: /bin/bash
Provided cores: 36
Rules claiming more threads will be scaled down.
Job counts:
	count	jobs
	2	STAR_align
	1	all
	2	fastqdump
	2	metadata
	2	srafetch
	9

[Fri Nov  6 09:05:44 2020]
rule metadata:
    output: results/Metadata/SRR8094770.json
    log: info/logs/SRR8094770.metadata.log
    jobid: 5
    benchmark: info/benchmark/SRR8094770.metadata.bench
    wildcards: sample=SRR8094770

[Fri Nov  6 09:05:44 2020]
rule metadata:
    output: results/Metadata/SRR12845350.json
    log: info/logs/SRR12845350.metadata.log
    jobid: 3
    benchmark: info/benchmark/SRR12845350.metadata.bench
    wildcards: sample=SRR12845350

[Fri Nov  6 09:05:47 2020]
Finished job 5.
1 of 9 steps (11%) done

[Fri Nov  6 09:05:47 2020]
rule srafetch:
    input: results/Metadata/SRR8094770.json
    output: results/SRA/SRR8094770.sra
    log: info/logs/SRR8094770.srafetch.log
    jobid: 8
    benchmark: info/benchmark/SRR8094770.srafetch.bench
    wildcards: sample=SRR8094770

[Fri Nov  6 09:05:48 2020]
Finished job 3.
2 of 9 steps (22%) done

[Fri Nov  6 09:05:48 2020]
rule srafetch:
    input: results/Metadata/SRR12845350.json
    output: results/SRA/SRR12845350.sra
    log: info/logs/SRR12845350.srafetch.log
    jobid: 7
    benchmark: info/benchmark/SRR12845350.srafetch.bench
    wildcards: sample=SRR12845350

[Fri Nov  6 09:06:04 2020]
Finished job 7.
3 of 9 steps (33%) done

[Fri Nov  6 09:06:04 2020]
rule fastqdump:
    input: results/Metadata/SRR12845350.json, results/SRA/SRR12845350.sra
    output: results/Fastq/SRR12845350_1.fastq, results/Fastq/SRR12845350_2.fastq
    log: info/logs/SRR12845350.fastqdump.log
    jobid: 4
    benchmark: info/benchmark/SRR12845350.fastqdump.bench
    wildcards: sample=SRR12845350

[Fri Nov  6 09:06:04 2020]
Finished job 8.
4 of 9 steps (44%) done

[Fri Nov  6 09:06:04 2020]
rule fastqdump:
    input: results/Metadata/SRR8094770.json, results/SRA/SRR8094770.sra
    output: results/Fastq/SRR8094770_1.fastq, results/Fastq/SRR8094770_2.fastq
    log: info/logs/SRR8094770.fastqdump.log
    jobid: 6
    benchmark: info/benchmark/SRR8094770.fastqdump.bench
    wildcards: sample=SRR8094770

[Fri Nov  6 09:06:22 2020]
Finished job 4.
5 of 9 steps (56%) done

[Fri Nov  6 09:06:22 2020]
rule STAR_align:
    input: results/Metadata/SRR12845350.json, results/Fastq/SRR12845350_1.fastq, results/Fastq/SRR12845350_2.fastq
    output: results/STAR/SRR12845350_Aligned.sortedByCoord.out.bam, results/STAR/SRR12845350_Aligned.toTranscriptome.out.bam, results/STAR/SRR12845350_Chimeric.out.junction, results/STAR/SRR12845350_Log.final.out, results/STAR/SRR12845350_Log.out, results/STAR/SRR12845350_Log.progress.out, results/STAR/SRR12845350_SJ.out.tab
    log: info/logs/SRR12845350.star_align.log
    jobid: 1
    benchmark: info/benchmark/SRR12845350.star_align.bench
    wildcards: sample=SRR12845350
    threads: 5

Activating conda environment: /home/kasper/Git_repositories/LiverDB/.snakemake/conda/d73e9ecf
[Fri Nov  6 09:06:57 2020]
Finished job 6.
6 of 9 steps (67%) done

[Fri Nov  6 09:06:57 2020]
rule STAR_align:
    input: results/Metadata/SRR8094770.json, results/Fastq/SRR8094770_1.fastq, results/Fastq/SRR8094770_2.fastq
    output: results/STAR/SRR8094770_Aligned.sortedByCoord.out.bam, results/STAR/SRR8094770_Aligned.toTranscriptome.out.bam, results/STAR/SRR8094770_Chimeric.out.junction, results/STAR/SRR8094770_Log.final.out, results/STAR/SRR8094770_Log.out, results/STAR/SRR8094770_Log.progress.out, results/STAR/SRR8094770_SJ.out.tab
    log: info/logs/SRR8094770.star_align.log
    jobid: 2
    benchmark: info/benchmark/SRR8094770.star_align.bench
    wildcards: sample=SRR8094770
    threads: 5

Activating conda environment: /home/kasper/Git_repositories/LiverDB/.snakemake/conda/d73e9ecf
[Fri Nov  6 09:08:53 2020]
Finished job 1.
7 of 9 steps (78%) done
[Fri Nov  6 09:12:15 2020]
Finished job 2.
8 of 9 steps (89%) done

[Fri Nov  6 09:12:15 2020]
localrule all:
    input: results/STAR/SRR12845350_Aligned.sortedByCoord.out.bam, results/STAR/SRR8094770_Aligned.sortedByCoord.out.bam, results/STAR/SRR12845350_Aligned.toTranscriptome.out.bam, results/STAR/SRR8094770_Aligned.toTranscriptome.out.bam, results/STAR/SRR12845350_Chimeric.out.junction, results/STAR/SRR8094770_Chimeric.out.junction, results/STAR/SRR12845350_Log.final.out, results/STAR/SRR8094770_Log.final.out, results/STAR/SRR12845350_Log.out, results/STAR/SRR8094770_Log.out, results/STAR/SRR12845350_Log.progress.out, results/STAR/SRR8094770_Log.progress.out, results/STAR/SRR12845350_SJ.out.tab, results/STAR/SRR8094770_SJ.out.tab
    jobid: 0

[Fri Nov  6 09:12:15 2020]
Finished job 0.
9 of 9 steps (100%) done
Complete log: /home/kasper/Git_repositories/LiverDB/workflow/.snakemake/log/2020-11-06T090450.218274.snakemake.log
