Building DAG of jobs...
Using shell: /bin/bash
Provided cores: 36
Rules claiming more threads will be scaled down.
Job counts:
	count	jobs
	1	all
	2	tx_sort
	3

[Fri Nov  6 10:39:32 2020]
rule tx_sort:
    input: results/Metadata/SRR12845350.json, results/STAR/SRR12845350_Aligned.toTranscriptome.out.bam
    output: results/STAR/SRR12845350_Aligned.toTranscriptome.sortedByCoord.out.bam
    log: info/logs/SRR12845350.star_align.log
    jobid: 3
    benchmark: info/benchmark/SRR12845350.star_align.bench
    wildcards: sample=SRR12845350

[Fri Nov  6 10:39:32 2020]
rule tx_sort:
    input: results/Metadata/SRR8094770.json, results/STAR/SRR8094770_Aligned.toTranscriptome.out.bam
    output: results/STAR/SRR8094770_Aligned.toTranscriptome.sortedByCoord.out.bam
    log: info/logs/SRR8094770.star_align.log
    jobid: 4
    benchmark: info/benchmark/SRR8094770.star_align.bench
    wildcards: sample=SRR8094770

Activating conda environment: /home/kasper/Git_repositories/LiverDB/.snakemake/conda/4267c048
Activating conda environment: /home/kasper/Git_repositories/LiverDB/.snakemake/conda/4267c048
[Fri Nov  6 10:39:36 2020]
Error in rule tx_sort:
    jobid: 4
    output: results/STAR/SRR8094770_Aligned.toTranscriptome.sortedByCoord.out.bam
    log: info/logs/SRR8094770.star_align.log (check log file(s) for error message)
    conda-env: /home/kasper/Git_repositories/LiverDB/.snakemake/conda/4267c048

RuleException:
CalledProcessError in line 188 of /home/kasper/Git_repositories/LiverDB/workflow/Snakefile.py:
Command 'source /home/kasper/miniconda3/bin/activate '/home/kasper/Git_repositories/LiverDB/.snakemake/conda/4267c048'; set -euo pipefail;  /home/kasper/miniconda3/bin/python3.7 /home/kasper/Git_repositories/LiverDB/.snakemake/scripts/tmpj8ozinxw.tx_sort.py' returned non-zero exit status 1.
  File "/home/kasper/Git_repositories/LiverDB/workflow/Snakefile.py", line 188, in __rule_tx_sort
  File "/home/kasper/miniconda3/lib/python3.7/concurrent/futures/thread.py", line 57, in run
Removing temporary output file results/STAR/SRR12845350_Aligned.toTranscriptome.out.bam.
[Fri Nov  6 10:41:31 2020]
Finished job 3.
1 of 3 steps (33%) done
Shutting down, this might take some time.
Exiting because a job execution failed. Look above for error message
Complete log: /home/kasper/Git_repositories/LiverDB/workflow/.snakemake/log/2020-11-06T103932.574045.snakemake.log
