Building DAG of jobs...
Using shell: /bin/bash
Provided cores: 36
Rules claiming more threads will be scaled down.
Job counts:
	count	jobs
	1	all
	1	zero_intolerance
	2

[Thu Nov 12 15:49:50 2020]
rule zero_intolerance:
    input: results/Rawdata/Counts/9606/genes.tsv, results/Rawdata/Counts/9606/transcripts.tsv
    output: results/Counts/9606/genes.tsv, results/Counts/9606/transcript.tsv
    jobid: 1
    wildcards: species=9606
    threads: 36

Activating conda environment: /home/kasper/Git_repositories/LiverDB/.snakemake/conda/db72b297
[Thu Nov 12 15:49:56 2020]
Finished job 1.
1 of 2 steps (50%) done

[Thu Nov 12 15:49:56 2020]
localrule all:
    input: results/Counts/9606/genes.tsv
    jobid: 0

[Thu Nov 12 15:49:56 2020]
Finished job 0.
2 of 2 steps (100%) done
Complete log: /home/kasper/Git_repositories/LiverDB/workflow/.snakemake/log/2020-11-12T154950.450829.snakemake.log
