Building DAG of jobs...
Using shell: /bin/bash
Provided cores: 36
Rules claiming more threads will be scaled down.
Job counts:
	count	jobs
	2	STAR_align
	1	all
	2	fastqdump
	2	srafetch
	2	tx_sort
	9

[Fri Nov  6 10:27:46 2020]
rule srafetch:
    input: results/Metadata/SRR12845350.json
    output: results/SRA/SRR12845350.sra
    log: info/logs/SRR12845350.srafetch.log
    jobid: 9
    benchmark: info/benchmark/SRR12845350.srafetch.bench
    wildcards: sample=SRR12845350

[Fri Nov  6 10:27:46 2020]
rule srafetch:
    input: results/Metadata/SRR8094770.json
    output: results/SRA/SRR8094770.sra
    log: info/logs/SRR8094770.srafetch.log
    jobid: 10
    benchmark: info/benchmark/SRR8094770.srafetch.bench
    wildcards: sample=SRR8094770

Activating conda environment: /home/kasper/Git_repositories/LiverDB/.snakemake/conda/f0208fbb
Activating conda environment: /home/kasper/Git_repositories/LiverDB/.snakemake/conda/f0208fbb
[Fri Nov  6 10:28:07 2020]
Finished job 9.
1 of 9 steps (11%) done

[Fri Nov  6 10:28:07 2020]
rule fastqdump:
    input: results/Metadata/SRR12845350.json, results/SRA/SRR12845350.sra
    output: results/Fastq/SRR12845350_1.fastq, results/Fastq/SRR12845350_2.fastq
    log: info/logs/SRR12845350.fastqdump.log
    jobid: 7
    benchmark: info/benchmark/SRR12845350.fastqdump.bench
    wildcards: sample=SRR12845350

[Fri Nov  6 10:28:08 2020]
Finished job 10.
2 of 9 steps (22%) done

[Fri Nov  6 10:28:08 2020]
rule fastqdump:
    input: results/Metadata/SRR8094770.json, results/SRA/SRR8094770.sra
    output: results/Fastq/SRR8094770_1.fastq, results/Fastq/SRR8094770_2.fastq
    log: info/logs/SRR8094770.fastqdump.log
    jobid: 8
    benchmark: info/benchmark/SRR8094770.fastqdump.bench
    wildcards: sample=SRR8094770

Activating conda environment: /home/kasper/Git_repositories/LiverDB/.snakemake/conda/f0208fbb
Activating conda environment: /home/kasper/Git_repositories/LiverDB/.snakemake/conda/f0208fbb
Removing temporary output file results/SRA/SRR12845350.sra.
[Fri Nov  6 10:28:26 2020]
Finished job 7.
3 of 9 steps (33%) done

[Fri Nov  6 10:28:26 2020]
rule STAR_align:
    input: results/Metadata/SRR12845350.json, results/Fastq/SRR12845350_1.fastq, results/Fastq/SRR12845350_2.fastq
    output: results/STAR/SRR12845350_Aligned.sortedByCoord.out.bam, results/STAR/SRR12845350_Aligned.toTranscriptome.out.bam, results/STAR/SRR12845350_Chimeric.out.junction, results/STAR/SRR12845350_Log.final.out, results/STAR/SRR12845350_Log.out, results/STAR/SRR12845350_Log.progress.out, results/STAR/SRR12845350_SJ.out.tab
    log: info/logs/SRR12845350.star_align.log
    jobid: 5
    benchmark: info/benchmark/SRR12845350.star_align.bench
    wildcards: sample=SRR12845350
    threads: 5

Activating conda environment: /home/kasper/Git_repositories/LiverDB/.snakemake/conda/fd596e9f
Removing temporary output file results/SRA/SRR8094770.sra.
[Fri Nov  6 10:29:00 2020]
Finished job 8.
4 of 9 steps (44%) done

[Fri Nov  6 10:29:00 2020]
rule STAR_align:
    input: results/Metadata/SRR8094770.json, results/Fastq/SRR8094770_1.fastq, results/Fastq/SRR8094770_2.fastq
    output: results/STAR/SRR8094770_Aligned.sortedByCoord.out.bam, results/STAR/SRR8094770_Aligned.toTranscriptome.out.bam, results/STAR/SRR8094770_Chimeric.out.junction, results/STAR/SRR8094770_Log.final.out, results/STAR/SRR8094770_Log.out, results/STAR/SRR8094770_Log.progress.out, results/STAR/SRR8094770_SJ.out.tab
    log: info/logs/SRR8094770.star_align.log
    jobid: 6
    benchmark: info/benchmark/SRR8094770.star_align.bench
    wildcards: sample=SRR8094770
    threads: 5

Activating conda environment: /home/kasper/Git_repositories/LiverDB/.snakemake/conda/fd596e9f
Removing temporary output file results/Fastq/SRR12845350_2.fastq.
Removing temporary output file results/Fastq/SRR12845350_1.fastq.
Removing temporary output file results/STAR/SRR12845350_Log.progress.out.
[Fri Nov  6 10:30:54 2020]
Finished job 5.
5 of 9 steps (56%) done

[Fri Nov  6 10:30:54 2020]
rule tx_sort:
    input: results/Metadata/SRR12845350.json, results/STAR/SRR12845350_Aligned.toTranscriptome.out.bam
    output: results/STAR/SRR12845350_Aligned.toTranscriptome.sortedByCoord.out.bam
    log: info/logs/SRR12845350.star_align.log
    jobid: 3
    benchmark: info/benchmark/SRR12845350.star_align.bench
    wildcards: sample=SRR12845350

Activating conda environment: /home/kasper/Git_repositories/LiverDB/.snakemake/conda/4267c048
[Fri Nov  6 10:30:56 2020]
Error in rule tx_sort:
    jobid: 3
    output: results/STAR/SRR12845350_Aligned.toTranscriptome.sortedByCoord.out.bam
    log: info/logs/SRR12845350.star_align.log (check log file(s) for error message)
    conda-env: /home/kasper/Git_repositories/LiverDB/.snakemake/conda/4267c048

RuleException:
CalledProcessError in line 188 of /home/kasper/Git_repositories/LiverDB/workflow/Snakefile.py:
Command 'source /home/kasper/miniconda3/bin/activate '/home/kasper/Git_repositories/LiverDB/.snakemake/conda/4267c048'; set -euo pipefail;  /home/kasper/miniconda3/bin/python3.7 /home/kasper/Git_repositories/LiverDB/.snakemake/scripts/tmpdm6_7cf9.tx_sort.py' returned non-zero exit status 1.
  File "/home/kasper/Git_repositories/LiverDB/workflow/Snakefile.py", line 188, in __rule_tx_sort
  File "/home/kasper/miniconda3/lib/python3.7/concurrent/futures/thread.py", line 57, in run
Terminating processes on user request, this might take some time.
[Fri Nov  6 10:33:38 2020]
Error in rule STAR_align:
    jobid: 6
    output: results/STAR/SRR8094770_Aligned.sortedByCoord.out.bam, results/STAR/SRR8094770_Aligned.toTranscriptome.out.bam, results/STAR/SRR8094770_Chimeric.out.junction, results/STAR/SRR8094770_Log.final.out, results/STAR/SRR8094770_Log.out, results/STAR/SRR8094770_Log.progress.out, results/STAR/SRR8094770_SJ.out.tab
    log: info/logs/SRR8094770.star_align.log (check log file(s) for error message)
    conda-env: /home/kasper/Git_repositories/LiverDB/.snakemake/conda/fd596e9f

RuleException:
CalledProcessError in line 165 of /home/kasper/Git_repositories/LiverDB/workflow/Snakefile.py:
Command 'source /home/kasper/miniconda3/bin/activate '/home/kasper/Git_repositories/LiverDB/.snakemake/conda/fd596e9f'; set -euo pipefail;  /home/kasper/miniconda3/bin/python3.7 /home/kasper/Git_repositories/LiverDB/.snakemake/scripts/tmplbjd_80a.star_align.py' returned non-zero exit status 1.
  File "/home/kasper/Git_repositories/LiverDB/workflow/Snakefile.py", line 165, in __rule_STAR_align
  File "/home/kasper/miniconda3/lib/python3.7/concurrent/futures/thread.py", line 57, in run
Removing output files of failed job STAR_align since they might be corrupted:
results/STAR/SRR8094770_Aligned.sortedByCoord.out.bam, results/STAR/SRR8094770_Aligned.toTranscriptome.out.bam, results/STAR/SRR8094770_Chimeric.out.junction, results/STAR/SRR8094770_Log.out, results/STAR/SRR8094770_Log.progress.out
Complete log: /home/kasper/Git_repositories/LiverDB/workflow/.snakemake/log/2020-11-06T102746.093650.snakemake.log
