Building DAG of jobs...
Using shell: /bin/bash
Provided cores: 10
Rules claiming more threads will be scaled down.
Job counts:
	count	jobs
	2	STAR_align
	1	all
	2	fastqdump
	2	metadata
	2	srafetch
	9

[Thu Nov  5 15:32:12 2020]
rule metadata:
    output: results/Metadata/SRR12845350.json
    log: info/logs/SRR12845350.metadata.log
    jobid: 3
    benchmark: info/benchmark/SRR12845350.metadata.bench
    wildcards: sample=SRR12845350

[Thu Nov  5 15:32:12 2020]
rule metadata:
    output: results/Metadata/SRR8094770.json
    log: info/logs/SRR8094770.metadata.log
    jobid: 5
    benchmark: info/benchmark/SRR8094770.metadata.bench
    wildcards: sample=SRR8094770

[Thu Nov  5 15:32:16 2020]
Finished job 5.
1 of 9 steps (11%) done

[Thu Nov  5 15:32:16 2020]
rule srafetch:
    input: results/Metadata/SRR8094770.json
    output: results/SRA/SRR8094770.sra
    log: info/logs/SRR8094770.srafetch.log
    jobid: 8
    benchmark: info/benchmark/SRR8094770.srafetch.bench
    wildcards: sample=SRR8094770

Waiting at most 5 seconds for missing files.
MissingOutputException in line 59 of /home/kasper/Git_repositories/LiverDB/workflow/Snakefile.py:
Job completed successfully, but some output files are missing. Missing files after 5 seconds:
results/Metadata/SRR12845350.json
This might be due to filesystem latency. If that is the case, consider to increase the wait time with --latency-wait.
Terminating processes on user request, this might take some time.
[Thu Nov  5 15:32:23 2020]
Error in rule srafetch:
    jobid: 8
    output: results/SRA/SRR8094770.sra
    log: info/logs/SRR8094770.srafetch.log (check log file(s) for error message)

RuleException:
CalledProcessError in line 90 of /home/kasper/Git_repositories/LiverDB/workflow/Snakefile.py:
Command 'set -euo pipefail;  /home/kasper/miniconda3/bin/python3.7 /home/kasper/Git_repositories/LiverDB/.snakemake/scripts/tmpms24sb_5.sraprefetch.py' returned non-zero exit status 1.
  File "/home/kasper/Git_repositories/LiverDB/workflow/Snakefile.py", line 90, in __rule_srafetch
  File "/home/kasper/miniconda3/lib/python3.7/concurrent/futures/thread.py", line 57, in run
Complete log: /home/kasper/Git_repositories/LiverDB/workflow/.snakemake/log/2020-11-05T153212.763173.snakemake.log
